{"$message_type":"diagnostic","message":"unresolved import `soroban_sdk::testutils`","code":{"code":"E0432","explanation":"An import was unresolved.\n\nErroneous code example:\n\n```compile_fail,E0432\nuse something::Foo; // error: unresolved import `something::Foo`.\n```\n\nIn Rust 2015, paths in `use` statements are relative to the crate root. To\nimport items relative to the current and parent modules, use the `self::` and\n`super::` prefixes, respectively.\n\nIn Rust 2018 or later, paths in `use` statements are relative to the current\nmodule unless they begin with the name of a crate or a literal `crate::`, in\nwhich case they start from the crate root. As in Rust 2015 code, the `self::`\nand `super::` prefixes refer to the current and parent modules respectively.\n\nAlso verify that you didn't misspell the import name and that the import exists\nin the module from where you tried to import it. Example:\n\n```\nuse self::something::Foo; // Ok.\n\nmod something {\n    pub struct Foo;\n}\n# fn main() {}\n```\n\nIf you tried to use a module from an external crate and are using Rust 2015,\nyou may have missed the `extern crate` declaration (which is usually placed in\nthe crate root):\n\n```edition2015\nextern crate core; // Required to use the `core` crate in Rust 2015.\n\nuse core::any;\n# fn main() {}\n```\n\nSince Rust 2018 the `extern crate` declaration is not required and\nyou can instead just `use` it:\n\n```edition2018\nuse core::any; // No extern crate required in Rust 2018.\n# fn main() {}\n```\n"},"level":"error","spans":[{"file_name":"src\\test.rs","byte_start":54,"byte_end":63,"line_start":4,"line_end":4,"column_start":5,"column_end":14,"is_primary":true,"text":[{"text":"    testutils::{Address as _, AuthorizedFunction, AuthorizedInvocation},","highlight_start":5,"highlight_end":14}],"label":"could not find `testutils` in `soroban_sdk`","suggested_replacement":null,"suggestion_applicability":null,"expansion":null}],"children":[{"message":"found an item that was configured out","code":null,"level":"note","spans":[{"file_name":"C:\\Users\\Computer\\.cargo\\registry\\src\\index.crates.io-1949cf8c6b5b557f\\soroban-sdk-21.7.7\\src\\testutils.rs","byte_start":10,"byte_end":39,"line_start":1,"line_end":1,"column_start":11,"column_end":40,"is_primary":false,"text":[{"text":"#![cfg(any(test, feature = \"testutils\"))]","highlight_start":11,"highlight_end":40}],"label":"the item is gated here","suggested_replacement":null,"suggestion_applicability":null,"expansion":null},{"file_name":"C:\\Users\\Computer\\.cargo\\registry\\src\\index.crates.io-1949cf8c6b5b557f\\soroban-sdk-21.7.7\\src\\lib.rs","byte_start":24993,"byte_end":25002,"line_start":818,"line_end":818,"column_start":9,"column_end":18,"is_primary":true,"text":[{"text":"pub mod testutils;","highlight_start":9,"highlight_end":18}],"label":null,"suggested_replacement":null,"suggestion_applicability":null,"expansion":null}],"children":[],"rendered":null}],"rendered":"\u001b[1m\u001b[91merror[E0432]\u001b[0m\u001b[1m\u001b[97m: unresolved import `soroban_sdk::testutils`\u001b[0m\n   \u001b[1m\u001b[96m--> \u001b[0msrc\\test.rs:4:5\n    \u001b[1m\u001b[96m|\u001b[0m\n  \u001b[1m\u001b[96m4\u001b[0m \u001b[1m\u001b[96m|\u001b[0m     testutils::{Address as _, AuthorizedFunction, AuthorizedInvocation},\n    \u001b[1m\u001b[96m|\u001b[0m     \u001b[1m\u001b[91m^^^^^^^^^\u001b[0m \u001b[1m\u001b[91mcould not find `testutils` in `soroban_sdk`\u001b[0m\n    \u001b[1m\u001b[96m|\u001b[0m\n\u001b[1m\u001b[92mnote\u001b[0m: found an item that was configured out\n   \u001b[1m\u001b[96m--> \u001b[0mC:\\Users\\Computer\\.cargo\\registry\\src\\index.crates.io-1949cf8c6b5b557f\\soroban-sdk-21.7.7\\src\\lib.rs:818:9\n    \u001b[1m\u001b[96m|\u001b[0m\n\u001b[1m\u001b[96m818\u001b[0m \u001b[1m\u001b[96m|\u001b[0m pub mod testutils;\n    \u001b[1m\u001b[96m|\u001b[0m         \u001b[1m\u001b[92m^^^^^^^^^\u001b[0m\n    \u001b[1m\u001b[96m|\u001b[0m\n   \u001b[1m\u001b[96m::: \u001b[0mC:\\Users\\Computer\\.cargo\\registry\\src\\index.crates.io-1949cf8c6b5b557f\\soroban-sdk-21.7.7\\src\\testutils.rs:1:11\n    \u001b[1m\u001b[96m|\u001b[0m\n  \u001b[1m\u001b[96m1\u001b[0m \u001b[1m\u001b[96m|\u001b[0m #![cfg(any(test, feature = \"testutils\"))]\n    \u001b[1m\u001b[96m|\u001b[0m           \u001b[1m\u001b[96m-----------------------------\u001b[0m \u001b[1m\u001b[96mthe item is gated here\u001b[0m\n\n"}
{"$message_type":"diagnostic","message":"unused imports: `IntoVal` and `Symbol`","code":{"code":"unused_imports","explanation":null},"level":"warning","spans":[{"file_name":"src\\test.rs","byte_start":149,"byte_end":156,"line_start":5,"line_end":5,"column_start":26,"column_end":33,"is_primary":true,"text":[{"text":"    token, Address, Env, IntoVal, Symbol,","highlight_start":26,"highlight_end":33}],"label":null,"suggested_replacement":null,"suggestion_applicability":null,"expansion":null},{"file_name":"src\\test.rs","byte_start":158,"byte_end":164,"line_start":5,"line_end":5,"column_start":35,"column_end":41,"is_primary":true,"text":[{"text":"    token, Address, Env, IntoVal, Symbol,","highlight_start":35,"highlight_end":41}],"label":null,"suggested_replacement":null,"suggestion_applicability":null,"expansion":null}],"children":[{"message":"`#[warn(unused_imports)]` (part of `#[warn(unused)]`) on by default","code":null,"level":"note","spans":[],"children":[],"rendered":null},{"message":"remove the unused imports","code":null,"level":"help","spans":[{"file_name":"src\\test.rs","byte_start":147,"byte_end":164,"line_start":5,"line_end":5,"column_start":24,"column_end":41,"is_primary":true,"text":[{"text":"    token, Address, Env, IntoVal, Symbol,","highlight_start":24,"highlight_end":41}],"label":null,"suggested_replacement":"","suggestion_applicability":"MachineApplicable","expansion":null}],"children":[],"rendered":null}],"rendered":"\u001b[1m\u001b[93mwarning\u001b[0m\u001b[1m\u001b[97m: unused imports: `IntoVal` and `Symbol`\u001b[0m\n \u001b[1m\u001b[96m--> \u001b[0msrc\\test.rs:5:26\n  \u001b[1m\u001b[96m|\u001b[0m\n\u001b[1m\u001b[96m5\u001b[0m \u001b[1m\u001b[96m|\u001b[0m     token, Address, Env, IntoVal, Symbol,\n  \u001b[1m\u001b[96m|\u001b[0m                          \u001b[1m\u001b[93m^^^^^^^\u001b[0m  \u001b[1m\u001b[93m^^^^^^\u001b[0m\n  \u001b[1m\u001b[96m|\u001b[0m\n  \u001b[1m\u001b[96m= \u001b[0m\u001b[1m\u001b[97mnote\u001b[0m: `#[warn(unused_imports)]` (part of `#[warn(unused)]`) on by default\n\n"}
{"$message_type":"diagnostic","message":"no method named `register_stellar_asset_contract` found for reference `&Env` in the current scope","code":{"code":"E0599","explanation":"This error occurs when a method is used on a type which doesn't implement it:\n\nErroneous code example:\n\n```compile_fail,E0599\nstruct Mouth;\n\nlet x = Mouth;\nx.chocolate(); // error: no method named `chocolate` found for type `Mouth`\n               //        in the current scope\n```\n\nIn this case, you need to implement the `chocolate` method to fix the error:\n\n```\nstruct Mouth;\n\nimpl Mouth {\n    fn chocolate(&self) { // We implement the `chocolate` method here.\n        println!(\"Hmmm! I love chocolate!\");\n    }\n}\n\nlet x = Mouth;\nx.chocolate(); // ok!\n```\n"},"level":"error","spans":[{"file_name":"src\\test.rs","byte_start":296,"byte_end":327,"line_start":9,"line_end":9,"column_start":32,"column_end":63,"is_primary":true,"text":[{"text":"    let contract_address = env.register_stellar_asset_contract(admin.clone());","highlight_start":32,"highlight_end":63}],"label":null,"suggested_replacement":null,"suggestion_applicability":null,"expansion":null}],"children":[{"message":"there is a method `create_asset_contract` with a similar name","code":null,"level":"help","spans":[{"file_name":"src\\test.rs","byte_start":296,"byte_end":327,"line_start":9,"line_end":9,"column_start":32,"column_end":63,"is_primary":true,"text":[{"text":"    let contract_address = env.register_stellar_asset_contract(admin.clone());","highlight_start":32,"highlight_end":63}],"label":null,"suggested_replacement":"create_asset_contract","suggestion_applicability":"MaybeIncorrect","expansion":null}],"children":[],"rendered":null}],"rendered":"\u001b[1m\u001b[91merror[E0599]\u001b[0m\u001b[1m\u001b[97m: no method named `register_stellar_asset_contract` found for reference `&Env` in the current scope\u001b[0m\n \u001b[1m\u001b[96m--> \u001b[0msrc\\test.rs:9:32\n  \u001b[1m\u001b[96m|\u001b[0m\n\u001b[1m\u001b[96m9\u001b[0m \u001b[1m\u001b[96m|\u001b[0m     let contract_address = env.register_stellar_asset_contract(admin.clone());\n  \u001b[1m\u001b[96m|\u001b[0m                                \u001b[1m\u001b[91m^^^^^^^^^^^^^^^^^^^^^^^^^^^^^^^\u001b[0m\n  \u001b[1m\u001b[96m|\u001b[0m\n\u001b[1m\u001b[96mhelp\u001b[0m: there is a method `create_asset_contract` with a similar name\n  \u001b[1m\u001b[96m|\u001b[0m\n\u001b[1m\u001b[96m9\u001b[0m \u001b[91m- \u001b[0m    let contract_address = env.\u001b[91mregister_stellar_asset_contract\u001b[0m(admin.clone());\n\u001b[1m\u001b[96m9\u001b[0m \u001b[92m+ \u001b[0m    let contract_address = env.\u001b[92mcreate_asset_contract\u001b[0m(admin.clone());\n  \u001b[1m\u001b[96m|\u001b[0m\n\n"}
{"$message_type":"diagnostic","message":"no method named `mock_all_auths` found for struct `Env` in the current scope","code":{"code":"E0599","explanation":"This error occurs when a method is used on a type which doesn't implement it:\n\nErroneous code example:\n\n```compile_fail,E0599\nstruct Mouth;\n\nlet x = Mouth;\nx.chocolate(); // error: no method named `chocolate` found for type `Mouth`\n               //        in the current scope\n```\n\nIn this case, you need to implement the `chocolate` method to fix the error:\n\n```\nstruct Mouth;\n\nimpl Mouth {\n    fn chocolate(&self) { // We implement the `chocolate` method here.\n        println!(\"Hmmm! I love chocolate!\");\n    }\n}\n\nlet x = Mouth;\nx.chocolate(); // ok!\n```\n"},"level":"error","spans":[{"file_name":"src\\test.rs","byte_start":537,"byte_end":551,"line_start":17,"line_end":17,"column_start":9,"column_end":23,"is_primary":true,"text":[{"text":"    env.mock_all_auths();","highlight_start":9,"highlight_end":23}],"label":"method not found in `Env`","suggested_replacement":null,"suggestion_applicability":null,"expansion":null}],"children":[],"rendered":"\u001b[1m\u001b[91merror[E0599]\u001b[0m\u001b[1m\u001b[97m: no method named `mock_all_auths` found for struct `Env` in the current scope\u001b[0m\n  \u001b[1m\u001b[96m--> \u001b[0msrc\\test.rs:17:9\n   \u001b[1m\u001b[96m|\u001b[0m\n\u001b[1m\u001b[96m17\u001b[0m \u001b[1m\u001b[96m|\u001b[0m     env.mock_all_auths();\n   \u001b[1m\u001b[96m|\u001b[0m         \u001b[1m\u001b[91m^^^^^^^^^^^^^^\u001b[0m \u001b[1m\u001b[91mmethod not found in `Env`\u001b[0m\n\n"}
{"$message_type":"diagnostic","message":"no method named `register_contract` found for struct `Env` in the current scope","code":{"code":"E0599","explanation":"This error occurs when a method is used on a type which doesn't implement it:\n\nErroneous code example:\n\n```compile_fail,E0599\nstruct Mouth;\n\nlet x = Mouth;\nx.chocolate(); // error: no method named `chocolate` found for type `Mouth`\n               //        in the current scope\n```\n\nIn this case, you need to implement the `chocolate` method to fix the error:\n\n```\nstruct Mouth;\n\nimpl Mouth {\n    fn chocolate(&self) { // We implement the `chocolate` method here.\n        println!(\"Hmmm! I love chocolate!\");\n    }\n}\n\nlet x = Mouth;\nx.chocolate(); // ok!\n```\n"},"level":"error","spans":[{"file_name":"src\\test.rs","byte_start":584,"byte_end":601,"line_start":19,"line_end":19,"column_start":27,"column_end":44,"is_primary":true,"text":[{"text":"    let contract_id = env.register_contract(None, EscrowContract);","highlight_start":27,"highlight_end":44}],"label":null,"suggested_replacement":null,"suggestion_applicability":null,"expansion":null}],"children":[{"message":"there is a method `create_contract` with a similar name, but with different arguments","code":null,"level":"help","spans":[{"file_name":"C:\\Users\\Computer\\.cargo\\registry\\src\\index.crates.io-1949cf8c6b5b557f\\soroban-env-common-21.2.1\\src\\env.rs","byte_start":15110,"byte_end":15173,"line_start":346,"line_end":346,"column_start":9,"column_end":72,"is_primary":true,"text":[{"text":"        fn $fn_id(&self, $($arg:$type),*) -> Result<$ret, Self::Error>;","highlight_start":9,"highlight_end":72}],"label":null,"suggested_replacement":null,"suggestion_applicability":null,"expansion":{"span":{"file_name":"C:\\Users\\Computer\\.cargo\\registry\\src\\index.crates.io-1949cf8c6b5b557f\\soroban-env-common-21.2.1\\src\\env.rs","byte_start":17619,"byte_end":17713,"line_start":399,"line_end":399,"column_start":21,"column_end":115,"is_primary":false,"text":[{"text":"                    host_function_helper!{$($min_proto)?, $($max_proto)?, $(#[$fn_attr])* fn $fn_id $args -> $ret}","highlight_start":21,"highlight_end":115}],"label":null,"suggested_replacement":null,"suggestion_applicability":null,"expansion":{"span":{"file_name":"C:\\Users\\Computer\\.cargo\\registry\\src\\index.crates.io-1949cf8c6b5b557f\\soroban-env-common-21.2.1\\src\\env.rs","byte_start":14383,"byte_end":14439,"line_start":325,"line_end":325,"column_start":1,"column_end":57,"is_primary":false,"text":[{"text":"generate_call_macro_with_all_host_functions!(\"env.json\");","highlight_start":1,"highlight_end":57}],"label":null,"suggested_replacement":null,"suggestion_applicability":null,"expansion":{"span":{"file_name":"C:\\Users\\Computer\\.cargo\\registry\\src\\index.crates.io-1949cf8c6b5b557f\\soroban-env-common-21.2.1\\src\\env.rs","byte_start":17848,"byte_end":17906,"line_start":407,"line_end":407,"column_start":1,"column_end":59,"is_primary":false,"text":[{"text":"call_macro_with_all_host_functions! { generate_env_trait }","highlight_start":1,"highlight_end":59}],"label":null,"suggested_replacement":null,"suggestion_applicability":null,"expansion":null},"macro_decl_name":"call_macro_with_all_host_functions!","def_site_span":{"file_name":"C:\\Users\\Computer\\.cargo\\registry\\src\\index.crates.io-1949cf8c6b5b557f\\soroban-env-common-21.2.1\\src\\env.rs","byte_start":14383,"byte_end":14439,"line_start":325,"line_end":325,"column_start":1,"column_end":57,"is_primary":false,"text":[{"text":"generate_call_macro_with_all_host_functions!(\"env.json\");","highlight_start":1,"highlight_end":57}],"label":null,"suggested_replacement":null,"suggestion_applicability":null,"expansion":null}}},"macro_decl_name":"generate_env_trait!","def_site_span":{"file_name":"C:\\Users\\Computer\\.cargo\\registry\\src\\index.crates.io-1949cf8c6b5b557f\\soroban-env-common-21.2.1\\src\\env.rs","byte_start":15426,"byte_end":15457,"line_start":354,"line_end":354,"column_start":1,"column_end":32,"is_primary":false,"text":[{"text":"macro_rules! generate_env_trait {","highlight_start":1,"highlight_end":32}],"label":null,"suggested_replacement":null,"suggestion_applicability":null,"expansion":null}}},"macro_decl_name":"host_function_helper!","def_site_span":{"file_name":"C:\\Users\\Computer\\.cargo\\registry\\src\\index.crates.io-1949cf8c6b5b557f\\soroban-env-common-21.2.1\\src\\env.rs","byte_start":14882,"byte_end":14915,"line_start":338,"line_end":338,"column_start":1,"column_end":34,"is_primary":false,"text":[{"text":"macro_rules! host_function_helper {","highlight_start":1,"highlight_end":34}],"label":null,"suggested_replacement":null,"suggestion_applicability":null,"expansion":null}}}],"children":[],"rendered":null}],"rendered":"\u001b[1m\u001b[91merror[E0599]\u001b[0m\u001b[1m\u001b[97m: no method named `register_contract` found for struct `Env` in the current scope\u001b[0m\n   \u001b[1m\u001b[96m--> \u001b[0msrc\\test.rs:19:27\n    \u001b[1m\u001b[96m|\u001b[0m\n \u001b[1m\u001b[96m19\u001b[0m \u001b[1m\u001b[96m|\u001b[0m     let contract_id = env.register_contract(None, EscrowContract);\n    \u001b[1m\u001b[96m|\u001b[0m                           \u001b[1m\u001b[91m^^^^^^^^^^^^^^^^^\u001b[0m\n    \u001b[1m\u001b[96m|\u001b[0m\n\u001b[1m\u001b[96mhelp\u001b[0m: there is a method `create_contract` with a similar name, but with different arguments\n   \u001b[1m\u001b[96m--> \u001b[0mC:\\Users\\Computer\\.cargo\\registry\\src\\index.crates.io-1949cf8c6b5b557f\\soroban-env-common-21.2.1\\src\\env.rs:407:1\n    \u001b[1m\u001b[96m|\u001b[0m\n\u001b[1m\u001b[96m407\u001b[0m \u001b[1m\u001b[96m|\u001b[0m call_macro_with_all_host_functions! { generate_env_trait }\n    \u001b[1m\u001b[96m|\u001b[0m \u001b[1m\u001b[96m^^^^^^^^^^^^^^^^^^^^^^^^^^^^^^^^^^^^^^^^^^^^^^^^^^^^^^^^^^\u001b[0m\n    \u001b[1m\u001b[96m= \u001b[0m\u001b[1m\u001b[97mnote\u001b[0m: this error originates in the macro `host_function_helper` which comes from the expansion of the macro `call_macro_with_all_host_functions` (in Nightly builds, run with -Z macro-backtrace for more info)\n\n"}
{"$message_type":"diagnostic","message":"no function or associated item named `generate` found for struct `soroban_sdk::Address` in the current scope","code":{"code":"E0599","explanation":"This error occurs when a method is used on a type which doesn't implement it:\n\nErroneous code example:\n\n```compile_fail,E0599\nstruct Mouth;\n\nlet x = Mouth;\nx.chocolate(); // error: no method named `chocolate` found for type `Mouth`\n               //        in the current scope\n```\n\nIn this case, you need to implement the `chocolate` method to fix the error:\n\n```\nstruct Mouth;\n\nimpl Mouth {\n    fn chocolate(&self) { // We implement the `chocolate` method here.\n        println!(\"Hmmm! I love chocolate!\");\n    }\n}\n\nlet x = Mouth;\nx.chocolate(); // ok!\n```\n"},"level":"error","spans":[{"file_name":"src\\test.rs","byte_start":724,"byte_end":732,"line_start":22,"line_end":22,"column_start":32,"column_end":40,"is_primary":true,"text":[{"text":"    let client_addr = Address::generate(&env);","highlight_start":32,"highlight_end":40}],"label":"function or associated item not found in `soroban_sdk::Address`","suggested_replacement":null,"suggestion_applicability":null,"expansion":null}],"children":[{"message":"if you're trying to build a new `soroban_sdk::Address` consider using one of the following associated functions:\nsoroban_sdk::Address::from_string\nsoroban_sdk::Address::from_string_bytes","code":null,"level":"note","spans":[{"file_name":"C:\\Users\\Computer\\.cargo\\registry\\src\\index.crates.io-1949cf8c6b5b557f\\soroban-sdk-21.7.7\\src\\address.rs","byte_start":7959,"byte_end":8002,"line_start":235,"line_end":235,"column_start":5,"column_end":48,"is_primary":true,"text":[{"text":"    pub fn from_string(strkey: &String) -> Self {","highlight_start":5,"highlight_end":48}],"label":null,"suggested_replacement":null,"suggestion_applicability":null,"expansion":null},{"file_name":"C:\\Users\\Computer\\.cargo\\registry\\src\\index.crates.io-1949cf8c6b5b557f\\soroban-sdk-21.7.7\\src\\address.rs","byte_start":8914,"byte_end":8962,"line_start":257,"line_end":257,"column_start":5,"column_end":53,"is_primary":true,"text":[{"text":"    pub fn from_string_bytes(strkey: &Bytes) -> Self {","highlight_start":5,"highlight_end":53}],"label":null,"suggested_replacement":null,"suggestion_applicability":null,"expansion":null}],"children":[],"rendered":null}],"rendered":"\u001b[1m\u001b[91merror[E0599]\u001b[0m\u001b[1m\u001b[97m: no function or associated item named `generate` found for struct `soroban_sdk::Address` in the current scope\u001b[0m\n   \u001b[1m\u001b[96m--> \u001b[0msrc\\test.rs:22:32\n    \u001b[1m\u001b[96m|\u001b[0m\n \u001b[1m\u001b[96m22\u001b[0m \u001b[1m\u001b[96m|\u001b[0m     let client_addr = Address::generate(&env);\n    \u001b[1m\u001b[96m|\u001b[0m                                \u001b[1m\u001b[91m^^^^^^^^\u001b[0m \u001b[1m\u001b[91mfunction or associated item not found in `soroban_sdk::Address`\u001b[0m\n    \u001b[1m\u001b[96m|\u001b[0m\n\u001b[1m\u001b[92mnote\u001b[0m: if you're trying to build a new `soroban_sdk::Address` consider using one of the following associated functions:\n      soroban_sdk::Address::from_string\n      soroban_sdk::Address::from_string_bytes\n   \u001b[1m\u001b[96m--> \u001b[0mC:\\Users\\Computer\\.cargo\\registry\\src\\index.crates.io-1949cf8c6b5b557f\\soroban-sdk-21.7.7\\src\\address.rs:235:5\n    \u001b[1m\u001b[96m|\u001b[0m\n\u001b[1m\u001b[96m235\u001b[0m \u001b[1m\u001b[96m|\u001b[0m     pub fn from_string(strkey: &String) -> Self {\n    \u001b[1m\u001b[96m|\u001b[0m     \u001b[1m\u001b[92m^^^^^^^^^^^^^^^^^^^^^^^^^^^^^^^^^^^^^^^^^^^\u001b[0m\n\u001b[1m\u001b[96m...\u001b[0m\n\u001b[1m\u001b[96m257\u001b[0m \u001b[1m\u001b[96m|\u001b[0m     pub fn from_string_bytes(strkey: &Bytes) -> Self {\n    \u001b[1m\u001b[96m|\u001b[0m     \u001b[1m\u001b[92m^^^^^^^^^^^^^^^^^^^^^^^^^^^^^^^^^^^^^^^^^^^^^^^^\u001b[0m\n\n"}
{"$message_type":"diagnostic","message":"no function or associated item named `generate` found for struct `soroban_sdk::Address` in the current scope","code":{"code":"E0599","explanation":"This error occurs when a method is used on a type which doesn't implement it:\n\nErroneous code example:\n\n```compile_fail,E0599\nstruct Mouth;\n\nlet x = Mouth;\nx.chocolate(); // error: no method named `chocolate` found for type `Mouth`\n               //        in the current scope\n```\n\nIn this case, you need to implement the `chocolate` method to fix the error:\n\n```\nstruct Mouth;\n\nimpl Mouth {\n    fn chocolate(&self) { // We implement the `chocolate` method here.\n        println!(\"Hmmm! I love chocolate!\");\n    }\n}\n\nlet x = Mouth;\nx.chocolate(); // ok!\n```\n"},"level":"error","spans":[{"file_name":"src\\test.rs","byte_start":776,"byte_end":784,"line_start":23,"line_end":23,"column_start":36,"column_end":44,"is_primary":true,"text":[{"text":"    let freelancer_addr = Address::generate(&env);","highlight_start":36,"highlight_end":44}],"label":"function or associated item not found in `soroban_sdk::Address`","suggested_replacement":null,"suggestion_applicability":null,"expansion":null}],"children":[{"message":"if you're trying to build a new `soroban_sdk::Address` consider using one of the following associated functions:\nsoroban_sdk::Address::from_string\nsoroban_sdk::Address::from_string_bytes","code":null,"level":"note","spans":[{"file_name":"C:\\Users\\Computer\\.cargo\\registry\\src\\index.crates.io-1949cf8c6b5b557f\\soroban-sdk-21.7.7\\src\\address.rs","byte_start":7959,"byte_end":8002,"line_start":235,"line_end":235,"column_start":5,"column_end":48,"is_primary":true,"text":[{"text":"    pub fn from_string(strkey: &String) -> Self {","highlight_start":5,"highlight_end":48}],"label":null,"suggested_replacement":null,"suggestion_applicability":null,"expansion":null},{"file_name":"C:\\Users\\Computer\\.cargo\\registry\\src\\index.crates.io-1949cf8c6b5b557f\\soroban-sdk-21.7.7\\src\\address.rs","byte_start":8914,"byte_end":8962,"line_start":257,"line_end":257,"column_start":5,"column_end":53,"is_primary":true,"text":[{"text":"    pub fn from_string_bytes(strkey: &Bytes) -> Self {","highlight_start":5,"highlight_end":53}],"label":null,"suggested_replacement":null,"suggestion_applicability":null,"expansion":null}],"children":[],"rendered":null}],"rendered":"\u001b[1m\u001b[91merror[E0599]\u001b[0m\u001b[1m\u001b[97m: no function or associated item named `generate` found for struct `soroban_sdk::Address` in the current scope\u001b[0m\n   \u001b[1m\u001b[96m--> \u001b[0msrc\\test.rs:23:36\n    \u001b[1m\u001b[96m|\u001b[0m\n \u001b[1m\u001b[96m23\u001b[0m \u001b[1m\u001b[96m|\u001b[0m     let freelancer_addr = Address::generate(&env);\n    \u001b[1m\u001b[96m|\u001b[0m                                    \u001b[1m\u001b[91m^^^^^^^^\u001b[0m \u001b[1m\u001b[91mfunction or associated item not found in `soroban_sdk::Address`\u001b[0m\n    \u001b[1m\u001b[96m|\u001b[0m\n\u001b[1m\u001b[92mnote\u001b[0m: if you're trying to build a new `soroban_sdk::Address` consider using one of the following associated functions:\n      soroban_sdk::Address::from_string\n      soroban_sdk::Address::from_string_bytes\n   \u001b[1m\u001b[96m--> \u001b[0mC:\\Users\\Computer\\.cargo\\registry\\src\\index.crates.io-1949cf8c6b5b557f\\soroban-sdk-21.7.7\\src\\address.rs:235:5\n    \u001b[1m\u001b[96m|\u001b[0m\n\u001b[1m\u001b[96m235\u001b[0m \u001b[1m\u001b[96m|\u001b[0m     pub fn from_string(strkey: &String) -> Self {\n    \u001b[1m\u001b[96m|\u001b[0m     \u001b[1m\u001b[92m^^^^^^^^^^^^^^^^^^^^^^^^^^^^^^^^^^^^^^^^^^^\u001b[0m\n\u001b[1m\u001b[96m...\u001b[0m\n\u001b[1m\u001b[96m257\u001b[0m \u001b[1m\u001b[96m|\u001b[0m     pub fn from_string_bytes(strkey: &Bytes) -> Self {\n    \u001b[1m\u001b[96m|\u001b[0m     \u001b[1m\u001b[92m^^^^^^^^^^^^^^^^^^^^^^^^^^^^^^^^^^^^^^^^^^^^^^^^\u001b[0m\n\n"}
{"$message_type":"diagnostic","message":"no function or associated item named `generate` found for struct `soroban_sdk::Address` in the current scope","code":{"code":"E0599","explanation":"This error occurs when a method is used on a type which doesn't implement it:\n\nErroneous code example:\n\n```compile_fail,E0599\nstruct Mouth;\n\nlet x = Mouth;\nx.chocolate(); // error: no method named `chocolate` found for type `Mouth`\n               //        in the current scope\n```\n\nIn this case, you need to implement the `chocolate` method to fix the error:\n\n```\nstruct Mouth;\n\nimpl Mouth {\n    fn chocolate(&self) { // We implement the `chocolate` method here.\n        println!(\"Hmmm! I love chocolate!\");\n    }\n}\n\nlet x = Mouth;\nx.chocolate(); // ok!\n```\n"},"level":"error","spans":[{"file_name":"src\\test.rs","byte_start":824,"byte_end":832,"line_start":24,"line_end":24,"column_start":32,"column_end":40,"is_primary":true,"text":[{"text":"    let token_admin = Address::generate(&env);","highlight_start":32,"highlight_end":40}],"label":"function or associated item not found in `soroban_sdk::Address`","suggested_replacement":null,"suggestion_applicability":null,"expansion":null}],"children":[{"message":"if you're trying to build a new `soroban_sdk::Address` consider using one of the following associated functions:\nsoroban_sdk::Address::from_string\nsoroban_sdk::Address::from_string_bytes","code":null,"level":"note","spans":[{"file_name":"C:\\Users\\Computer\\.cargo\\registry\\src\\index.crates.io-1949cf8c6b5b557f\\soroban-sdk-21.7.7\\src\\address.rs","byte_start":7959,"byte_end":8002,"line_start":235,"line_end":235,"column_start":5,"column_end":48,"is_primary":true,"text":[{"text":"    pub fn from_string(strkey: &String) -> Self {","highlight_start":5,"highlight_end":48}],"label":null,"suggested_replacement":null,"suggestion_applicability":null,"expansion":null},{"file_name":"C:\\Users\\Computer\\.cargo\\registry\\src\\index.crates.io-1949cf8c6b5b557f\\soroban-sdk-21.7.7\\src\\address.rs","byte_start":8914,"byte_end":8962,"line_start":257,"line_end":257,"column_start":5,"column_end":53,"is_primary":true,"text":[{"text":"    pub fn from_string_bytes(strkey: &Bytes) -> Self {","highlight_start":5,"highlight_end":53}],"label":null,"suggested_replacement":null,"suggestion_applicability":null,"expansion":null}],"children":[],"rendered":null}],"rendered":"\u001b[1m\u001b[91merror[E0599]\u001b[0m\u001b[1m\u001b[97m: no function or associated item named `generate` found for struct `soroban_sdk::Address` in the current scope\u001b[0m\n   \u001b[1m\u001b[96m--> \u001b[0msrc\\test.rs:24:32\n    \u001b[1m\u001b[96m|\u001b[0m\n \u001b[1m\u001b[96m24\u001b[0m \u001b[1m\u001b[96m|\u001b[0m     let token_admin = Address::generate(&env);\n    \u001b[1m\u001b[96m|\u001b[0m                                \u001b[1m\u001b[91m^^^^^^^^\u001b[0m \u001b[1m\u001b[91mfunction or associated item not found in `soroban_sdk::Address`\u001b[0m\n    \u001b[1m\u001b[96m|\u001b[0m\n\u001b[1m\u001b[92mnote\u001b[0m: if you're trying to build a new `soroban_sdk::Address` consider using one of the following associated functions:\n      soroban_sdk::Address::from_string\n      soroban_sdk::Address::from_string_bytes\n   \u001b[1m\u001b[96m--> \u001b[0mC:\\Users\\Computer\\.cargo\\registry\\src\\index.crates.io-1949cf8c6b5b557f\\soroban-sdk-21.7.7\\src\\address.rs:235:5\n    \u001b[1m\u001b[96m|\u001b[0m\n\u001b[1m\u001b[96m235\u001b[0m \u001b[1m\u001b[96m|\u001b[0m     pub fn from_string(strkey: &String) -> Self {\n    \u001b[1m\u001b[96m|\u001b[0m     \u001b[1m\u001b[92m^^^^^^^^^^^^^^^^^^^^^^^^^^^^^^^^^^^^^^^^^^^\u001b[0m\n\u001b[1m\u001b[96m...\u001b[0m\n\u001b[1m\u001b[96m257\u001b[0m \u001b[1m\u001b[96m|\u001b[0m     pub fn from_string_bytes(strkey: &Bytes) -> Self {\n    \u001b[1m\u001b[96m|\u001b[0m     \u001b[1m\u001b[92m^^^^^^^^^^^^^^^^^^^^^^^^^^^^^^^^^^^^^^^^^^^^^^^^\u001b[0m\n\n"}
{"$message_type":"diagnostic","message":"no method named `mint` found for struct `Client<'a>` in the current scope","code":{"code":"E0599","explanation":"This error occurs when a method is used on a type which doesn't implement it:\n\nErroneous code example:\n\n```compile_fail,E0599\nstruct Mouth;\n\nlet x = Mouth;\nx.chocolate(); // error: no method named `chocolate` found for type `Mouth`\n               //        in the current scope\n```\n\nIn this case, you need to implement the `chocolate` method to fix the error:\n\n```\nstruct Mouth;\n\nimpl Mouth {\n    fn chocolate(&self) { // We implement the `chocolate` method here.\n        println!(\"Hmmm! I love chocolate!\");\n    }\n}\n\nlet x = Mouth;\nx.chocolate(); // ok!\n```\n"},"level":"error","spans":[{"file_name":"src\\test.rs","byte_start":962,"byte_end":966,"line_start":29,"line_end":29,"column_start":11,"column_end":15,"is_primary":true,"text":[{"text":"    token.mint(&client_addr, &10000);","highlight_start":11,"highlight_end":15}],"label":"method not found in `Client<'_>`","suggested_replacement":null,"suggestion_applicability":null,"expansion":null}],"children":[],"rendered":"\u001b[1m\u001b[91merror[E0599]\u001b[0m\u001b[1m\u001b[97m: no method named `mint` found for struct `Client<'a>` in the current scope\u001b[0m\n  \u001b[1m\u001b[96m--> \u001b[0msrc\\test.rs:29:11\n   \u001b[1m\u001b[96m|\u001b[0m\n\u001b[1m\u001b[96m29\u001b[0m \u001b[1m\u001b[96m|\u001b[0m     token.mint(&client_addr, &10000);\n   \u001b[1m\u001b[96m|\u001b[0m           \u001b[1m\u001b[91m^^^^\u001b[0m \u001b[1m\u001b[91mmethod not found in `Client<'_>`\u001b[0m\n\n"}
{"$message_type":"diagnostic","message":"mismatched types","code":{"code":"E0308","explanation":"Expected type did not match the received type.\n\nErroneous code examples:\n\n```compile_fail,E0308\nfn plus_one(x: i32) -> i32 {\n    x + 1\n}\n\nplus_one(\"Not a number\");\n//       ^^^^^^^^^^^^^^ expected `i32`, found `&str`\n\nif \"Not a bool\" {\n// ^^^^^^^^^^^^ expected `bool`, found `&str`\n}\n\nlet x: f32 = \"Not a float\";\n//     ---   ^^^^^^^^^^^^^ expected `f32`, found `&str`\n//     |\n//     expected due to this\n```\n\nThis error occurs when an expression was used in a place where the compiler\nexpected an expression of a different type. It can occur in several cases, the\nmost common being when calling a function and passing an argument which has a\ndifferent type than the matching type in the function declaration.\n"},"level":"error","spans":[{"file_name":"src\\test.rs","byte_start":1467,"byte_end":1475,"line_start":49,"line_end":49,"column_start":24,"column_end":32,"is_primary":true,"text":[{"text":"    assert_eq!(result, Ok(true));","highlight_start":24,"highlight_end":32}],"label":"expected `bool`, found `Result<bool, _>`","suggested_replacement":null,"suggestion_applicability":null,"expansion":null}],"children":[{"message":"expected type `bool`\n   found enum `core::result::Result<bool, _>`","code":null,"level":"note","spans":[],"children":[],"rendered":null}],"rendered":"\u001b[1m\u001b[91merror[E0308]\u001b[0m\u001b[1m\u001b[97m: mismatched types\u001b[0m\n  \u001b[1m\u001b[96m--> \u001b[0msrc\\test.rs:49:24\n   \u001b[1m\u001b[96m|\u001b[0m\n\u001b[1m\u001b[96m49\u001b[0m \u001b[1m\u001b[96m|\u001b[0m     assert_eq!(result, Ok(true));\n   \u001b[1m\u001b[96m|\u001b[0m                        \u001b[1m\u001b[91m^^^^^^^^\u001b[0m \u001b[1m\u001b[91mexpected `bool`, found `Result<bool, _>`\u001b[0m\n   \u001b[1m\u001b[96m|\u001b[0m\n   \u001b[1m\u001b[96m= \u001b[0m\u001b[1m\u001b[97mnote\u001b[0m: expected type `\u001b[1m\u001b[35mbool\u001b[0m`\n              found enum `\u001b[1m\u001b[35mcore::result::Result<bool, _>\u001b[0m`\n\n"}
{"$message_type":"diagnostic","message":"no method named `unwrap` found for struct `Job` in the current scope","code":{"code":"E0599","explanation":"This error occurs when a method is used on a type which doesn't implement it:\n\nErroneous code example:\n\n```compile_fail,E0599\nstruct Mouth;\n\nlet x = Mouth;\nx.chocolate(); // error: no method named `chocolate` found for type `Mouth`\n               //        in the current scope\n```\n\nIn this case, you need to implement the `chocolate` method to fix the error:\n\n```\nstruct Mouth;\n\nimpl Mouth {\n    fn chocolate(&self) { // We implement the `chocolate` method here.\n        println!(\"Hmmm! I love chocolate!\");\n    }\n}\n\nlet x = Mouth;\nx.chocolate(); // ok!\n```\n"},"level":"error","spans":[{"file_name":"src\\test.rs","byte_start":1815,"byte_end":1821,"line_start":60,"line_end":60,"column_start":39,"column_end":45,"is_primary":true,"text":[{"text":"    let job = client.get_job(&job_id).unwrap();","highlight_start":39,"highlight_end":45}],"label":"method not found in `Job`","suggested_replacement":null,"suggestion_applicability":null,"expansion":null},{"file_name":"src\\lib.rs","byte_start":477,"byte_end":491,"line_start":22,"line_end":22,"column_start":1,"column_end":15,"is_primary":false,"text":[{"text":"pub struct Job {","highlight_start":1,"highlight_end":15}],"label":"method `unwrap` not found for this struct","suggested_replacement":null,"suggestion_applicability":null,"expansion":null}],"children":[],"rendered":"\u001b[1m\u001b[91merror[E0599]\u001b[0m\u001b[1m\u001b[97m: no method named `unwrap` found for struct `Job` in the current scope\u001b[0m\n  \u001b[1m\u001b[96m--> \u001b[0msrc\\test.rs:60:39\n   \u001b[1m\u001b[96m|\u001b[0m\n\u001b[1m\u001b[96m60\u001b[0m \u001b[1m\u001b[96m|\u001b[0m     let job = client.get_job(&job_id).unwrap();\n   \u001b[1m\u001b[96m|\u001b[0m                                       \u001b[1m\u001b[91m^^^^^^\u001b[0m \u001b[1m\u001b[91mmethod not found in `Job`\u001b[0m\n   \u001b[1m\u001b[96m|\u001b[0m\n  \u001b[1m\u001b[96m::: \u001b[0msrc\\lib.rs:22:1\n   \u001b[1m\u001b[96m|\u001b[0m\n\u001b[1m\u001b[96m22\u001b[0m \u001b[1m\u001b[96m|\u001b[0m pub struct Job {\n   \u001b[1m\u001b[96m|\u001b[0m \u001b[1m\u001b[96m--------------\u001b[0m \u001b[1m\u001b[96mmethod `unwrap` not found for this struct\u001b[0m\n\n"}
{"$message_type":"diagnostic","message":"no method named `mock_all_auths` found for struct `Env` in the current scope","code":{"code":"E0599","explanation":"This error occurs when a method is used on a type which doesn't implement it:\n\nErroneous code example:\n\n```compile_fail,E0599\nstruct Mouth;\n\nlet x = Mouth;\nx.chocolate(); // error: no method named `chocolate` found for type `Mouth`\n               //        in the current scope\n```\n\nIn this case, you need to implement the `chocolate` method to fix the error:\n\n```\nstruct Mouth;\n\nimpl Mouth {\n    fn chocolate(&self) { // We implement the `chocolate` method here.\n        println!(\"Hmmm! I love chocolate!\");\n    }\n}\n\nlet x = Mouth;\nx.chocolate(); // ok!\n```\n"},"level":"error","spans":[{"file_name":"src\\test.rs","byte_start":1958,"byte_end":1972,"line_start":67,"line_end":67,"column_start":9,"column_end":23,"is_primary":true,"text":[{"text":"    env.mock_all_auths();","highlight_start":9,"highlight_end":23}],"label":"method not found in `Env`","suggested_replacement":null,"suggestion_applicability":null,"expansion":null}],"children":[],"rendered":"\u001b[1m\u001b[91merror[E0599]\u001b[0m\u001b[1m\u001b[97m: no method named `mock_all_auths` found for struct `Env` in the current scope\u001b[0m\n  \u001b[1m\u001b[96m--> \u001b[0msrc\\test.rs:67:9\n   \u001b[1m\u001b[96m|\u001b[0m\n\u001b[1m\u001b[96m67\u001b[0m \u001b[1m\u001b[96m|\u001b[0m     env.mock_all_auths();\n   \u001b[1m\u001b[96m|\u001b[0m         \u001b[1m\u001b[91m^^^^^^^^^^^^^^\u001b[0m \u001b[1m\u001b[91mmethod not found in `Env`\u001b[0m\n\n"}
{"$message_type":"diagnostic","message":"no method named `register_contract` found for struct `Env` in the current scope","code":{"code":"E0599","explanation":"This error occurs when a method is used on a type which doesn't implement it:\n\nErroneous code example:\n\n```compile_fail,E0599\nstruct Mouth;\n\nlet x = Mouth;\nx.chocolate(); // error: no method named `chocolate` found for type `Mouth`\n               //        in the current scope\n```\n\nIn this case, you need to implement the `chocolate` method to fix the error:\n\n```\nstruct Mouth;\n\nimpl Mouth {\n    fn chocolate(&self) { // We implement the `chocolate` method here.\n        println!(\"Hmmm! I love chocolate!\");\n    }\n}\n\nlet x = Mouth;\nx.chocolate(); // ok!\n```\n"},"level":"error","spans":[{"file_name":"src\\test.rs","byte_start":2005,"byte_end":2022,"line_start":69,"line_end":69,"column_start":27,"column_end":44,"is_primary":true,"text":[{"text":"    let contract_id = env.register_contract(None, EscrowContract);","highlight_start":27,"highlight_end":44}],"label":null,"suggested_replacement":null,"suggestion_applicability":null,"expansion":null}],"children":[{"message":"there is a method `create_contract` with a similar name, but with different arguments","code":null,"level":"help","spans":[{"file_name":"C:\\Users\\Computer\\.cargo\\registry\\src\\index.crates.io-1949cf8c6b5b557f\\soroban-env-common-21.2.1\\src\\env.rs","byte_start":15110,"byte_end":15173,"line_start":346,"line_end":346,"column_start":9,"column_end":72,"is_primary":true,"text":[{"text":"        fn $fn_id(&self, $($arg:$type),*) -> Result<$ret, Self::Error>;","highlight_start":9,"highlight_end":72}],"label":null,"suggested_replacement":null,"suggestion_applicability":null,"expansion":{"span":{"file_name":"C:\\Users\\Computer\\.cargo\\registry\\src\\index.crates.io-1949cf8c6b5b557f\\soroban-env-common-21.2.1\\src\\env.rs","byte_start":17619,"byte_end":17713,"line_start":399,"line_end":399,"column_start":21,"column_end":115,"is_primary":false,"text":[{"text":"                    host_function_helper!{$($min_proto)?, $($max_proto)?, $(#[$fn_attr])* fn $fn_id $args -> $ret}","highlight_start":21,"highlight_end":115}],"label":null,"suggested_replacement":null,"suggestion_applicability":null,"expansion":{"span":{"file_name":"C:\\Users\\Computer\\.cargo\\registry\\src\\index.crates.io-1949cf8c6b5b557f\\soroban-env-common-21.2.1\\src\\env.rs","byte_start":14383,"byte_end":14439,"line_start":325,"line_end":325,"column_start":1,"column_end":57,"is_primary":false,"text":[{"text":"generate_call_macro_with_all_host_functions!(\"env.json\");","highlight_start":1,"highlight_end":57}],"label":null,"suggested_replacement":null,"suggestion_applicability":null,"expansion":{"span":{"file_name":"C:\\Users\\Computer\\.cargo\\registry\\src\\index.crates.io-1949cf8c6b5b557f\\soroban-env-common-21.2.1\\src\\env.rs","byte_start":17848,"byte_end":17906,"line_start":407,"line_end":407,"column_start":1,"column_end":59,"is_primary":false,"text":[{"text":"call_macro_with_all_host_functions! { generate_env_trait }","highlight_start":1,"highlight_end":59}],"label":null,"suggested_replacement":null,"suggestion_applicability":null,"expansion":null},"macro_decl_name":"call_macro_with_all_host_functions!","def_site_span":{"file_name":"C:\\Users\\Computer\\.cargo\\registry\\src\\index.crates.io-1949cf8c6b5b557f\\soroban-env-common-21.2.1\\src\\env.rs","byte_start":14383,"byte_end":14439,"line_start":325,"line_end":325,"column_start":1,"column_end":57,"is_primary":false,"text":[{"text":"generate_call_macro_with_all_host_functions!(\"env.json\");","highlight_start":1,"highlight_end":57}],"label":null,"suggested_replacement":null,"suggestion_applicability":null,"expansion":null}}},"macro_decl_name":"generate_env_trait!","def_site_span":{"file_name":"C:\\Users\\Computer\\.cargo\\registry\\src\\index.crates.io-1949cf8c6b5b557f\\soroban-env-common-21.2.1\\src\\env.rs","byte_start":15426,"byte_end":15457,"line_start":354,"line_end":354,"column_start":1,"column_end":32,"is_primary":false,"text":[{"text":"macro_rules! generate_env_trait {","highlight_start":1,"highlight_end":32}],"label":null,"suggested_replacement":null,"suggestion_applicability":null,"expansion":null}}},"macro_decl_name":"host_function_helper!","def_site_span":{"file_name":"C:\\Users\\Computer\\.cargo\\registry\\src\\index.crates.io-1949cf8c6b5b557f\\soroban-env-common-21.2.1\\src\\env.rs","byte_start":14882,"byte_end":14915,"line_start":338,"line_end":338,"column_start":1,"column_end":34,"is_primary":false,"text":[{"text":"macro_rules! host_function_helper {","highlight_start":1,"highlight_end":34}],"label":null,"suggested_replacement":null,"suggestion_applicability":null,"expansion":null}}}],"children":[],"rendered":null}],"rendered":"\u001b[1m\u001b[91merror[E0599]\u001b[0m\u001b[1m\u001b[97m: no method named `register_contract` found for struct `Env` in the current scope\u001b[0m\n   \u001b[1m\u001b[96m--> \u001b[0msrc\\test.rs:69:27\n    \u001b[1m\u001b[96m|\u001b[0m\n \u001b[1m\u001b[96m69\u001b[0m \u001b[1m\u001b[96m|\u001b[0m     let contract_id = env.register_contract(None, EscrowContract);\n    \u001b[1m\u001b[96m|\u001b[0m                           \u001b[1m\u001b[91m^^^^^^^^^^^^^^^^^\u001b[0m\n    \u001b[1m\u001b[96m|\u001b[0m\n\u001b[1m\u001b[96mhelp\u001b[0m: there is a method `create_contract` with a similar name, but with different arguments\n   \u001b[1m\u001b[96m--> \u001b[0mC:\\Users\\Computer\\.cargo\\registry\\src\\index.crates.io-1949cf8c6b5b557f\\soroban-env-common-21.2.1\\src\\env.rs:407:1\n    \u001b[1m\u001b[96m|\u001b[0m\n\u001b[1m\u001b[96m407\u001b[0m \u001b[1m\u001b[96m|\u001b[0m call_macro_with_all_host_functions! { generate_env_trait }\n    \u001b[1m\u001b[96m|\u001b[0m \u001b[1m\u001b[96m^^^^^^^^^^^^^^^^^^^^^^^^^^^^^^^^^^^^^^^^^^^^^^^^^^^^^^^^^^\u001b[0m\n    \u001b[1m\u001b[96m= \u001b[0m\u001b[1m\u001b[97mnote\u001b[0m: this error originates in the macro `host_function_helper` which comes from the expansion of the macro `call_macro_with_all_host_functions` (in Nightly builds, run with -Z macro-backtrace for more info)\n\n"}
{"$message_type":"diagnostic","message":"no function or associated item named `generate` found for struct `soroban_sdk::Address` in the current scope","code":{"code":"E0599","explanation":"This error occurs when a method is used on a type which doesn't implement it:\n\nErroneous code example:\n\n```compile_fail,E0599\nstruct Mouth;\n\nlet x = Mouth;\nx.chocolate(); // error: no method named `chocolate` found for type `Mouth`\n               //        in the current scope\n```\n\nIn this case, you need to implement the `chocolate` method to fix the error:\n\n```\nstruct Mouth;\n\nimpl Mouth {\n    fn chocolate(&self) { // We implement the `chocolate` method here.\n        println!(\"Hmmm! I love chocolate!\");\n    }\n}\n\nlet x = Mouth;\nx.chocolate(); // ok!\n```\n"},"level":"error","spans":[{"file_name":"src\\test.rs","byte_start":2145,"byte_end":2153,"line_start":72,"line_end":72,"column_start":32,"column_end":40,"is_primary":true,"text":[{"text":"    let client_addr = Address::generate(&env);","highlight_start":32,"highlight_end":40}],"label":"function or associated item not found in `soroban_sdk::Address`","suggested_replacement":null,"suggestion_applicability":null,"expansion":null}],"children":[{"message":"if you're trying to build a new `soroban_sdk::Address` consider using one of the following associated functions:\nsoroban_sdk::Address::from_string\nsoroban_sdk::Address::from_string_bytes","code":null,"level":"note","spans":[{"file_name":"C:\\Users\\Computer\\.cargo\\registry\\src\\index.crates.io-1949cf8c6b5b557f\\soroban-sdk-21.7.7\\src\\address.rs","byte_start":7959,"byte_end":8002,"line_start":235,"line_end":235,"column_start":5,"column_end":48,"is_primary":true,"text":[{"text":"    pub fn from_string(strkey: &String) -> Self {","highlight_start":5,"highlight_end":48}],"label":null,"suggested_replacement":null,"suggestion_applicability":null,"expansion":null},{"file_name":"C:\\Users\\Computer\\.cargo\\registry\\src\\index.crates.io-1949cf8c6b5b557f\\soroban-sdk-21.7.7\\src\\address.rs","byte_start":8914,"byte_end":8962,"line_start":257,"line_end":257,"column_start":5,"column_end":53,"is_primary":true,"text":[{"text":"    pub fn from_string_bytes(strkey: &Bytes) -> Self {","highlight_start":5,"highlight_end":53}],"label":null,"suggested_replacement":null,"suggestion_applicability":null,"expansion":null}],"children":[],"rendered":null}],"rendered":"\u001b[1m\u001b[91merror[E0599]\u001b[0m\u001b[1m\u001b[97m: no function or associated item named `generate` found for struct `soroban_sdk::Address` in the current scope\u001b[0m\n   \u001b[1m\u001b[96m--> \u001b[0msrc\\test.rs:72:32\n    \u001b[1m\u001b[96m|\u001b[0m\n \u001b[1m\u001b[96m72\u001b[0m \u001b[1m\u001b[96m|\u001b[0m     let client_addr = Address::generate(&env);\n    \u001b[1m\u001b[96m|\u001b[0m                                \u001b[1m\u001b[91m^^^^^^^^\u001b[0m \u001b[1m\u001b[91mfunction or associated item not found in `soroban_sdk::Address`\u001b[0m\n    \u001b[1m\u001b[96m|\u001b[0m\n\u001b[1m\u001b[92mnote\u001b[0m: if you're trying to build a new `soroban_sdk::Address` consider using one of the following associated functions:\n      soroban_sdk::Address::from_string\n      soroban_sdk::Address::from_string_bytes\n   \u001b[1m\u001b[96m--> \u001b[0mC:\\Users\\Computer\\.cargo\\registry\\src\\index.crates.io-1949cf8c6b5b557f\\soroban-sdk-21.7.7\\src\\address.rs:235:5\n    \u001b[1m\u001b[96m|\u001b[0m\n\u001b[1m\u001b[96m235\u001b[0m \u001b[1m\u001b[96m|\u001b[0m     pub fn from_string(strkey: &String) -> Self {\n    \u001b[1m\u001b[96m|\u001b[0m     \u001b[1m\u001b[92m^^^^^^^^^^^^^^^^^^^^^^^^^^^^^^^^^^^^^^^^^^^\u001b[0m\n\u001b[1m\u001b[96m...\u001b[0m\n\u001b[1m\u001b[96m257\u001b[0m \u001b[1m\u001b[96m|\u001b[0m     pub fn from_string_bytes(strkey: &Bytes) -> Self {\n    \u001b[1m\u001b[96m|\u001b[0m     \u001b[1m\u001b[92m^^^^^^^^^^^^^^^^^^^^^^^^^^^^^^^^^^^^^^^^^^^^^^^^\u001b[0m\n\n"}
{"$message_type":"diagnostic","message":"no function or associated item named `generate` found for struct `soroban_sdk::Address` in the current scope","code":{"code":"E0599","explanation":"This error occurs when a method is used on a type which doesn't implement it:\n\nErroneous code example:\n\n```compile_fail,E0599\nstruct Mouth;\n\nlet x = Mouth;\nx.chocolate(); // error: no method named `chocolate` found for type `Mouth`\n               //        in the current scope\n```\n\nIn this case, you need to implement the `chocolate` method to fix the error:\n\n```\nstruct Mouth;\n\nimpl Mouth {\n    fn chocolate(&self) { // We implement the `chocolate` method here.\n        println!(\"Hmmm! I love chocolate!\");\n    }\n}\n\nlet x = Mouth;\nx.chocolate(); // ok!\n```\n"},"level":"error","spans":[{"file_name":"src\\test.rs","byte_start":2197,"byte_end":2205,"line_start":73,"line_end":73,"column_start":36,"column_end":44,"is_primary":true,"text":[{"text":"    let freelancer_addr = Address::generate(&env);","highlight_start":36,"highlight_end":44}],"label":"function or associated item not found in `soroban_sdk::Address`","suggested_replacement":null,"suggestion_applicability":null,"expansion":null}],"children":[{"message":"if you're trying to build a new `soroban_sdk::Address` consider using one of the following associated functions:\nsoroban_sdk::Address::from_string\nsoroban_sdk::Address::from_string_bytes","code":null,"level":"note","spans":[{"file_name":"C:\\Users\\Computer\\.cargo\\registry\\src\\index.crates.io-1949cf8c6b5b557f\\soroban-sdk-21.7.7\\src\\address.rs","byte_start":7959,"byte_end":8002,"line_start":235,"line_end":235,"column_start":5,"column_end":48,"is_primary":true,"text":[{"text":"    pub fn from_string(strkey: &String) -> Self {","highlight_start":5,"highlight_end":48}],"label":null,"suggested_replacement":null,"suggestion_applicability":null,"expansion":null},{"file_name":"C:\\Users\\Computer\\.cargo\\registry\\src\\index.crates.io-1949cf8c6b5b557f\\soroban-sdk-21.7.7\\src\\address.rs","byte_start":8914,"byte_end":8962,"line_start":257,"line_end":257,"column_start":5,"column_end":53,"is_primary":true,"text":[{"text":"    pub fn from_string_bytes(strkey: &Bytes) -> Self {","highlight_start":5,"highlight_end":53}],"label":null,"suggested_replacement":null,"suggestion_applicability":null,"expansion":null}],"children":[],"rendered":null}],"rendered":"\u001b[1m\u001b[91merror[E0599]\u001b[0m\u001b[1m\u001b[97m: no function or associated item named `generate` found for struct `soroban_sdk::Address` in the current scope\u001b[0m\n   \u001b[1m\u001b[96m--> \u001b[0msrc\\test.rs:73:36\n    \u001b[1m\u001b[96m|\u001b[0m\n \u001b[1m\u001b[96m73\u001b[0m \u001b[1m\u001b[96m|\u001b[0m     let freelancer_addr = Address::generate(&env);\n    \u001b[1m\u001b[96m|\u001b[0m                                    \u001b[1m\u001b[91m^^^^^^^^\u001b[0m \u001b[1m\u001b[91mfunction or associated item not found in `soroban_sdk::Address`\u001b[0m\n    \u001b[1m\u001b[96m|\u001b[0m\n\u001b[1m\u001b[92mnote\u001b[0m: if you're trying to build a new `soroban_sdk::Address` consider using one of the following associated functions:\n      soroban_sdk::Address::from_string\n      soroban_sdk::Address::from_string_bytes\n   \u001b[1m\u001b[96m--> \u001b[0mC:\\Users\\Computer\\.cargo\\registry\\src\\index.crates.io-1949cf8c6b5b557f\\soroban-sdk-21.7.7\\src\\address.rs:235:5\n    \u001b[1m\u001b[96m|\u001b[0m\n\u001b[1m\u001b[96m235\u001b[0m \u001b[1m\u001b[96m|\u001b[0m     pub fn from_string(strkey: &String) -> Self {\n    \u001b[1m\u001b[96m|\u001b[0m     \u001b[1m\u001b[92m^^^^^^^^^^^^^^^^^^^^^^^^^^^^^^^^^^^^^^^^^^^\u001b[0m\n\u001b[1m\u001b[96m...\u001b[0m\n\u001b[1m\u001b[96m257\u001b[0m \u001b[1m\u001b[96m|\u001b[0m     pub fn from_string_bytes(strkey: &Bytes) -> Self {\n    \u001b[1m\u001b[96m|\u001b[0m     \u001b[1m\u001b[92m^^^^^^^^^^^^^^^^^^^^^^^^^^^^^^^^^^^^^^^^^^^^^^^^\u001b[0m\n\n"}
{"$message_type":"diagnostic","message":"no function or associated item named `generate` found for struct `soroban_sdk::Address` in the current scope","code":{"code":"E0599","explanation":"This error occurs when a method is used on a type which doesn't implement it:\n\nErroneous code example:\n\n```compile_fail,E0599\nstruct Mouth;\n\nlet x = Mouth;\nx.chocolate(); // error: no method named `chocolate` found for type `Mouth`\n               //        in the current scope\n```\n\nIn this case, you need to implement the `chocolate` method to fix the error:\n\n```\nstruct Mouth;\n\nimpl Mouth {\n    fn chocolate(&self) { // We implement the `chocolate` method here.\n        println!(\"Hmmm! I love chocolate!\");\n    }\n}\n\nlet x = Mouth;\nx.chocolate(); // ok!\n```\n"},"level":"error","spans":[{"file_name":"src\\test.rs","byte_start":2245,"byte_end":2253,"line_start":74,"line_end":74,"column_start":32,"column_end":40,"is_primary":true,"text":[{"text":"    let token_admin = Address::generate(&env);","highlight_start":32,"highlight_end":40}],"label":"function or associated item not found in `soroban_sdk::Address`","suggested_replacement":null,"suggestion_applicability":null,"expansion":null}],"children":[{"message":"if you're trying to build a new `soroban_sdk::Address` consider using one of the following associated functions:\nsoroban_sdk::Address::from_string\nsoroban_sdk::Address::from_string_bytes","code":null,"level":"note","spans":[{"file_name":"C:\\Users\\Computer\\.cargo\\registry\\src\\index.crates.io-1949cf8c6b5b557f\\soroban-sdk-21.7.7\\src\\address.rs","byte_start":7959,"byte_end":8002,"line_start":235,"line_end":235,"column_start":5,"column_end":48,"is_primary":true,"text":[{"text":"    pub fn from_string(strkey: &String) -> Self {","highlight_start":5,"highlight_end":48}],"label":null,"suggested_replacement":null,"suggestion_applicability":null,"expansion":null},{"file_name":"C:\\Users\\Computer\\.cargo\\registry\\src\\index.crates.io-1949cf8c6b5b557f\\soroban-sdk-21.7.7\\src\\address.rs","byte_start":8914,"byte_end":8962,"line_start":257,"line_end":257,"column_start":5,"column_end":53,"is_primary":true,"text":[{"text":"    pub fn from_string_bytes(strkey: &Bytes) -> Self {","highlight_start":5,"highlight_end":53}],"label":null,"suggested_replacement":null,"suggestion_applicability":null,"expansion":null}],"children":[],"rendered":null}],"rendered":"\u001b[1m\u001b[91merror[E0599]\u001b[0m\u001b[1m\u001b[97m: no function or associated item named `generate` found for struct `soroban_sdk::Address` in the current scope\u001b[0m\n   \u001b[1m\u001b[96m--> \u001b[0msrc\\test.rs:74:32\n    \u001b[1m\u001b[96m|\u001b[0m\n \u001b[1m\u001b[96m74\u001b[0m \u001b[1m\u001b[96m|\u001b[0m     let token_admin = Address::generate(&env);\n    \u001b[1m\u001b[96m|\u001b[0m                                \u001b[1m\u001b[91m^^^^^^^^\u001b[0m \u001b[1m\u001b[91mfunction or associated item not found in `soroban_sdk::Address`\u001b[0m\n    \u001b[1m\u001b[96m|\u001b[0m\n\u001b[1m\u001b[92mnote\u001b[0m: if you're trying to build a new `soroban_sdk::Address` consider using one of the following associated functions:\n      soroban_sdk::Address::from_string\n      soroban_sdk::Address::from_string_bytes\n   \u001b[1m\u001b[96m--> \u001b[0mC:\\Users\\Computer\\.cargo\\registry\\src\\index.crates.io-1949cf8c6b5b557f\\soroban-sdk-21.7.7\\src\\address.rs:235:5\n    \u001b[1m\u001b[96m|\u001b[0m\n\u001b[1m\u001b[96m235\u001b[0m \u001b[1m\u001b[96m|\u001b[0m     pub fn from_string(strkey: &String) -> Self {\n    \u001b[1m\u001b[96m|\u001b[0m     \u001b[1m\u001b[92m^^^^^^^^^^^^^^^^^^^^^^^^^^^^^^^^^^^^^^^^^^^\u001b[0m\n\u001b[1m\u001b[96m...\u001b[0m\n\u001b[1m\u001b[96m257\u001b[0m \u001b[1m\u001b[96m|\u001b[0m     pub fn from_string_bytes(strkey: &Bytes) -> Self {\n    \u001b[1m\u001b[96m|\u001b[0m     \u001b[1m\u001b[92m^^^^^^^^^^^^^^^^^^^^^^^^^^^^^^^^^^^^^^^^^^^^^^^^\u001b[0m\n\n"}
{"$message_type":"diagnostic","message":"no method named `mint` found for struct `Client<'a>` in the current scope","code":{"code":"E0599","explanation":"This error occurs when a method is used on a type which doesn't implement it:\n\nErroneous code example:\n\n```compile_fail,E0599\nstruct Mouth;\n\nlet x = Mouth;\nx.chocolate(); // error: no method named `chocolate` found for type `Mouth`\n               //        in the current scope\n```\n\nIn this case, you need to implement the `chocolate` method to fix the error:\n\n```\nstruct Mouth;\n\nimpl Mouth {\n    fn chocolate(&self) { // We implement the `chocolate` method here.\n        println!(\"Hmmm! I love chocolate!\");\n    }\n}\n\nlet x = Mouth;\nx.chocolate(); // ok!\n```\n"},"level":"error","spans":[{"file_name":"src\\test.rs","byte_start":2351,"byte_end":2355,"line_start":77,"line_end":77,"column_start":11,"column_end":15,"is_primary":true,"text":[{"text":"    token.mint(&client_addr, &10000);","highlight_start":11,"highlight_end":15}],"label":"method not found in `Client<'_>`","suggested_replacement":null,"suggestion_applicability":null,"expansion":null}],"children":[],"rendered":"\u001b[1m\u001b[91merror[E0599]\u001b[0m\u001b[1m\u001b[97m: no method named `mint` found for struct `Client<'a>` in the current scope\u001b[0m\n  \u001b[1m\u001b[96m--> \u001b[0msrc\\test.rs:77:11\n   \u001b[1m\u001b[96m|\u001b[0m\n\u001b[1m\u001b[96m77\u001b[0m \u001b[1m\u001b[96m|\u001b[0m     token.mint(&client_addr, &10000);\n   \u001b[1m\u001b[96m|\u001b[0m           \u001b[1m\u001b[91m^^^^\u001b[0m \u001b[1m\u001b[91mmethod not found in `Client<'_>`\u001b[0m\n\n"}
{"$message_type":"diagnostic","message":"mismatched types","code":{"code":"E0308","explanation":"Expected type did not match the received type.\n\nErroneous code examples:\n\n```compile_fail,E0308\nfn plus_one(x: i32) -> i32 {\n    x + 1\n}\n\nplus_one(\"Not a number\");\n//       ^^^^^^^^^^^^^^ expected `i32`, found `&str`\n\nif \"Not a bool\" {\n// ^^^^^^^^^^^^ expected `bool`, found `&str`\n}\n\nlet x: f32 = \"Not a float\";\n//     ---   ^^^^^^^^^^^^^ expected `f32`, found `&str`\n//     |\n//     expected due to this\n```\n\nThis error occurs when an expression was used in a place where the compiler\nexpected an expression of a different type. It can occur in several cases, the\nmost common being when calling a function and passing an argument which has a\ndifferent type than the matching type in the function declaration.\n"},"level":"error","spans":[{"file_name":"src\\test.rs","byte_start":2817,"byte_end":2825,"line_start":95,"line_end":95,"column_start":31,"column_end":39,"is_primary":true,"text":[{"text":"    assert_eq!(submit_result, Ok(true));","highlight_start":31,"highlight_end":39}],"label":"expected `bool`, found `Result<bool, _>`","suggested_replacement":null,"suggestion_applicability":null,"expansion":null}],"children":[{"message":"expected type `bool`\n   found enum `core::result::Result<bool, _>`","code":null,"level":"note","spans":[],"children":[],"rendered":null}],"rendered":"\u001b[1m\u001b[91merror[E0308]\u001b[0m\u001b[1m\u001b[97m: mismatched types\u001b[0m\n  \u001b[1m\u001b[96m--> \u001b[0msrc\\test.rs:95:31\n   \u001b[1m\u001b[96m|\u001b[0m\n\u001b[1m\u001b[96m95\u001b[0m \u001b[1m\u001b[96m|\u001b[0m     assert_eq!(submit_result, Ok(true));\n   \u001b[1m\u001b[96m|\u001b[0m                               \u001b[1m\u001b[91m^^^^^^^^\u001b[0m \u001b[1m\u001b[91mexpected `bool`, found `Result<bool, _>`\u001b[0m\n   \u001b[1m\u001b[96m|\u001b[0m\n   \u001b[1m\u001b[96m= \u001b[0m\u001b[1m\u001b[97mnote\u001b[0m: expected type `\u001b[1m\u001b[35mbool\u001b[0m`\n              found enum `\u001b[1m\u001b[35mcore::result::Result<bool, _>\u001b[0m`\n\n"}
{"$message_type":"diagnostic","message":"no method named `unwrap` found for struct `Job` in the current scope","code":{"code":"E0599","explanation":"This error occurs when a method is used on a type which doesn't implement it:\n\nErroneous code example:\n\n```compile_fail,E0599\nstruct Mouth;\n\nlet x = Mouth;\nx.chocolate(); // error: no method named `chocolate` found for type `Mouth`\n               //        in the current scope\n```\n\nIn this case, you need to implement the `chocolate` method to fix the error:\n\n```\nstruct Mouth;\n\nimpl Mouth {\n    fn chocolate(&self) { // We implement the `chocolate` method here.\n        println!(\"Hmmm! I love chocolate!\");\n    }\n}\n\nlet x = Mouth;\nx.chocolate(); // ok!\n```\n"},"level":"error","spans":[{"file_name":"src\\test.rs","byte_start":2869,"byte_end":2875,"line_start":97,"line_end":97,"column_start":39,"column_end":45,"is_primary":true,"text":[{"text":"    let job = client.get_job(&job_id).unwrap();","highlight_start":39,"highlight_end":45}],"label":"method not found in `Job`","suggested_replacement":null,"suggestion_applicability":null,"expansion":null},{"file_name":"src\\lib.rs","byte_start":477,"byte_end":491,"line_start":22,"line_end":22,"column_start":1,"column_end":15,"is_primary":false,"text":[{"text":"pub struct Job {","highlight_start":1,"highlight_end":15}],"label":"method `unwrap` not found for this struct","suggested_replacement":null,"suggestion_applicability":null,"expansion":null}],"children":[],"rendered":"\u001b[1m\u001b[91merror[E0599]\u001b[0m\u001b[1m\u001b[97m: no method named `unwrap` found for struct `Job` in the current scope\u001b[0m\n  \u001b[1m\u001b[96m--> \u001b[0msrc\\test.rs:97:39\n   \u001b[1m\u001b[96m|\u001b[0m\n\u001b[1m\u001b[96m97\u001b[0m \u001b[1m\u001b[96m|\u001b[0m     let job = client.get_job(&job_id).unwrap();\n   \u001b[1m\u001b[96m|\u001b[0m                                       \u001b[1m\u001b[91m^^^^^^\u001b[0m \u001b[1m\u001b[91mmethod not found in `Job`\u001b[0m\n   \u001b[1m\u001b[96m|\u001b[0m\n  \u001b[1m\u001b[96m::: \u001b[0msrc\\lib.rs:22:1\n   \u001b[1m\u001b[96m|\u001b[0m\n\u001b[1m\u001b[96m22\u001b[0m \u001b[1m\u001b[96m|\u001b[0m pub struct Job {\n   \u001b[1m\u001b[96m|\u001b[0m \u001b[1m\u001b[96m--------------\u001b[0m \u001b[1m\u001b[96mmethod `unwrap` not found for this struct\u001b[0m\n\n"}
{"$message_type":"diagnostic","message":"mismatched types","code":{"code":"E0308","explanation":"Expected type did not match the received type.\n\nErroneous code examples:\n\n```compile_fail,E0308\nfn plus_one(x: i32) -> i32 {\n    x + 1\n}\n\nplus_one(\"Not a number\");\n//       ^^^^^^^^^^^^^^ expected `i32`, found `&str`\n\nif \"Not a bool\" {\n// ^^^^^^^^^^^^ expected `bool`, found `&str`\n}\n\nlet x: f32 = \"Not a float\";\n//     ---   ^^^^^^^^^^^^^ expected `f32`, found `&str`\n//     |\n//     expected due to this\n```\n\nThis error occurs when an expression was used in a place where the compiler\nexpected an expression of a different type. It can occur in several cases, the\nmost common being when calling a function and passing an argument which has a\ndifferent type than the matching type in the function declaration.\n"},"level":"error","spans":[{"file_name":"src\\test.rs","byte_start":3033,"byte_end":3041,"line_start":102,"line_end":102,"column_start":32,"column_end":40,"is_primary":true,"text":[{"text":"    assert_eq!(approve_result, Ok(true));","highlight_start":32,"highlight_end":40}],"label":"expected `bool`, found `Result<bool, _>`","suggested_replacement":null,"suggestion_applicability":null,"expansion":null}],"children":[{"message":"expected type `bool`\n   found enum `core::result::Result<bool, _>`","code":null,"level":"note","spans":[],"children":[],"rendered":null}],"rendered":"\u001b[1m\u001b[91merror[E0308]\u001b[0m\u001b[1m\u001b[97m: mismatched types\u001b[0m\n   \u001b[1m\u001b[96m--> \u001b[0msrc\\test.rs:102:32\n    \u001b[1m\u001b[96m|\u001b[0m\n\u001b[1m\u001b[96m102\u001b[0m \u001b[1m\u001b[96m|\u001b[0m     assert_eq!(approve_result, Ok(true));\n    \u001b[1m\u001b[96m|\u001b[0m                                \u001b[1m\u001b[91m^^^^^^^^\u001b[0m \u001b[1m\u001b[91mexpected `bool`, found `Result<bool, _>`\u001b[0m\n    \u001b[1m\u001b[96m|\u001b[0m\n    \u001b[1m\u001b[96m= \u001b[0m\u001b[1m\u001b[97mnote\u001b[0m: expected type `\u001b[1m\u001b[35mbool\u001b[0m`\n               found enum `\u001b[1m\u001b[35mcore::result::Result<bool, _>\u001b[0m`\n\n"}
{"$message_type":"diagnostic","message":"no method named `unwrap` found for struct `Job` in the current scope","code":{"code":"E0599","explanation":"This error occurs when a method is used on a type which doesn't implement it:\n\nErroneous code example:\n\n```compile_fail,E0599\nstruct Mouth;\n\nlet x = Mouth;\nx.chocolate(); // error: no method named `chocolate` found for type `Mouth`\n               //        in the current scope\n```\n\nIn this case, you need to implement the `chocolate` method to fix the error:\n\n```\nstruct Mouth;\n\nimpl Mouth {\n    fn chocolate(&self) { // We implement the `chocolate` method here.\n        println!(\"Hmmm! I love chocolate!\");\n    }\n}\n\nlet x = Mouth;\nx.chocolate(); // ok!\n```\n"},"level":"error","spans":[{"file_name":"src\\test.rs","byte_start":3400,"byte_end":3406,"line_start":113,"line_end":113,"column_start":39,"column_end":45,"is_primary":true,"text":[{"text":"    let job = client.get_job(&job_id).unwrap();","highlight_start":39,"highlight_end":45}],"label":"method not found in `Job`","suggested_replacement":null,"suggestion_applicability":null,"expansion":null},{"file_name":"src\\lib.rs","byte_start":477,"byte_end":491,"line_start":22,"line_end":22,"column_start":1,"column_end":15,"is_primary":false,"text":[{"text":"pub struct Job {","highlight_start":1,"highlight_end":15}],"label":"method `unwrap` not found for this struct","suggested_replacement":null,"suggestion_applicability":null,"expansion":null}],"children":[],"rendered":"\u001b[1m\u001b[91merror[E0599]\u001b[0m\u001b[1m\u001b[97m: no method named `unwrap` found for struct `Job` in the current scope\u001b[0m\n   \u001b[1m\u001b[96m--> \u001b[0msrc\\test.rs:113:39\n    \u001b[1m\u001b[96m|\u001b[0m\n\u001b[1m\u001b[96m113\u001b[0m \u001b[1m\u001b[96m|\u001b[0m     let job = client.get_job(&job_id).unwrap();\n    \u001b[1m\u001b[96m|\u001b[0m                                       \u001b[1m\u001b[91m^^^^^^\u001b[0m \u001b[1m\u001b[91mmethod not found in `Job`\u001b[0m\n    \u001b[1m\u001b[96m|\u001b[0m\n   \u001b[1m\u001b[96m::: \u001b[0msrc\\lib.rs:22:1\n    \u001b[1m\u001b[96m|\u001b[0m\n \u001b[1m\u001b[96m22\u001b[0m \u001b[1m\u001b[96m|\u001b[0m pub struct Job {\n    \u001b[1m\u001b[96m|\u001b[0m \u001b[1m\u001b[96m--------------\u001b[0m \u001b[1m\u001b[96mmethod `unwrap` not found for this struct\u001b[0m\n\n"}
{"$message_type":"diagnostic","message":"no method named `mock_all_auths` found for struct `Env` in the current scope","code":{"code":"E0599","explanation":"This error occurs when a method is used on a type which doesn't implement it:\n\nErroneous code example:\n\n```compile_fail,E0599\nstruct Mouth;\n\nlet x = Mouth;\nx.chocolate(); // error: no method named `chocolate` found for type `Mouth`\n               //        in the current scope\n```\n\nIn this case, you need to implement the `chocolate` method to fix the error:\n\n```\nstruct Mouth;\n\nimpl Mouth {\n    fn chocolate(&self) { // We implement the `chocolate` method here.\n        println!(\"Hmmm! I love chocolate!\");\n    }\n}\n\nlet x = Mouth;\nx.chocolate(); // ok!\n```\n"},"level":"error","spans":[{"file_name":"src\\test.rs","byte_start":3544,"byte_end":3558,"line_start":120,"line_end":120,"column_start":9,"column_end":23,"is_primary":true,"text":[{"text":"    env.mock_all_auths();","highlight_start":9,"highlight_end":23}],"label":"method not found in `Env`","suggested_replacement":null,"suggestion_applicability":null,"expansion":null}],"children":[],"rendered":"\u001b[1m\u001b[91merror[E0599]\u001b[0m\u001b[1m\u001b[97m: no method named `mock_all_auths` found for struct `Env` in the current scope\u001b[0m\n   \u001b[1m\u001b[96m--> \u001b[0msrc\\test.rs:120:9\n    \u001b[1m\u001b[96m|\u001b[0m\n\u001b[1m\u001b[96m120\u001b[0m \u001b[1m\u001b[96m|\u001b[0m     env.mock_all_auths();\n    \u001b[1m\u001b[96m|\u001b[0m         \u001b[1m\u001b[91m^^^^^^^^^^^^^^\u001b[0m \u001b[1m\u001b[91mmethod not found in `Env`\u001b[0m\n\n"}
{"$message_type":"diagnostic","message":"no method named `register_contract` found for struct `Env` in the current scope","code":{"code":"E0599","explanation":"This error occurs when a method is used on a type which doesn't implement it:\n\nErroneous code example:\n\n```compile_fail,E0599\nstruct Mouth;\n\nlet x = Mouth;\nx.chocolate(); // error: no method named `chocolate` found for type `Mouth`\n               //        in the current scope\n```\n\nIn this case, you need to implement the `chocolate` method to fix the error:\n\n```\nstruct Mouth;\n\nimpl Mouth {\n    fn chocolate(&self) { // We implement the `chocolate` method here.\n        println!(\"Hmmm! I love chocolate!\");\n    }\n}\n\nlet x = Mouth;\nx.chocolate(); // ok!\n```\n"},"level":"error","spans":[{"file_name":"src\\test.rs","byte_start":3591,"byte_end":3608,"line_start":122,"line_end":122,"column_start":27,"column_end":44,"is_primary":true,"text":[{"text":"    let contract_id = env.register_contract(None, EscrowContract);","highlight_start":27,"highlight_end":44}],"label":null,"suggested_replacement":null,"suggestion_applicability":null,"expansion":null}],"children":[{"message":"there is a method `create_contract` with a similar name, but with different arguments","code":null,"level":"help","spans":[{"file_name":"C:\\Users\\Computer\\.cargo\\registry\\src\\index.crates.io-1949cf8c6b5b557f\\soroban-env-common-21.2.1\\src\\env.rs","byte_start":15110,"byte_end":15173,"line_start":346,"line_end":346,"column_start":9,"column_end":72,"is_primary":true,"text":[{"text":"        fn $fn_id(&self, $($arg:$type),*) -> Result<$ret, Self::Error>;","highlight_start":9,"highlight_end":72}],"label":null,"suggested_replacement":null,"suggestion_applicability":null,"expansion":{"span":{"file_name":"C:\\Users\\Computer\\.cargo\\registry\\src\\index.crates.io-1949cf8c6b5b557f\\soroban-env-common-21.2.1\\src\\env.rs","byte_start":17619,"byte_end":17713,"line_start":399,"line_end":399,"column_start":21,"column_end":115,"is_primary":false,"text":[{"text":"                    host_function_helper!{$($min_proto)?, $($max_proto)?, $(#[$fn_attr])* fn $fn_id $args -> $ret}","highlight_start":21,"highlight_end":115}],"label":null,"suggested_replacement":null,"suggestion_applicability":null,"expansion":{"span":{"file_name":"C:\\Users\\Computer\\.cargo\\registry\\src\\index.crates.io-1949cf8c6b5b557f\\soroban-env-common-21.2.1\\src\\env.rs","byte_start":14383,"byte_end":14439,"line_start":325,"line_end":325,"column_start":1,"column_end":57,"is_primary":false,"text":[{"text":"generate_call_macro_with_all_host_functions!(\"env.json\");","highlight_start":1,"highlight_end":57}],"label":null,"suggested_replacement":null,"suggestion_applicability":null,"expansion":{"span":{"file_name":"C:\\Users\\Computer\\.cargo\\registry\\src\\index.crates.io-1949cf8c6b5b557f\\soroban-env-common-21.2.1\\src\\env.rs","byte_start":17848,"byte_end":17906,"line_start":407,"line_end":407,"column_start":1,"column_end":59,"is_primary":false,"text":[{"text":"call_macro_with_all_host_functions! { generate_env_trait }","highlight_start":1,"highlight_end":59}],"label":null,"suggested_replacement":null,"suggestion_applicability":null,"expansion":null},"macro_decl_name":"call_macro_with_all_host_functions!","def_site_span":{"file_name":"C:\\Users\\Computer\\.cargo\\registry\\src\\index.crates.io-1949cf8c6b5b557f\\soroban-env-common-21.2.1\\src\\env.rs","byte_start":14383,"byte_end":14439,"line_start":325,"line_end":325,"column_start":1,"column_end":57,"is_primary":false,"text":[{"text":"generate_call_macro_with_all_host_functions!(\"env.json\");","highlight_start":1,"highlight_end":57}],"label":null,"suggested_replacement":null,"suggestion_applicability":null,"expansion":null}}},"macro_decl_name":"generate_env_trait!","def_site_span":{"file_name":"C:\\Users\\Computer\\.cargo\\registry\\src\\index.crates.io-1949cf8c6b5b557f\\soroban-env-common-21.2.1\\src\\env.rs","byte_start":15426,"byte_end":15457,"line_start":354,"line_end":354,"column_start":1,"column_end":32,"is_primary":false,"text":[{"text":"macro_rules! generate_env_trait {","highlight_start":1,"highlight_end":32}],"label":null,"suggested_replacement":null,"suggestion_applicability":null,"expansion":null}}},"macro_decl_name":"host_function_helper!","def_site_span":{"file_name":"C:\\Users\\Computer\\.cargo\\registry\\src\\index.crates.io-1949cf8c6b5b557f\\soroban-env-common-21.2.1\\src\\env.rs","byte_start":14882,"byte_end":14915,"line_start":338,"line_end":338,"column_start":1,"column_end":34,"is_primary":false,"text":[{"text":"macro_rules! host_function_helper {","highlight_start":1,"highlight_end":34}],"label":null,"suggested_replacement":null,"suggestion_applicability":null,"expansion":null}}}],"children":[],"rendered":null}],"rendered":"\u001b[1m\u001b[91merror[E0599]\u001b[0m\u001b[1m\u001b[97m: no method named `register_contract` found for struct `Env` in the current scope\u001b[0m\n   \u001b[1m\u001b[96m--> \u001b[0msrc\\test.rs:122:27\n    \u001b[1m\u001b[96m|\u001b[0m\n\u001b[1m\u001b[96m122\u001b[0m \u001b[1m\u001b[96m|\u001b[0m     let contract_id = env.register_contract(None, EscrowContract);\n    \u001b[1m\u001b[96m|\u001b[0m                           \u001b[1m\u001b[91m^^^^^^^^^^^^^^^^^\u001b[0m\n    \u001b[1m\u001b[96m|\u001b[0m\n\u001b[1m\u001b[96mhelp\u001b[0m: there is a method `create_contract` with a similar name, but with different arguments\n   \u001b[1m\u001b[96m--> \u001b[0mC:\\Users\\Computer\\.cargo\\registry\\src\\index.crates.io-1949cf8c6b5b557f\\soroban-env-common-21.2.1\\src\\env.rs:407:1\n    \u001b[1m\u001b[96m|\u001b[0m\n\u001b[1m\u001b[96m407\u001b[0m \u001b[1m\u001b[96m|\u001b[0m call_macro_with_all_host_functions! { generate_env_trait }\n    \u001b[1m\u001b[96m|\u001b[0m \u001b[1m\u001b[96m^^^^^^^^^^^^^^^^^^^^^^^^^^^^^^^^^^^^^^^^^^^^^^^^^^^^^^^^^^\u001b[0m\n    \u001b[1m\u001b[96m= \u001b[0m\u001b[1m\u001b[97mnote\u001b[0m: this error originates in the macro `host_function_helper` which comes from the expansion of the macro `call_macro_with_all_host_functions` (in Nightly builds, run with -Z macro-backtrace for more info)\n\n"}
{"$message_type":"diagnostic","message":"no function or associated item named `generate` found for struct `soroban_sdk::Address` in the current scope","code":{"code":"E0599","explanation":"This error occurs when a method is used on a type which doesn't implement it:\n\nErroneous code example:\n\n```compile_fail,E0599\nstruct Mouth;\n\nlet x = Mouth;\nx.chocolate(); // error: no method named `chocolate` found for type `Mouth`\n               //        in the current scope\n```\n\nIn this case, you need to implement the `chocolate` method to fix the error:\n\n```\nstruct Mouth;\n\nimpl Mouth {\n    fn chocolate(&self) { // We implement the `chocolate` method here.\n        println!(\"Hmmm! I love chocolate!\");\n    }\n}\n\nlet x = Mouth;\nx.chocolate(); // ok!\n```\n"},"level":"error","spans":[{"file_name":"src\\test.rs","byte_start":3731,"byte_end":3739,"line_start":125,"line_end":125,"column_start":32,"column_end":40,"is_primary":true,"text":[{"text":"    let client_addr = Address::generate(&env);","highlight_start":32,"highlight_end":40}],"label":"function or associated item not found in `soroban_sdk::Address`","suggested_replacement":null,"suggestion_applicability":null,"expansion":null}],"children":[{"message":"if you're trying to build a new `soroban_sdk::Address` consider using one of the following associated functions:\nsoroban_sdk::Address::from_string\nsoroban_sdk::Address::from_string_bytes","code":null,"level":"note","spans":[{"file_name":"C:\\Users\\Computer\\.cargo\\registry\\src\\index.crates.io-1949cf8c6b5b557f\\soroban-sdk-21.7.7\\src\\address.rs","byte_start":7959,"byte_end":8002,"line_start":235,"line_end":235,"column_start":5,"column_end":48,"is_primary":true,"text":[{"text":"    pub fn from_string(strkey: &String) -> Self {","highlight_start":5,"highlight_end":48}],"label":null,"suggested_replacement":null,"suggestion_applicability":null,"expansion":null},{"file_name":"C:\\Users\\Computer\\.cargo\\registry\\src\\index.crates.io-1949cf8c6b5b557f\\soroban-sdk-21.7.7\\src\\address.rs","byte_start":8914,"byte_end":8962,"line_start":257,"line_end":257,"column_start":5,"column_end":53,"is_primary":true,"text":[{"text":"    pub fn from_string_bytes(strkey: &Bytes) -> Self {","highlight_start":5,"highlight_end":53}],"label":null,"suggested_replacement":null,"suggestion_applicability":null,"expansion":null}],"children":[],"rendered":null}],"rendered":"\u001b[1m\u001b[91merror[E0599]\u001b[0m\u001b[1m\u001b[97m: no function or associated item named `generate` found for struct `soroban_sdk::Address` in the current scope\u001b[0m\n   \u001b[1m\u001b[96m--> \u001b[0msrc\\test.rs:125:32\n    \u001b[1m\u001b[96m|\u001b[0m\n\u001b[1m\u001b[96m125\u001b[0m \u001b[1m\u001b[96m|\u001b[0m     let client_addr = Address::generate(&env);\n    \u001b[1m\u001b[96m|\u001b[0m                                \u001b[1m\u001b[91m^^^^^^^^\u001b[0m \u001b[1m\u001b[91mfunction or associated item not found in `soroban_sdk::Address`\u001b[0m\n    \u001b[1m\u001b[96m|\u001b[0m\n\u001b[1m\u001b[92mnote\u001b[0m: if you're trying to build a new `soroban_sdk::Address` consider using one of the following associated functions:\n      soroban_sdk::Address::from_string\n      soroban_sdk::Address::from_string_bytes\n   \u001b[1m\u001b[96m--> \u001b[0mC:\\Users\\Computer\\.cargo\\registry\\src\\index.crates.io-1949cf8c6b5b557f\\soroban-sdk-21.7.7\\src\\address.rs:235:5\n    \u001b[1m\u001b[96m|\u001b[0m\n\u001b[1m\u001b[96m235\u001b[0m \u001b[1m\u001b[96m|\u001b[0m     pub fn from_string(strkey: &String) -> Self {\n    \u001b[1m\u001b[96m|\u001b[0m     \u001b[1m\u001b[92m^^^^^^^^^^^^^^^^^^^^^^^^^^^^^^^^^^^^^^^^^^^\u001b[0m\n\u001b[1m\u001b[96m...\u001b[0m\n\u001b[1m\u001b[96m257\u001b[0m \u001b[1m\u001b[96m|\u001b[0m     pub fn from_string_bytes(strkey: &Bytes) -> Self {\n    \u001b[1m\u001b[96m|\u001b[0m     \u001b[1m\u001b[92m^^^^^^^^^^^^^^^^^^^^^^^^^^^^^^^^^^^^^^^^^^^^^^^^\u001b[0m\n\n"}
{"$message_type":"diagnostic","message":"no function or associated item named `generate` found for struct `soroban_sdk::Address` in the current scope","code":{"code":"E0599","explanation":"This error occurs when a method is used on a type which doesn't implement it:\n\nErroneous code example:\n\n```compile_fail,E0599\nstruct Mouth;\n\nlet x = Mouth;\nx.chocolate(); // error: no method named `chocolate` found for type `Mouth`\n               //        in the current scope\n```\n\nIn this case, you need to implement the `chocolate` method to fix the error:\n\n```\nstruct Mouth;\n\nimpl Mouth {\n    fn chocolate(&self) { // We implement the `chocolate` method here.\n        println!(\"Hmmm! I love chocolate!\");\n    }\n}\n\nlet x = Mouth;\nx.chocolate(); // ok!\n```\n"},"level":"error","spans":[{"file_name":"src\\test.rs","byte_start":3783,"byte_end":3791,"line_start":126,"line_end":126,"column_start":36,"column_end":44,"is_primary":true,"text":[{"text":"    let freelancer_addr = Address::generate(&env);","highlight_start":36,"highlight_end":44}],"label":"function or associated item not found in `soroban_sdk::Address`","suggested_replacement":null,"suggestion_applicability":null,"expansion":null}],"children":[{"message":"if you're trying to build a new `soroban_sdk::Address` consider using one of the following associated functions:\nsoroban_sdk::Address::from_string\nsoroban_sdk::Address::from_string_bytes","code":null,"level":"note","spans":[{"file_name":"C:\\Users\\Computer\\.cargo\\registry\\src\\index.crates.io-1949cf8c6b5b557f\\soroban-sdk-21.7.7\\src\\address.rs","byte_start":7959,"byte_end":8002,"line_start":235,"line_end":235,"column_start":5,"column_end":48,"is_primary":true,"text":[{"text":"    pub fn from_string(strkey: &String) -> Self {","highlight_start":5,"highlight_end":48}],"label":null,"suggested_replacement":null,"suggestion_applicability":null,"expansion":null},{"file_name":"C:\\Users\\Computer\\.cargo\\registry\\src\\index.crates.io-1949cf8c6b5b557f\\soroban-sdk-21.7.7\\src\\address.rs","byte_start":8914,"byte_end":8962,"line_start":257,"line_end":257,"column_start":5,"column_end":53,"is_primary":true,"text":[{"text":"    pub fn from_string_bytes(strkey: &Bytes) -> Self {","highlight_start":5,"highlight_end":53}],"label":null,"suggested_replacement":null,"suggestion_applicability":null,"expansion":null}],"children":[],"rendered":null}],"rendered":"\u001b[1m\u001b[91merror[E0599]\u001b[0m\u001b[1m\u001b[97m: no function or associated item named `generate` found for struct `soroban_sdk::Address` in the current scope\u001b[0m\n   \u001b[1m\u001b[96m--> \u001b[0msrc\\test.rs:126:36\n    \u001b[1m\u001b[96m|\u001b[0m\n\u001b[1m\u001b[96m126\u001b[0m \u001b[1m\u001b[96m|\u001b[0m     let freelancer_addr = Address::generate(&env);\n    \u001b[1m\u001b[96m|\u001b[0m                                    \u001b[1m\u001b[91m^^^^^^^^\u001b[0m \u001b[1m\u001b[91mfunction or associated item not found in `soroban_sdk::Address`\u001b[0m\n    \u001b[1m\u001b[96m|\u001b[0m\n\u001b[1m\u001b[92mnote\u001b[0m: if you're trying to build a new `soroban_sdk::Address` consider using one of the following associated functions:\n      soroban_sdk::Address::from_string\n      soroban_sdk::Address::from_string_bytes\n   \u001b[1m\u001b[96m--> \u001b[0mC:\\Users\\Computer\\.cargo\\registry\\src\\index.crates.io-1949cf8c6b5b557f\\soroban-sdk-21.7.7\\src\\address.rs:235:5\n    \u001b[1m\u001b[96m|\u001b[0m\n\u001b[1m\u001b[96m235\u001b[0m \u001b[1m\u001b[96m|\u001b[0m     pub fn from_string(strkey: &String) -> Self {\n    \u001b[1m\u001b[96m|\u001b[0m     \u001b[1m\u001b[92m^^^^^^^^^^^^^^^^^^^^^^^^^^^^^^^^^^^^^^^^^^^\u001b[0m\n\u001b[1m\u001b[96m...\u001b[0m\n\u001b[1m\u001b[96m257\u001b[0m \u001b[1m\u001b[96m|\u001b[0m     pub fn from_string_bytes(strkey: &Bytes) -> Self {\n    \u001b[1m\u001b[96m|\u001b[0m     \u001b[1m\u001b[92m^^^^^^^^^^^^^^^^^^^^^^^^^^^^^^^^^^^^^^^^^^^^^^^^\u001b[0m\n\n"}
{"$message_type":"diagnostic","message":"no function or associated item named `generate` found for struct `soroban_sdk::Address` in the current scope","code":{"code":"E0599","explanation":"This error occurs when a method is used on a type which doesn't implement it:\n\nErroneous code example:\n\n```compile_fail,E0599\nstruct Mouth;\n\nlet x = Mouth;\nx.chocolate(); // error: no method named `chocolate` found for type `Mouth`\n               //        in the current scope\n```\n\nIn this case, you need to implement the `chocolate` method to fix the error:\n\n```\nstruct Mouth;\n\nimpl Mouth {\n    fn chocolate(&self) { // We implement the `chocolate` method here.\n        println!(\"Hmmm! I love chocolate!\");\n    }\n}\n\nlet x = Mouth;\nx.chocolate(); // ok!\n```\n"},"level":"error","spans":[{"file_name":"src\\test.rs","byte_start":3831,"byte_end":3839,"line_start":127,"line_end":127,"column_start":32,"column_end":40,"is_primary":true,"text":[{"text":"    let token_admin = Address::generate(&env);","highlight_start":32,"highlight_end":40}],"label":"function or associated item not found in `soroban_sdk::Address`","suggested_replacement":null,"suggestion_applicability":null,"expansion":null}],"children":[{"message":"if you're trying to build a new `soroban_sdk::Address` consider using one of the following associated functions:\nsoroban_sdk::Address::from_string\nsoroban_sdk::Address::from_string_bytes","code":null,"level":"note","spans":[{"file_name":"C:\\Users\\Computer\\.cargo\\registry\\src\\index.crates.io-1949cf8c6b5b557f\\soroban-sdk-21.7.7\\src\\address.rs","byte_start":7959,"byte_end":8002,"line_start":235,"line_end":235,"column_start":5,"column_end":48,"is_primary":true,"text":[{"text":"    pub fn from_string(strkey: &String) -> Self {","highlight_start":5,"highlight_end":48}],"label":null,"suggested_replacement":null,"suggestion_applicability":null,"expansion":null},{"file_name":"C:\\Users\\Computer\\.cargo\\registry\\src\\index.crates.io-1949cf8c6b5b557f\\soroban-sdk-21.7.7\\src\\address.rs","byte_start":8914,"byte_end":8962,"line_start":257,"line_end":257,"column_start":5,"column_end":53,"is_primary":true,"text":[{"text":"    pub fn from_string_bytes(strkey: &Bytes) -> Self {","highlight_start":5,"highlight_end":53}],"label":null,"suggested_replacement":null,"suggestion_applicability":null,"expansion":null}],"children":[],"rendered":null}],"rendered":"\u001b[1m\u001b[91merror[E0599]\u001b[0m\u001b[1m\u001b[97m: no function or associated item named `generate` found for struct `soroban_sdk::Address` in the current scope\u001b[0m\n   \u001b[1m\u001b[96m--> \u001b[0msrc\\test.rs:127:32\n    \u001b[1m\u001b[96m|\u001b[0m\n\u001b[1m\u001b[96m127\u001b[0m \u001b[1m\u001b[96m|\u001b[0m     let token_admin = Address::generate(&env);\n    \u001b[1m\u001b[96m|\u001b[0m                                \u001b[1m\u001b[91m^^^^^^^^\u001b[0m \u001b[1m\u001b[91mfunction or associated item not found in `soroban_sdk::Address`\u001b[0m\n    \u001b[1m\u001b[96m|\u001b[0m\n\u001b[1m\u001b[92mnote\u001b[0m: if you're trying to build a new `soroban_sdk::Address` consider using one of the following associated functions:\n      soroban_sdk::Address::from_string\n      soroban_sdk::Address::from_string_bytes\n   \u001b[1m\u001b[96m--> \u001b[0mC:\\Users\\Computer\\.cargo\\registry\\src\\index.crates.io-1949cf8c6b5b557f\\soroban-sdk-21.7.7\\src\\address.rs:235:5\n    \u001b[1m\u001b[96m|\u001b[0m\n\u001b[1m\u001b[96m235\u001b[0m \u001b[1m\u001b[96m|\u001b[0m     pub fn from_string(strkey: &String) -> Self {\n    \u001b[1m\u001b[96m|\u001b[0m     \u001b[1m\u001b[92m^^^^^^^^^^^^^^^^^^^^^^^^^^^^^^^^^^^^^^^^^^^\u001b[0m\n\u001b[1m\u001b[96m...\u001b[0m\n\u001b[1m\u001b[96m257\u001b[0m \u001b[1m\u001b[96m|\u001b[0m     pub fn from_string_bytes(strkey: &Bytes) -> Self {\n    \u001b[1m\u001b[96m|\u001b[0m     \u001b[1m\u001b[92m^^^^^^^^^^^^^^^^^^^^^^^^^^^^^^^^^^^^^^^^^^^^^^^^\u001b[0m\n\n"}
{"$message_type":"diagnostic","message":"no method named `mint` found for struct `Client<'a>` in the current scope","code":{"code":"E0599","explanation":"This error occurs when a method is used on a type which doesn't implement it:\n\nErroneous code example:\n\n```compile_fail,E0599\nstruct Mouth;\n\nlet x = Mouth;\nx.chocolate(); // error: no method named `chocolate` found for type `Mouth`\n               //        in the current scope\n```\n\nIn this case, you need to implement the `chocolate` method to fix the error:\n\n```\nstruct Mouth;\n\nimpl Mouth {\n    fn chocolate(&self) { // We implement the `chocolate` method here.\n        println!(\"Hmmm! I love chocolate!\");\n    }\n}\n\nlet x = Mouth;\nx.chocolate(); // ok!\n```\n"},"level":"error","spans":[{"file_name":"src\\test.rs","byte_start":3937,"byte_end":3941,"line_start":130,"line_end":130,"column_start":11,"column_end":15,"is_primary":true,"text":[{"text":"    token.mint(&client_addr, &10000);","highlight_start":11,"highlight_end":15}],"label":"method not found in `Client<'_>`","suggested_replacement":null,"suggestion_applicability":null,"expansion":null}],"children":[],"rendered":"\u001b[1m\u001b[91merror[E0599]\u001b[0m\u001b[1m\u001b[97m: no method named `mint` found for struct `Client<'a>` in the current scope\u001b[0m\n   \u001b[1m\u001b[96m--> \u001b[0msrc\\test.rs:130:11\n    \u001b[1m\u001b[96m|\u001b[0m\n\u001b[1m\u001b[96m130\u001b[0m \u001b[1m\u001b[96m|\u001b[0m     token.mint(&client_addr, &10000);\n    \u001b[1m\u001b[96m|\u001b[0m           \u001b[1m\u001b[91m^^^^\u001b[0m \u001b[1m\u001b[91mmethod not found in `Client<'_>`\u001b[0m\n\n"}
{"$message_type":"diagnostic","message":"mismatched types","code":{"code":"E0308","explanation":"Expected type did not match the received type.\n\nErroneous code examples:\n\n```compile_fail,E0308\nfn plus_one(x: i32) -> i32 {\n    x + 1\n}\n\nplus_one(\"Not a number\");\n//       ^^^^^^^^^^^^^^ expected `i32`, found `&str`\n\nif \"Not a bool\" {\n// ^^^^^^^^^^^^ expected `bool`, found `&str`\n}\n\nlet x: f32 = \"Not a float\";\n//     ---   ^^^^^^^^^^^^^ expected `f32`, found `&str`\n//     |\n//     expected due to this\n```\n\nThis error occurs when an expression was used in a place where the compiler\nexpected an expression of a different type. It can occur in several cases, the\nmost common being when calling a function and passing an argument which has a\ndifferent type than the matching type in the function declaration.\n"},"level":"error","spans":[{"file_name":"src\\test.rs","byte_start":4457,"byte_end":4465,"line_start":151,"line_end":151,"column_start":31,"column_end":39,"is_primary":true,"text":[{"text":"    assert_eq!(reject_result, Ok(true));","highlight_start":31,"highlight_end":39}],"label":"expected `bool`, found `Result<bool, _>`","suggested_replacement":null,"suggestion_applicability":null,"expansion":null}],"children":[{"message":"expected type `bool`\n   found enum `core::result::Result<bool, _>`","code":null,"level":"note","spans":[],"children":[],"rendered":null}],"rendered":"\u001b[1m\u001b[91merror[E0308]\u001b[0m\u001b[1m\u001b[97m: mismatched types\u001b[0m\n   \u001b[1m\u001b[96m--> \u001b[0msrc\\test.rs:151:31\n    \u001b[1m\u001b[96m|\u001b[0m\n\u001b[1m\u001b[96m151\u001b[0m \u001b[1m\u001b[96m|\u001b[0m     assert_eq!(reject_result, Ok(true));\n    \u001b[1m\u001b[96m|\u001b[0m                               \u001b[1m\u001b[91m^^^^^^^^\u001b[0m \u001b[1m\u001b[91mexpected `bool`, found `Result<bool, _>`\u001b[0m\n    \u001b[1m\u001b[96m|\u001b[0m\n    \u001b[1m\u001b[96m= \u001b[0m\u001b[1m\u001b[97mnote\u001b[0m: expected type `\u001b[1m\u001b[35mbool\u001b[0m`\n               found enum `\u001b[1m\u001b[35mcore::result::Result<bool, _>\u001b[0m`\n\n"}
{"$message_type":"diagnostic","message":"no method named `unwrap` found for struct `Job` in the current scope","code":{"code":"E0599","explanation":"This error occurs when a method is used on a type which doesn't implement it:\n\nErroneous code example:\n\n```compile_fail,E0599\nstruct Mouth;\n\nlet x = Mouth;\nx.chocolate(); // error: no method named `chocolate` found for type `Mouth`\n               //        in the current scope\n```\n\nIn this case, you need to implement the `chocolate` method to fix the error:\n\n```\nstruct Mouth;\n\nimpl Mouth {\n    fn chocolate(&self) { // We implement the `chocolate` method here.\n        println!(\"Hmmm! I love chocolate!\");\n    }\n}\n\nlet x = Mouth;\nx.chocolate(); // ok!\n```\n"},"level":"error","spans":[{"file_name":"src\\test.rs","byte_start":4898,"byte_end":4904,"line_start":162,"line_end":162,"column_start":39,"column_end":45,"is_primary":true,"text":[{"text":"    let job = client.get_job(&job_id).unwrap();","highlight_start":39,"highlight_end":45}],"label":"method not found in `Job`","suggested_replacement":null,"suggestion_applicability":null,"expansion":null},{"file_name":"src\\lib.rs","byte_start":477,"byte_end":491,"line_start":22,"line_end":22,"column_start":1,"column_end":15,"is_primary":false,"text":[{"text":"pub struct Job {","highlight_start":1,"highlight_end":15}],"label":"method `unwrap` not found for this struct","suggested_replacement":null,"suggestion_applicability":null,"expansion":null}],"children":[],"rendered":"\u001b[1m\u001b[91merror[E0599]\u001b[0m\u001b[1m\u001b[97m: no method named `unwrap` found for struct `Job` in the current scope\u001b[0m\n   \u001b[1m\u001b[96m--> \u001b[0msrc\\test.rs:162:39\n    \u001b[1m\u001b[96m|\u001b[0m\n\u001b[1m\u001b[96m162\u001b[0m \u001b[1m\u001b[96m|\u001b[0m     let job = client.get_job(&job_id).unwrap();\n    \u001b[1m\u001b[96m|\u001b[0m                                       \u001b[1m\u001b[91m^^^^^^\u001b[0m \u001b[1m\u001b[91mmethod not found in `Job`\u001b[0m\n    \u001b[1m\u001b[96m|\u001b[0m\n   \u001b[1m\u001b[96m::: \u001b[0msrc\\lib.rs:22:1\n    \u001b[1m\u001b[96m|\u001b[0m\n \u001b[1m\u001b[96m22\u001b[0m \u001b[1m\u001b[96m|\u001b[0m pub struct Job {\n    \u001b[1m\u001b[96m|\u001b[0m \u001b[1m\u001b[96m--------------\u001b[0m \u001b[1m\u001b[96mmethod `unwrap` not found for this struct\u001b[0m\n\n"}
{"$message_type":"diagnostic","message":"no method named `mock_all_auths` found for struct `Env` in the current scope","code":{"code":"E0599","explanation":"This error occurs when a method is used on a type which doesn't implement it:\n\nErroneous code example:\n\n```compile_fail,E0599\nstruct Mouth;\n\nlet x = Mouth;\nx.chocolate(); // error: no method named `chocolate` found for type `Mouth`\n               //        in the current scope\n```\n\nIn this case, you need to implement the `chocolate` method to fix the error:\n\n```\nstruct Mouth;\n\nimpl Mouth {\n    fn chocolate(&self) { // We implement the `chocolate` method here.\n        println!(\"Hmmm! I love chocolate!\");\n    }\n}\n\nlet x = Mouth;\nx.chocolate(); // ok!\n```\n"},"level":"error","spans":[{"file_name":"src\\test.rs","byte_start":5035,"byte_end":5049,"line_start":169,"line_end":169,"column_start":9,"column_end":23,"is_primary":true,"text":[{"text":"    env.mock_all_auths();","highlight_start":9,"highlight_end":23}],"label":"method not found in `Env`","suggested_replacement":null,"suggestion_applicability":null,"expansion":null}],"children":[],"rendered":"\u001b[1m\u001b[91merror[E0599]\u001b[0m\u001b[1m\u001b[97m: no method named `mock_all_auths` found for struct `Env` in the current scope\u001b[0m\n   \u001b[1m\u001b[96m--> \u001b[0msrc\\test.rs:169:9\n    \u001b[1m\u001b[96m|\u001b[0m\n\u001b[1m\u001b[96m169\u001b[0m \u001b[1m\u001b[96m|\u001b[0m     env.mock_all_auths();\n    \u001b[1m\u001b[96m|\u001b[0m         \u001b[1m\u001b[91m^^^^^^^^^^^^^^\u001b[0m \u001b[1m\u001b[91mmethod not found in `Env`\u001b[0m\n\n"}
{"$message_type":"diagnostic","message":"no method named `register_contract` found for struct `Env` in the current scope","code":{"code":"E0599","explanation":"This error occurs when a method is used on a type which doesn't implement it:\n\nErroneous code example:\n\n```compile_fail,E0599\nstruct Mouth;\n\nlet x = Mouth;\nx.chocolate(); // error: no method named `chocolate` found for type `Mouth`\n               //        in the current scope\n```\n\nIn this case, you need to implement the `chocolate` method to fix the error:\n\n```\nstruct Mouth;\n\nimpl Mouth {\n    fn chocolate(&self) { // We implement the `chocolate` method here.\n        println!(\"Hmmm! I love chocolate!\");\n    }\n}\n\nlet x = Mouth;\nx.chocolate(); // ok!\n```\n"},"level":"error","spans":[{"file_name":"src\\test.rs","byte_start":5082,"byte_end":5099,"line_start":171,"line_end":171,"column_start":27,"column_end":44,"is_primary":true,"text":[{"text":"    let contract_id = env.register_contract(None, EscrowContract);","highlight_start":27,"highlight_end":44}],"label":null,"suggested_replacement":null,"suggestion_applicability":null,"expansion":null}],"children":[{"message":"there is a method `create_contract` with a similar name, but with different arguments","code":null,"level":"help","spans":[{"file_name":"C:\\Users\\Computer\\.cargo\\registry\\src\\index.crates.io-1949cf8c6b5b557f\\soroban-env-common-21.2.1\\src\\env.rs","byte_start":15110,"byte_end":15173,"line_start":346,"line_end":346,"column_start":9,"column_end":72,"is_primary":true,"text":[{"text":"        fn $fn_id(&self, $($arg:$type),*) -> Result<$ret, Self::Error>;","highlight_start":9,"highlight_end":72}],"label":null,"suggested_replacement":null,"suggestion_applicability":null,"expansion":{"span":{"file_name":"C:\\Users\\Computer\\.cargo\\registry\\src\\index.crates.io-1949cf8c6b5b557f\\soroban-env-common-21.2.1\\src\\env.rs","byte_start":17619,"byte_end":17713,"line_start":399,"line_end":399,"column_start":21,"column_end":115,"is_primary":false,"text":[{"text":"                    host_function_helper!{$($min_proto)?, $($max_proto)?, $(#[$fn_attr])* fn $fn_id $args -> $ret}","highlight_start":21,"highlight_end":115}],"label":null,"suggested_replacement":null,"suggestion_applicability":null,"expansion":{"span":{"file_name":"C:\\Users\\Computer\\.cargo\\registry\\src\\index.crates.io-1949cf8c6b5b557f\\soroban-env-common-21.2.1\\src\\env.rs","byte_start":14383,"byte_end":14439,"line_start":325,"line_end":325,"column_start":1,"column_end":57,"is_primary":false,"text":[{"text":"generate_call_macro_with_all_host_functions!(\"env.json\");","highlight_start":1,"highlight_end":57}],"label":null,"suggested_replacement":null,"suggestion_applicability":null,"expansion":{"span":{"file_name":"C:\\Users\\Computer\\.cargo\\registry\\src\\index.crates.io-1949cf8c6b5b557f\\soroban-env-common-21.2.1\\src\\env.rs","byte_start":17848,"byte_end":17906,"line_start":407,"line_end":407,"column_start":1,"column_end":59,"is_primary":false,"text":[{"text":"call_macro_with_all_host_functions! { generate_env_trait }","highlight_start":1,"highlight_end":59}],"label":null,"suggested_replacement":null,"suggestion_applicability":null,"expansion":null},"macro_decl_name":"call_macro_with_all_host_functions!","def_site_span":{"file_name":"C:\\Users\\Computer\\.cargo\\registry\\src\\index.crates.io-1949cf8c6b5b557f\\soroban-env-common-21.2.1\\src\\env.rs","byte_start":14383,"byte_end":14439,"line_start":325,"line_end":325,"column_start":1,"column_end":57,"is_primary":false,"text":[{"text":"generate_call_macro_with_all_host_functions!(\"env.json\");","highlight_start":1,"highlight_end":57}],"label":null,"suggested_replacement":null,"suggestion_applicability":null,"expansion":null}}},"macro_decl_name":"generate_env_trait!","def_site_span":{"file_name":"C:\\Users\\Computer\\.cargo\\registry\\src\\index.crates.io-1949cf8c6b5b557f\\soroban-env-common-21.2.1\\src\\env.rs","byte_start":15426,"byte_end":15457,"line_start":354,"line_end":354,"column_start":1,"column_end":32,"is_primary":false,"text":[{"text":"macro_rules! generate_env_trait {","highlight_start":1,"highlight_end":32}],"label":null,"suggested_replacement":null,"suggestion_applicability":null,"expansion":null}}},"macro_decl_name":"host_function_helper!","def_site_span":{"file_name":"C:\\Users\\Computer\\.cargo\\registry\\src\\index.crates.io-1949cf8c6b5b557f\\soroban-env-common-21.2.1\\src\\env.rs","byte_start":14882,"byte_end":14915,"line_start":338,"line_end":338,"column_start":1,"column_end":34,"is_primary":false,"text":[{"text":"macro_rules! host_function_helper {","highlight_start":1,"highlight_end":34}],"label":null,"suggested_replacement":null,"suggestion_applicability":null,"expansion":null}}}],"children":[],"rendered":null}],"rendered":"\u001b[1m\u001b[91merror[E0599]\u001b[0m\u001b[1m\u001b[97m: no method named `register_contract` found for struct `Env` in the current scope\u001b[0m\n   \u001b[1m\u001b[96m--> \u001b[0msrc\\test.rs:171:27\n    \u001b[1m\u001b[96m|\u001b[0m\n\u001b[1m\u001b[96m171\u001b[0m \u001b[1m\u001b[96m|\u001b[0m     let contract_id = env.register_contract(None, EscrowContract);\n    \u001b[1m\u001b[96m|\u001b[0m                           \u001b[1m\u001b[91m^^^^^^^^^^^^^^^^^\u001b[0m\n    \u001b[1m\u001b[96m|\u001b[0m\n\u001b[1m\u001b[96mhelp\u001b[0m: there is a method `create_contract` with a similar name, but with different arguments\n   \u001b[1m\u001b[96m--> \u001b[0mC:\\Users\\Computer\\.cargo\\registry\\src\\index.crates.io-1949cf8c6b5b557f\\soroban-env-common-21.2.1\\src\\env.rs:407:1\n    \u001b[1m\u001b[96m|\u001b[0m\n\u001b[1m\u001b[96m407\u001b[0m \u001b[1m\u001b[96m|\u001b[0m call_macro_with_all_host_functions! { generate_env_trait }\n    \u001b[1m\u001b[96m|\u001b[0m \u001b[1m\u001b[96m^^^^^^^^^^^^^^^^^^^^^^^^^^^^^^^^^^^^^^^^^^^^^^^^^^^^^^^^^^\u001b[0m\n    \u001b[1m\u001b[96m= \u001b[0m\u001b[1m\u001b[97mnote\u001b[0m: this error originates in the macro `host_function_helper` which comes from the expansion of the macro `call_macro_with_all_host_functions` (in Nightly builds, run with -Z macro-backtrace for more info)\n\n"}
{"$message_type":"diagnostic","message":"no function or associated item named `generate` found for struct `soroban_sdk::Address` in the current scope","code":{"code":"E0599","explanation":"This error occurs when a method is used on a type which doesn't implement it:\n\nErroneous code example:\n\n```compile_fail,E0599\nstruct Mouth;\n\nlet x = Mouth;\nx.chocolate(); // error: no method named `chocolate` found for type `Mouth`\n               //        in the current scope\n```\n\nIn this case, you need to implement the `chocolate` method to fix the error:\n\n```\nstruct Mouth;\n\nimpl Mouth {\n    fn chocolate(&self) { // We implement the `chocolate` method here.\n        println!(\"Hmmm! I love chocolate!\");\n    }\n}\n\nlet x = Mouth;\nx.chocolate(); // ok!\n```\n"},"level":"error","spans":[{"file_name":"src\\test.rs","byte_start":5222,"byte_end":5230,"line_start":174,"line_end":174,"column_start":32,"column_end":40,"is_primary":true,"text":[{"text":"    let client_addr = Address::generate(&env);","highlight_start":32,"highlight_end":40}],"label":"function or associated item not found in `soroban_sdk::Address`","suggested_replacement":null,"suggestion_applicability":null,"expansion":null}],"children":[{"message":"if you're trying to build a new `soroban_sdk::Address` consider using one of the following associated functions:\nsoroban_sdk::Address::from_string\nsoroban_sdk::Address::from_string_bytes","code":null,"level":"note","spans":[{"file_name":"C:\\Users\\Computer\\.cargo\\registry\\src\\index.crates.io-1949cf8c6b5b557f\\soroban-sdk-21.7.7\\src\\address.rs","byte_start":7959,"byte_end":8002,"line_start":235,"line_end":235,"column_start":5,"column_end":48,"is_primary":true,"text":[{"text":"    pub fn from_string(strkey: &String) -> Self {","highlight_start":5,"highlight_end":48}],"label":null,"suggested_replacement":null,"suggestion_applicability":null,"expansion":null},{"file_name":"C:\\Users\\Computer\\.cargo\\registry\\src\\index.crates.io-1949cf8c6b5b557f\\soroban-sdk-21.7.7\\src\\address.rs","byte_start":8914,"byte_end":8962,"line_start":257,"line_end":257,"column_start":5,"column_end":53,"is_primary":true,"text":[{"text":"    pub fn from_string_bytes(strkey: &Bytes) -> Self {","highlight_start":5,"highlight_end":53}],"label":null,"suggested_replacement":null,"suggestion_applicability":null,"expansion":null}],"children":[],"rendered":null}],"rendered":"\u001b[1m\u001b[91merror[E0599]\u001b[0m\u001b[1m\u001b[97m: no function or associated item named `generate` found for struct `soroban_sdk::Address` in the current scope\u001b[0m\n   \u001b[1m\u001b[96m--> \u001b[0msrc\\test.rs:174:32\n    \u001b[1m\u001b[96m|\u001b[0m\n\u001b[1m\u001b[96m174\u001b[0m \u001b[1m\u001b[96m|\u001b[0m     let client_addr = Address::generate(&env);\n    \u001b[1m\u001b[96m|\u001b[0m                                \u001b[1m\u001b[91m^^^^^^^^\u001b[0m \u001b[1m\u001b[91mfunction or associated item not found in `soroban_sdk::Address`\u001b[0m\n    \u001b[1m\u001b[96m|\u001b[0m\n\u001b[1m\u001b[92mnote\u001b[0m: if you're trying to build a new `soroban_sdk::Address` consider using one of the following associated functions:\n      soroban_sdk::Address::from_string\n      soroban_sdk::Address::from_string_bytes\n   \u001b[1m\u001b[96m--> \u001b[0mC:\\Users\\Computer\\.cargo\\registry\\src\\index.crates.io-1949cf8c6b5b557f\\soroban-sdk-21.7.7\\src\\address.rs:235:5\n    \u001b[1m\u001b[96m|\u001b[0m\n\u001b[1m\u001b[96m235\u001b[0m \u001b[1m\u001b[96m|\u001b[0m     pub fn from_string(strkey: &String) -> Self {\n    \u001b[1m\u001b[96m|\u001b[0m     \u001b[1m\u001b[92m^^^^^^^^^^^^^^^^^^^^^^^^^^^^^^^^^^^^^^^^^^^\u001b[0m\n\u001b[1m\u001b[96m...\u001b[0m\n\u001b[1m\u001b[96m257\u001b[0m \u001b[1m\u001b[96m|\u001b[0m     pub fn from_string_bytes(strkey: &Bytes) -> Self {\n    \u001b[1m\u001b[96m|\u001b[0m     \u001b[1m\u001b[92m^^^^^^^^^^^^^^^^^^^^^^^^^^^^^^^^^^^^^^^^^^^^^^^^\u001b[0m\n\n"}
{"$message_type":"diagnostic","message":"no function or associated item named `generate` found for struct `soroban_sdk::Address` in the current scope","code":{"code":"E0599","explanation":"This error occurs when a method is used on a type which doesn't implement it:\n\nErroneous code example:\n\n```compile_fail,E0599\nstruct Mouth;\n\nlet x = Mouth;\nx.chocolate(); // error: no method named `chocolate` found for type `Mouth`\n               //        in the current scope\n```\n\nIn this case, you need to implement the `chocolate` method to fix the error:\n\n```\nstruct Mouth;\n\nimpl Mouth {\n    fn chocolate(&self) { // We implement the `chocolate` method here.\n        println!(\"Hmmm! I love chocolate!\");\n    }\n}\n\nlet x = Mouth;\nx.chocolate(); // ok!\n```\n"},"level":"error","spans":[{"file_name":"src\\test.rs","byte_start":5274,"byte_end":5282,"line_start":175,"line_end":175,"column_start":36,"column_end":44,"is_primary":true,"text":[{"text":"    let freelancer_addr = Address::generate(&env);","highlight_start":36,"highlight_end":44}],"label":"function or associated item not found in `soroban_sdk::Address`","suggested_replacement":null,"suggestion_applicability":null,"expansion":null}],"children":[{"message":"if you're trying to build a new `soroban_sdk::Address` consider using one of the following associated functions:\nsoroban_sdk::Address::from_string\nsoroban_sdk::Address::from_string_bytes","code":null,"level":"note","spans":[{"file_name":"C:\\Users\\Computer\\.cargo\\registry\\src\\index.crates.io-1949cf8c6b5b557f\\soroban-sdk-21.7.7\\src\\address.rs","byte_start":7959,"byte_end":8002,"line_start":235,"line_end":235,"column_start":5,"column_end":48,"is_primary":true,"text":[{"text":"    pub fn from_string(strkey: &String) -> Self {","highlight_start":5,"highlight_end":48}],"label":null,"suggested_replacement":null,"suggestion_applicability":null,"expansion":null},{"file_name":"C:\\Users\\Computer\\.cargo\\registry\\src\\index.crates.io-1949cf8c6b5b557f\\soroban-sdk-21.7.7\\src\\address.rs","byte_start":8914,"byte_end":8962,"line_start":257,"line_end":257,"column_start":5,"column_end":53,"is_primary":true,"text":[{"text":"    pub fn from_string_bytes(strkey: &Bytes) -> Self {","highlight_start":5,"highlight_end":53}],"label":null,"suggested_replacement":null,"suggestion_applicability":null,"expansion":null}],"children":[],"rendered":null}],"rendered":"\u001b[1m\u001b[91merror[E0599]\u001b[0m\u001b[1m\u001b[97m: no function or associated item named `generate` found for struct `soroban_sdk::Address` in the current scope\u001b[0m\n   \u001b[1m\u001b[96m--> \u001b[0msrc\\test.rs:175:36\n    \u001b[1m\u001b[96m|\u001b[0m\n\u001b[1m\u001b[96m175\u001b[0m \u001b[1m\u001b[96m|\u001b[0m     let freelancer_addr = Address::generate(&env);\n    \u001b[1m\u001b[96m|\u001b[0m                                    \u001b[1m\u001b[91m^^^^^^^^\u001b[0m \u001b[1m\u001b[91mfunction or associated item not found in `soroban_sdk::Address`\u001b[0m\n    \u001b[1m\u001b[96m|\u001b[0m\n\u001b[1m\u001b[92mnote\u001b[0m: if you're trying to build a new `soroban_sdk::Address` consider using one of the following associated functions:\n      soroban_sdk::Address::from_string\n      soroban_sdk::Address::from_string_bytes\n   \u001b[1m\u001b[96m--> \u001b[0mC:\\Users\\Computer\\.cargo\\registry\\src\\index.crates.io-1949cf8c6b5b557f\\soroban-sdk-21.7.7\\src\\address.rs:235:5\n    \u001b[1m\u001b[96m|\u001b[0m\n\u001b[1m\u001b[96m235\u001b[0m \u001b[1m\u001b[96m|\u001b[0m     pub fn from_string(strkey: &String) -> Self {\n    \u001b[1m\u001b[96m|\u001b[0m     \u001b[1m\u001b[92m^^^^^^^^^^^^^^^^^^^^^^^^^^^^^^^^^^^^^^^^^^^\u001b[0m\n\u001b[1m\u001b[96m...\u001b[0m\n\u001b[1m\u001b[96m257\u001b[0m \u001b[1m\u001b[96m|\u001b[0m     pub fn from_string_bytes(strkey: &Bytes) -> Self {\n    \u001b[1m\u001b[96m|\u001b[0m     \u001b[1m\u001b[92m^^^^^^^^^^^^^^^^^^^^^^^^^^^^^^^^^^^^^^^^^^^^^^^^\u001b[0m\n\n"}
{"$message_type":"diagnostic","message":"no function or associated item named `generate` found for struct `soroban_sdk::Address` in the current scope","code":{"code":"E0599","explanation":"This error occurs when a method is used on a type which doesn't implement it:\n\nErroneous code example:\n\n```compile_fail,E0599\nstruct Mouth;\n\nlet x = Mouth;\nx.chocolate(); // error: no method named `chocolate` found for type `Mouth`\n               //        in the current scope\n```\n\nIn this case, you need to implement the `chocolate` method to fix the error:\n\n```\nstruct Mouth;\n\nimpl Mouth {\n    fn chocolate(&self) { // We implement the `chocolate` method here.\n        println!(\"Hmmm! I love chocolate!\");\n    }\n}\n\nlet x = Mouth;\nx.chocolate(); // ok!\n```\n"},"level":"error","spans":[{"file_name":"src\\test.rs","byte_start":5322,"byte_end":5330,"line_start":176,"line_end":176,"column_start":32,"column_end":40,"is_primary":true,"text":[{"text":"    let token_admin = Address::generate(&env);","highlight_start":32,"highlight_end":40}],"label":"function or associated item not found in `soroban_sdk::Address`","suggested_replacement":null,"suggestion_applicability":null,"expansion":null}],"children":[{"message":"if you're trying to build a new `soroban_sdk::Address` consider using one of the following associated functions:\nsoroban_sdk::Address::from_string\nsoroban_sdk::Address::from_string_bytes","code":null,"level":"note","spans":[{"file_name":"C:\\Users\\Computer\\.cargo\\registry\\src\\index.crates.io-1949cf8c6b5b557f\\soroban-sdk-21.7.7\\src\\address.rs","byte_start":7959,"byte_end":8002,"line_start":235,"line_end":235,"column_start":5,"column_end":48,"is_primary":true,"text":[{"text":"    pub fn from_string(strkey: &String) -> Self {","highlight_start":5,"highlight_end":48}],"label":null,"suggested_replacement":null,"suggestion_applicability":null,"expansion":null},{"file_name":"C:\\Users\\Computer\\.cargo\\registry\\src\\index.crates.io-1949cf8c6b5b557f\\soroban-sdk-21.7.7\\src\\address.rs","byte_start":8914,"byte_end":8962,"line_start":257,"line_end":257,"column_start":5,"column_end":53,"is_primary":true,"text":[{"text":"    pub fn from_string_bytes(strkey: &Bytes) -> Self {","highlight_start":5,"highlight_end":53}],"label":null,"suggested_replacement":null,"suggestion_applicability":null,"expansion":null}],"children":[],"rendered":null}],"rendered":"\u001b[1m\u001b[91merror[E0599]\u001b[0m\u001b[1m\u001b[97m: no function or associated item named `generate` found for struct `soroban_sdk::Address` in the current scope\u001b[0m\n   \u001b[1m\u001b[96m--> \u001b[0msrc\\test.rs:176:32\n    \u001b[1m\u001b[96m|\u001b[0m\n\u001b[1m\u001b[96m176\u001b[0m \u001b[1m\u001b[96m|\u001b[0m     let token_admin = Address::generate(&env);\n    \u001b[1m\u001b[96m|\u001b[0m                                \u001b[1m\u001b[91m^^^^^^^^\u001b[0m \u001b[1m\u001b[91mfunction or associated item not found in `soroban_sdk::Address`\u001b[0m\n    \u001b[1m\u001b[96m|\u001b[0m\n\u001b[1m\u001b[92mnote\u001b[0m: if you're trying to build a new `soroban_sdk::Address` consider using one of the following associated functions:\n      soroban_sdk::Address::from_string\n      soroban_sdk::Address::from_string_bytes\n   \u001b[1m\u001b[96m--> \u001b[0mC:\\Users\\Computer\\.cargo\\registry\\src\\index.crates.io-1949cf8c6b5b557f\\soroban-sdk-21.7.7\\src\\address.rs:235:5\n    \u001b[1m\u001b[96m|\u001b[0m\n\u001b[1m\u001b[96m235\u001b[0m \u001b[1m\u001b[96m|\u001b[0m     pub fn from_string(strkey: &String) -> Self {\n    \u001b[1m\u001b[96m|\u001b[0m     \u001b[1m\u001b[92m^^^^^^^^^^^^^^^^^^^^^^^^^^^^^^^^^^^^^^^^^^^\u001b[0m\n\u001b[1m\u001b[96m...\u001b[0m\n\u001b[1m\u001b[96m257\u001b[0m \u001b[1m\u001b[96m|\u001b[0m     pub fn from_string_bytes(strkey: &Bytes) -> Self {\n    \u001b[1m\u001b[96m|\u001b[0m     \u001b[1m\u001b[92m^^^^^^^^^^^^^^^^^^^^^^^^^^^^^^^^^^^^^^^^^^^^^^^^\u001b[0m\n\n"}
{"$message_type":"diagnostic","message":"no method named `mint` found for struct `Client<'a>` in the current scope","code":{"code":"E0599","explanation":"This error occurs when a method is used on a type which doesn't implement it:\n\nErroneous code example:\n\n```compile_fail,E0599\nstruct Mouth;\n\nlet x = Mouth;\nx.chocolate(); // error: no method named `chocolate` found for type `Mouth`\n               //        in the current scope\n```\n\nIn this case, you need to implement the `chocolate` method to fix the error:\n\n```\nstruct Mouth;\n\nimpl Mouth {\n    fn chocolate(&self) { // We implement the `chocolate` method here.\n        println!(\"Hmmm! I love chocolate!\");\n    }\n}\n\nlet x = Mouth;\nx.chocolate(); // ok!\n```\n"},"level":"error","spans":[{"file_name":"src\\test.rs","byte_start":5428,"byte_end":5432,"line_start":179,"line_end":179,"column_start":11,"column_end":15,"is_primary":true,"text":[{"text":"    token.mint(&client_addr, &10000);","highlight_start":11,"highlight_end":15}],"label":"method not found in `Client<'_>`","suggested_replacement":null,"suggestion_applicability":null,"expansion":null}],"children":[],"rendered":"\u001b[1m\u001b[91merror[E0599]\u001b[0m\u001b[1m\u001b[97m: no method named `mint` found for struct `Client<'a>` in the current scope\u001b[0m\n   \u001b[1m\u001b[96m--> \u001b[0msrc\\test.rs:179:11\n    \u001b[1m\u001b[96m|\u001b[0m\n\u001b[1m\u001b[96m179\u001b[0m \u001b[1m\u001b[96m|\u001b[0m     token.mint(&client_addr, &10000);\n    \u001b[1m\u001b[96m|\u001b[0m           \u001b[1m\u001b[91m^^^^\u001b[0m \u001b[1m\u001b[91mmethod not found in `Client<'_>`\u001b[0m\n\n"}
{"$message_type":"diagnostic","message":"mismatched types","code":{"code":"E0308","explanation":"Expected type did not match the received type.\n\nErroneous code examples:\n\n```compile_fail,E0308\nfn plus_one(x: i32) -> i32 {\n    x + 1\n}\n\nplus_one(\"Not a number\");\n//       ^^^^^^^^^^^^^^ expected `i32`, found `&str`\n\nif \"Not a bool\" {\n// ^^^^^^^^^^^^ expected `bool`, found `&str`\n}\n\nlet x: f32 = \"Not a float\";\n//     ---   ^^^^^^^^^^^^^ expected `f32`, found `&str`\n//     |\n//     expected due to this\n```\n\nThis error occurs when an expression was used in a place where the compiler\nexpected an expression of a different type. It can occur in several cases, the\nmost common being when calling a function and passing an argument which has a\ndifferent type than the matching type in the function declaration.\n"},"level":"error","spans":[{"file_name":"src\\test.rs","byte_start":5979,"byte_end":5987,"line_start":198,"line_end":198,"column_start":32,"column_end":40,"is_primary":true,"text":[{"text":"    assert_eq!(initial_result, Ok(true));","highlight_start":32,"highlight_end":40}],"label":"expected `bool`, found `Result<bool, _>`","suggested_replacement":null,"suggestion_applicability":null,"expansion":null}],"children":[{"message":"expected type `bool`\n   found enum `core::result::Result<bool, _>`","code":null,"level":"note","spans":[],"children":[],"rendered":null}],"rendered":"\u001b[1m\u001b[91merror[E0308]\u001b[0m\u001b[1m\u001b[97m: mismatched types\u001b[0m\n   \u001b[1m\u001b[96m--> \u001b[0msrc\\test.rs:198:32\n    \u001b[1m\u001b[96m|\u001b[0m\n\u001b[1m\u001b[96m198\u001b[0m \u001b[1m\u001b[96m|\u001b[0m     assert_eq!(initial_result, Ok(true));\n    \u001b[1m\u001b[96m|\u001b[0m                                \u001b[1m\u001b[91m^^^^^^^^\u001b[0m \u001b[1m\u001b[91mexpected `bool`, found `Result<bool, _>`\u001b[0m\n    \u001b[1m\u001b[96m|\u001b[0m\n    \u001b[1m\u001b[96m= \u001b[0m\u001b[1m\u001b[97mnote\u001b[0m: expected type `\u001b[1m\u001b[35mbool\u001b[0m`\n               found enum `\u001b[1m\u001b[35mcore::result::Result<bool, _>\u001b[0m`\n\n"}
{"$message_type":"diagnostic","message":"no method named `mock_all_auths` found for struct `Env` in the current scope","code":{"code":"E0599","explanation":"This error occurs when a method is used on a type which doesn't implement it:\n\nErroneous code example:\n\n```compile_fail,E0599\nstruct Mouth;\n\nlet x = Mouth;\nx.chocolate(); // error: no method named `chocolate` found for type `Mouth`\n               //        in the current scope\n```\n\nIn this case, you need to implement the `chocolate` method to fix the error:\n\n```\nstruct Mouth;\n\nimpl Mouth {\n    fn chocolate(&self) { // We implement the `chocolate` method here.\n        println!(\"Hmmm! I love chocolate!\");\n    }\n}\n\nlet x = Mouth;\nx.chocolate(); // ok!\n```\n"},"level":"error","spans":[{"file_name":"src\\test.rs","byte_start":6483,"byte_end":6497,"line_start":215,"line_end":215,"column_start":9,"column_end":23,"is_primary":true,"text":[{"text":"    env.mock_all_auths();","highlight_start":9,"highlight_end":23}],"label":"method not found in `Env`","suggested_replacement":null,"suggestion_applicability":null,"expansion":null}],"children":[],"rendered":"\u001b[1m\u001b[91merror[E0599]\u001b[0m\u001b[1m\u001b[97m: no method named `mock_all_auths` found for struct `Env` in the current scope\u001b[0m\n   \u001b[1m\u001b[96m--> \u001b[0msrc\\test.rs:215:9\n    \u001b[1m\u001b[96m|\u001b[0m\n\u001b[1m\u001b[96m215\u001b[0m \u001b[1m\u001b[96m|\u001b[0m     env.mock_all_auths();\n    \u001b[1m\u001b[96m|\u001b[0m         \u001b[1m\u001b[91m^^^^^^^^^^^^^^\u001b[0m \u001b[1m\u001b[91mmethod not found in `Env`\u001b[0m\n\n"}
{"$message_type":"diagnostic","message":"no method named `register_contract` found for struct `Env` in the current scope","code":{"code":"E0599","explanation":"This error occurs when a method is used on a type which doesn't implement it:\n\nErroneous code example:\n\n```compile_fail,E0599\nstruct Mouth;\n\nlet x = Mouth;\nx.chocolate(); // error: no method named `chocolate` found for type `Mouth`\n               //        in the current scope\n```\n\nIn this case, you need to implement the `chocolate` method to fix the error:\n\n```\nstruct Mouth;\n\nimpl Mouth {\n    fn chocolate(&self) { // We implement the `chocolate` method here.\n        println!(\"Hmmm! I love chocolate!\");\n    }\n}\n\nlet x = Mouth;\nx.chocolate(); // ok!\n```\n"},"level":"error","spans":[{"file_name":"src\\test.rs","byte_start":6530,"byte_end":6547,"line_start":217,"line_end":217,"column_start":27,"column_end":44,"is_primary":true,"text":[{"text":"    let contract_id = env.register_contract(None, EscrowContract);","highlight_start":27,"highlight_end":44}],"label":null,"suggested_replacement":null,"suggestion_applicability":null,"expansion":null}],"children":[{"message":"there is a method `create_contract` with a similar name, but with different arguments","code":null,"level":"help","spans":[{"file_name":"C:\\Users\\Computer\\.cargo\\registry\\src\\index.crates.io-1949cf8c6b5b557f\\soroban-env-common-21.2.1\\src\\env.rs","byte_start":15110,"byte_end":15173,"line_start":346,"line_end":346,"column_start":9,"column_end":72,"is_primary":true,"text":[{"text":"        fn $fn_id(&self, $($arg:$type),*) -> Result<$ret, Self::Error>;","highlight_start":9,"highlight_end":72}],"label":null,"suggested_replacement":null,"suggestion_applicability":null,"expansion":{"span":{"file_name":"C:\\Users\\Computer\\.cargo\\registry\\src\\index.crates.io-1949cf8c6b5b557f\\soroban-env-common-21.2.1\\src\\env.rs","byte_start":17619,"byte_end":17713,"line_start":399,"line_end":399,"column_start":21,"column_end":115,"is_primary":false,"text":[{"text":"                    host_function_helper!{$($min_proto)?, $($max_proto)?, $(#[$fn_attr])* fn $fn_id $args -> $ret}","highlight_start":21,"highlight_end":115}],"label":null,"suggested_replacement":null,"suggestion_applicability":null,"expansion":{"span":{"file_name":"C:\\Users\\Computer\\.cargo\\registry\\src\\index.crates.io-1949cf8c6b5b557f\\soroban-env-common-21.2.1\\src\\env.rs","byte_start":14383,"byte_end":14439,"line_start":325,"line_end":325,"column_start":1,"column_end":57,"is_primary":false,"text":[{"text":"generate_call_macro_with_all_host_functions!(\"env.json\");","highlight_start":1,"highlight_end":57}],"label":null,"suggested_replacement":null,"suggestion_applicability":null,"expansion":{"span":{"file_name":"C:\\Users\\Computer\\.cargo\\registry\\src\\index.crates.io-1949cf8c6b5b557f\\soroban-env-common-21.2.1\\src\\env.rs","byte_start":17848,"byte_end":17906,"line_start":407,"line_end":407,"column_start":1,"column_end":59,"is_primary":false,"text":[{"text":"call_macro_with_all_host_functions! { generate_env_trait }","highlight_start":1,"highlight_end":59}],"label":null,"suggested_replacement":null,"suggestion_applicability":null,"expansion":null},"macro_decl_name":"call_macro_with_all_host_functions!","def_site_span":{"file_name":"C:\\Users\\Computer\\.cargo\\registry\\src\\index.crates.io-1949cf8c6b5b557f\\soroban-env-common-21.2.1\\src\\env.rs","byte_start":14383,"byte_end":14439,"line_start":325,"line_end":325,"column_start":1,"column_end":57,"is_primary":false,"text":[{"text":"generate_call_macro_with_all_host_functions!(\"env.json\");","highlight_start":1,"highlight_end":57}],"label":null,"suggested_replacement":null,"suggestion_applicability":null,"expansion":null}}},"macro_decl_name":"generate_env_trait!","def_site_span":{"file_name":"C:\\Users\\Computer\\.cargo\\registry\\src\\index.crates.io-1949cf8c6b5b557f\\soroban-env-common-21.2.1\\src\\env.rs","byte_start":15426,"byte_end":15457,"line_start":354,"line_end":354,"column_start":1,"column_end":32,"is_primary":false,"text":[{"text":"macro_rules! generate_env_trait {","highlight_start":1,"highlight_end":32}],"label":null,"suggested_replacement":null,"suggestion_applicability":null,"expansion":null}}},"macro_decl_name":"host_function_helper!","def_site_span":{"file_name":"C:\\Users\\Computer\\.cargo\\registry\\src\\index.crates.io-1949cf8c6b5b557f\\soroban-env-common-21.2.1\\src\\env.rs","byte_start":14882,"byte_end":14915,"line_start":338,"line_end":338,"column_start":1,"column_end":34,"is_primary":false,"text":[{"text":"macro_rules! host_function_helper {","highlight_start":1,"highlight_end":34}],"label":null,"suggested_replacement":null,"suggestion_applicability":null,"expansion":null}}}],"children":[],"rendered":null}],"rendered":"\u001b[1m\u001b[91merror[E0599]\u001b[0m\u001b[1m\u001b[97m: no method named `register_contract` found for struct `Env` in the current scope\u001b[0m\n   \u001b[1m\u001b[96m--> \u001b[0msrc\\test.rs:217:27\n    \u001b[1m\u001b[96m|\u001b[0m\n\u001b[1m\u001b[96m217\u001b[0m \u001b[1m\u001b[96m|\u001b[0m     let contract_id = env.register_contract(None, EscrowContract);\n    \u001b[1m\u001b[96m|\u001b[0m                           \u001b[1m\u001b[91m^^^^^^^^^^^^^^^^^\u001b[0m\n    \u001b[1m\u001b[96m|\u001b[0m\n\u001b[1m\u001b[96mhelp\u001b[0m: there is a method `create_contract` with a similar name, but with different arguments\n   \u001b[1m\u001b[96m--> \u001b[0mC:\\Users\\Computer\\.cargo\\registry\\src\\index.crates.io-1949cf8c6b5b557f\\soroban-env-common-21.2.1\\src\\env.rs:407:1\n    \u001b[1m\u001b[96m|\u001b[0m\n\u001b[1m\u001b[96m407\u001b[0m \u001b[1m\u001b[96m|\u001b[0m call_macro_with_all_host_functions! { generate_env_trait }\n    \u001b[1m\u001b[96m|\u001b[0m \u001b[1m\u001b[96m^^^^^^^^^^^^^^^^^^^^^^^^^^^^^^^^^^^^^^^^^^^^^^^^^^^^^^^^^^\u001b[0m\n    \u001b[1m\u001b[96m= \u001b[0m\u001b[1m\u001b[97mnote\u001b[0m: this error originates in the macro `host_function_helper` which comes from the expansion of the macro `call_macro_with_all_host_functions` (in Nightly builds, run with -Z macro-backtrace for more info)\n\n"}
{"$message_type":"diagnostic","message":"no function or associated item named `generate` found for struct `soroban_sdk::Address` in the current scope","code":{"code":"E0599","explanation":"This error occurs when a method is used on a type which doesn't implement it:\n\nErroneous code example:\n\n```compile_fail,E0599\nstruct Mouth;\n\nlet x = Mouth;\nx.chocolate(); // error: no method named `chocolate` found for type `Mouth`\n               //        in the current scope\n```\n\nIn this case, you need to implement the `chocolate` method to fix the error:\n\n```\nstruct Mouth;\n\nimpl Mouth {\n    fn chocolate(&self) { // We implement the `chocolate` method here.\n        println!(\"Hmmm! I love chocolate!\");\n    }\n}\n\nlet x = Mouth;\nx.chocolate(); // ok!\n```\n"},"level":"error","spans":[{"file_name":"src\\test.rs","byte_start":6670,"byte_end":6678,"line_start":220,"line_end":220,"column_start":32,"column_end":40,"is_primary":true,"text":[{"text":"    let client_addr = Address::generate(&env);","highlight_start":32,"highlight_end":40}],"label":"function or associated item not found in `soroban_sdk::Address`","suggested_replacement":null,"suggestion_applicability":null,"expansion":null}],"children":[{"message":"if you're trying to build a new `soroban_sdk::Address` consider using one of the following associated functions:\nsoroban_sdk::Address::from_string\nsoroban_sdk::Address::from_string_bytes","code":null,"level":"note","spans":[{"file_name":"C:\\Users\\Computer\\.cargo\\registry\\src\\index.crates.io-1949cf8c6b5b557f\\soroban-sdk-21.7.7\\src\\address.rs","byte_start":7959,"byte_end":8002,"line_start":235,"line_end":235,"column_start":5,"column_end":48,"is_primary":true,"text":[{"text":"    pub fn from_string(strkey: &String) -> Self {","highlight_start":5,"highlight_end":48}],"label":null,"suggested_replacement":null,"suggestion_applicability":null,"expansion":null},{"file_name":"C:\\Users\\Computer\\.cargo\\registry\\src\\index.crates.io-1949cf8c6b5b557f\\soroban-sdk-21.7.7\\src\\address.rs","byte_start":8914,"byte_end":8962,"line_start":257,"line_end":257,"column_start":5,"column_end":53,"is_primary":true,"text":[{"text":"    pub fn from_string_bytes(strkey: &Bytes) -> Self {","highlight_start":5,"highlight_end":53}],"label":null,"suggested_replacement":null,"suggestion_applicability":null,"expansion":null}],"children":[],"rendered":null}],"rendered":"\u001b[1m\u001b[91merror[E0599]\u001b[0m\u001b[1m\u001b[97m: no function or associated item named `generate` found for struct `soroban_sdk::Address` in the current scope\u001b[0m\n   \u001b[1m\u001b[96m--> \u001b[0msrc\\test.rs:220:32\n    \u001b[1m\u001b[96m|\u001b[0m\n\u001b[1m\u001b[96m220\u001b[0m \u001b[1m\u001b[96m|\u001b[0m     let client_addr = Address::generate(&env);\n    \u001b[1m\u001b[96m|\u001b[0m                                \u001b[1m\u001b[91m^^^^^^^^\u001b[0m \u001b[1m\u001b[91mfunction or associated item not found in `soroban_sdk::Address`\u001b[0m\n    \u001b[1m\u001b[96m|\u001b[0m\n\u001b[1m\u001b[92mnote\u001b[0m: if you're trying to build a new `soroban_sdk::Address` consider using one of the following associated functions:\n      soroban_sdk::Address::from_string\n      soroban_sdk::Address::from_string_bytes\n   \u001b[1m\u001b[96m--> \u001b[0mC:\\Users\\Computer\\.cargo\\registry\\src\\index.crates.io-1949cf8c6b5b557f\\soroban-sdk-21.7.7\\src\\address.rs:235:5\n    \u001b[1m\u001b[96m|\u001b[0m\n\u001b[1m\u001b[96m235\u001b[0m \u001b[1m\u001b[96m|\u001b[0m     pub fn from_string(strkey: &String) -> Self {\n    \u001b[1m\u001b[96m|\u001b[0m     \u001b[1m\u001b[92m^^^^^^^^^^^^^^^^^^^^^^^^^^^^^^^^^^^^^^^^^^^\u001b[0m\n\u001b[1m\u001b[96m...\u001b[0m\n\u001b[1m\u001b[96m257\u001b[0m \u001b[1m\u001b[96m|\u001b[0m     pub fn from_string_bytes(strkey: &Bytes) -> Self {\n    \u001b[1m\u001b[96m|\u001b[0m     \u001b[1m\u001b[92m^^^^^^^^^^^^^^^^^^^^^^^^^^^^^^^^^^^^^^^^^^^^^^^^\u001b[0m\n\n"}
{"$message_type":"diagnostic","message":"no function or associated item named `generate` found for struct `soroban_sdk::Address` in the current scope","code":{"code":"E0599","explanation":"This error occurs when a method is used on a type which doesn't implement it:\n\nErroneous code example:\n\n```compile_fail,E0599\nstruct Mouth;\n\nlet x = Mouth;\nx.chocolate(); // error: no method named `chocolate` found for type `Mouth`\n               //        in the current scope\n```\n\nIn this case, you need to implement the `chocolate` method to fix the error:\n\n```\nstruct Mouth;\n\nimpl Mouth {\n    fn chocolate(&self) { // We implement the `chocolate` method here.\n        println!(\"Hmmm! I love chocolate!\");\n    }\n}\n\nlet x = Mouth;\nx.chocolate(); // ok!\n```\n"},"level":"error","spans":[{"file_name":"src\\test.rs","byte_start":6722,"byte_end":6730,"line_start":221,"line_end":221,"column_start":36,"column_end":44,"is_primary":true,"text":[{"text":"    let freelancer_addr = Address::generate(&env);","highlight_start":36,"highlight_end":44}],"label":"function or associated item not found in `soroban_sdk::Address`","suggested_replacement":null,"suggestion_applicability":null,"expansion":null}],"children":[{"message":"if you're trying to build a new `soroban_sdk::Address` consider using one of the following associated functions:\nsoroban_sdk::Address::from_string\nsoroban_sdk::Address::from_string_bytes","code":null,"level":"note","spans":[{"file_name":"C:\\Users\\Computer\\.cargo\\registry\\src\\index.crates.io-1949cf8c6b5b557f\\soroban-sdk-21.7.7\\src\\address.rs","byte_start":7959,"byte_end":8002,"line_start":235,"line_end":235,"column_start":5,"column_end":48,"is_primary":true,"text":[{"text":"    pub fn from_string(strkey: &String) -> Self {","highlight_start":5,"highlight_end":48}],"label":null,"suggested_replacement":null,"suggestion_applicability":null,"expansion":null},{"file_name":"C:\\Users\\Computer\\.cargo\\registry\\src\\index.crates.io-1949cf8c6b5b557f\\soroban-sdk-21.7.7\\src\\address.rs","byte_start":8914,"byte_end":8962,"line_start":257,"line_end":257,"column_start":5,"column_end":53,"is_primary":true,"text":[{"text":"    pub fn from_string_bytes(strkey: &Bytes) -> Self {","highlight_start":5,"highlight_end":53}],"label":null,"suggested_replacement":null,"suggestion_applicability":null,"expansion":null}],"children":[],"rendered":null}],"rendered":"\u001b[1m\u001b[91merror[E0599]\u001b[0m\u001b[1m\u001b[97m: no function or associated item named `generate` found for struct `soroban_sdk::Address` in the current scope\u001b[0m\n   \u001b[1m\u001b[96m--> \u001b[0msrc\\test.rs:221:36\n    \u001b[1m\u001b[96m|\u001b[0m\n\u001b[1m\u001b[96m221\u001b[0m \u001b[1m\u001b[96m|\u001b[0m     let freelancer_addr = Address::generate(&env);\n    \u001b[1m\u001b[96m|\u001b[0m                                    \u001b[1m\u001b[91m^^^^^^^^\u001b[0m \u001b[1m\u001b[91mfunction or associated item not found in `soroban_sdk::Address`\u001b[0m\n    \u001b[1m\u001b[96m|\u001b[0m\n\u001b[1m\u001b[92mnote\u001b[0m: if you're trying to build a new `soroban_sdk::Address` consider using one of the following associated functions:\n      soroban_sdk::Address::from_string\n      soroban_sdk::Address::from_string_bytes\n   \u001b[1m\u001b[96m--> \u001b[0mC:\\Users\\Computer\\.cargo\\registry\\src\\index.crates.io-1949cf8c6b5b557f\\soroban-sdk-21.7.7\\src\\address.rs:235:5\n    \u001b[1m\u001b[96m|\u001b[0m\n\u001b[1m\u001b[96m235\u001b[0m \u001b[1m\u001b[96m|\u001b[0m     pub fn from_string(strkey: &String) -> Self {\n    \u001b[1m\u001b[96m|\u001b[0m     \u001b[1m\u001b[92m^^^^^^^^^^^^^^^^^^^^^^^^^^^^^^^^^^^^^^^^^^^\u001b[0m\n\u001b[1m\u001b[96m...\u001b[0m\n\u001b[1m\u001b[96m257\u001b[0m \u001b[1m\u001b[96m|\u001b[0m     pub fn from_string_bytes(strkey: &Bytes) -> Self {\n    \u001b[1m\u001b[96m|\u001b[0m     \u001b[1m\u001b[92m^^^^^^^^^^^^^^^^^^^^^^^^^^^^^^^^^^^^^^^^^^^^^^^^\u001b[0m\n\n"}
{"$message_type":"diagnostic","message":"no function or associated item named `generate` found for struct `soroban_sdk::Address` in the current scope","code":{"code":"E0599","explanation":"This error occurs when a method is used on a type which doesn't implement it:\n\nErroneous code example:\n\n```compile_fail,E0599\nstruct Mouth;\n\nlet x = Mouth;\nx.chocolate(); // error: no method named `chocolate` found for type `Mouth`\n               //        in the current scope\n```\n\nIn this case, you need to implement the `chocolate` method to fix the error:\n\n```\nstruct Mouth;\n\nimpl Mouth {\n    fn chocolate(&self) { // We implement the `chocolate` method here.\n        println!(\"Hmmm! I love chocolate!\");\n    }\n}\n\nlet x = Mouth;\nx.chocolate(); // ok!\n```\n"},"level":"error","spans":[{"file_name":"src\\test.rs","byte_start":6770,"byte_end":6778,"line_start":222,"line_end":222,"column_start":32,"column_end":40,"is_primary":true,"text":[{"text":"    let token_admin = Address::generate(&env);","highlight_start":32,"highlight_end":40}],"label":"function or associated item not found in `soroban_sdk::Address`","suggested_replacement":null,"suggestion_applicability":null,"expansion":null}],"children":[{"message":"if you're trying to build a new `soroban_sdk::Address` consider using one of the following associated functions:\nsoroban_sdk::Address::from_string\nsoroban_sdk::Address::from_string_bytes","code":null,"level":"note","spans":[{"file_name":"C:\\Users\\Computer\\.cargo\\registry\\src\\index.crates.io-1949cf8c6b5b557f\\soroban-sdk-21.7.7\\src\\address.rs","byte_start":7959,"byte_end":8002,"line_start":235,"line_end":235,"column_start":5,"column_end":48,"is_primary":true,"text":[{"text":"    pub fn from_string(strkey: &String) -> Self {","highlight_start":5,"highlight_end":48}],"label":null,"suggested_replacement":null,"suggestion_applicability":null,"expansion":null},{"file_name":"C:\\Users\\Computer\\.cargo\\registry\\src\\index.crates.io-1949cf8c6b5b557f\\soroban-sdk-21.7.7\\src\\address.rs","byte_start":8914,"byte_end":8962,"line_start":257,"line_end":257,"column_start":5,"column_end":53,"is_primary":true,"text":[{"text":"    pub fn from_string_bytes(strkey: &Bytes) -> Self {","highlight_start":5,"highlight_end":53}],"label":null,"suggested_replacement":null,"suggestion_applicability":null,"expansion":null}],"children":[],"rendered":null}],"rendered":"\u001b[1m\u001b[91merror[E0599]\u001b[0m\u001b[1m\u001b[97m: no function or associated item named `generate` found for struct `soroban_sdk::Address` in the current scope\u001b[0m\n   \u001b[1m\u001b[96m--> \u001b[0msrc\\test.rs:222:32\n    \u001b[1m\u001b[96m|\u001b[0m\n\u001b[1m\u001b[96m222\u001b[0m \u001b[1m\u001b[96m|\u001b[0m     let token_admin = Address::generate(&env);\n    \u001b[1m\u001b[96m|\u001b[0m                                \u001b[1m\u001b[91m^^^^^^^^\u001b[0m \u001b[1m\u001b[91mfunction or associated item not found in `soroban_sdk::Address`\u001b[0m\n    \u001b[1m\u001b[96m|\u001b[0m\n\u001b[1m\u001b[92mnote\u001b[0m: if you're trying to build a new `soroban_sdk::Address` consider using one of the following associated functions:\n      soroban_sdk::Address::from_string\n      soroban_sdk::Address::from_string_bytes\n   \u001b[1m\u001b[96m--> \u001b[0mC:\\Users\\Computer\\.cargo\\registry\\src\\index.crates.io-1949cf8c6b5b557f\\soroban-sdk-21.7.7\\src\\address.rs:235:5\n    \u001b[1m\u001b[96m|\u001b[0m\n\u001b[1m\u001b[96m235\u001b[0m \u001b[1m\u001b[96m|\u001b[0m     pub fn from_string(strkey: &String) -> Self {\n    \u001b[1m\u001b[96m|\u001b[0m     \u001b[1m\u001b[92m^^^^^^^^^^^^^^^^^^^^^^^^^^^^^^^^^^^^^^^^^^^\u001b[0m\n\u001b[1m\u001b[96m...\u001b[0m\n\u001b[1m\u001b[96m257\u001b[0m \u001b[1m\u001b[96m|\u001b[0m     pub fn from_string_bytes(strkey: &Bytes) -> Self {\n    \u001b[1m\u001b[96m|\u001b[0m     \u001b[1m\u001b[92m^^^^^^^^^^^^^^^^^^^^^^^^^^^^^^^^^^^^^^^^^^^^^^^^\u001b[0m\n\n"}
{"$message_type":"diagnostic","message":"no method named `mint` found for struct `Client<'a>` in the current scope","code":{"code":"E0599","explanation":"This error occurs when a method is used on a type which doesn't implement it:\n\nErroneous code example:\n\n```compile_fail,E0599\nstruct Mouth;\n\nlet x = Mouth;\nx.chocolate(); // error: no method named `chocolate` found for type `Mouth`\n               //        in the current scope\n```\n\nIn this case, you need to implement the `chocolate` method to fix the error:\n\n```\nstruct Mouth;\n\nimpl Mouth {\n    fn chocolate(&self) { // We implement the `chocolate` method here.\n        println!(\"Hmmm! I love chocolate!\");\n    }\n}\n\nlet x = Mouth;\nx.chocolate(); // ok!\n```\n"},"level":"error","spans":[{"file_name":"src\\test.rs","byte_start":6876,"byte_end":6880,"line_start":225,"line_end":225,"column_start":11,"column_end":15,"is_primary":true,"text":[{"text":"    token.mint(&client_addr, &10000);","highlight_start":11,"highlight_end":15}],"label":"method not found in `Client<'_>`","suggested_replacement":null,"suggestion_applicability":null,"expansion":null}],"children":[],"rendered":"\u001b[1m\u001b[91merror[E0599]\u001b[0m\u001b[1m\u001b[97m: no method named `mint` found for struct `Client<'a>` in the current scope\u001b[0m\n   \u001b[1m\u001b[96m--> \u001b[0msrc\\test.rs:225:11\n    \u001b[1m\u001b[96m|\u001b[0m\n\u001b[1m\u001b[96m225\u001b[0m \u001b[1m\u001b[96m|\u001b[0m     token.mint(&client_addr, &10000);\n    \u001b[1m\u001b[96m|\u001b[0m           \u001b[1m\u001b[91m^^^^\u001b[0m \u001b[1m\u001b[91mmethod not found in `Client<'_>`\u001b[0m\n\n"}
{"$message_type":"diagnostic","message":"no method named `with_mut` found for struct `Ledger` in the current scope","code":{"code":"E0599","explanation":"This error occurs when a method is used on a type which doesn't implement it:\n\nErroneous code example:\n\n```compile_fail,E0599\nstruct Mouth;\n\nlet x = Mouth;\nx.chocolate(); // error: no method named `chocolate` found for type `Mouth`\n               //        in the current scope\n```\n\nIn this case, you need to implement the `chocolate` method to fix the error:\n\n```\nstruct Mouth;\n\nimpl Mouth {\n    fn chocolate(&self) { // We implement the `chocolate` method here.\n        println!(\"Hmmm! I love chocolate!\");\n    }\n}\n\nlet x = Mouth;\nx.chocolate(); // ok!\n```\n"},"level":"error","spans":[{"file_name":"src\\test.rs","byte_start":7341,"byte_end":7349,"line_start":243,"line_end":243,"column_start":18,"column_end":26,"is_primary":true,"text":[{"text":"    env.ledger().with_mut(|li| li.timestamp = deadline + 1);","highlight_start":18,"highlight_end":26}],"label":"method not found in `Ledger`","suggested_replacement":null,"suggestion_applicability":null,"expansion":null}],"children":[],"rendered":"\u001b[1m\u001b[91merror[E0599]\u001b[0m\u001b[1m\u001b[97m: no method named `with_mut` found for struct `Ledger` in the current scope\u001b[0m\n   \u001b[1m\u001b[96m--> \u001b[0msrc\\test.rs:243:18\n    \u001b[1m\u001b[96m|\u001b[0m\n\u001b[1m\u001b[96m243\u001b[0m \u001b[1m\u001b[96m|\u001b[0m     env.ledger().with_mut(|li| li.timestamp = deadline + 1);\n    \u001b[1m\u001b[96m|\u001b[0m                  \u001b[1m\u001b[91m^^^^^^^^\u001b[0m \u001b[1m\u001b[91mmethod not found in `Ledger`\u001b[0m\n\n"}
{"$message_type":"diagnostic","message":"mismatched types","code":{"code":"E0308","explanation":"Expected type did not match the received type.\n\nErroneous code examples:\n\n```compile_fail,E0308\nfn plus_one(x: i32) -> i32 {\n    x + 1\n}\n\nplus_one(\"Not a number\");\n//       ^^^^^^^^^^^^^^ expected `i32`, found `&str`\n\nif \"Not a bool\" {\n// ^^^^^^^^^^^^ expected `bool`, found `&str`\n}\n\nlet x: f32 = \"Not a float\";\n//     ---   ^^^^^^^^^^^^^ expected `f32`, found `&str`\n//     |\n//     expected due to this\n```\n\nThis error occurs when an expression was used in a place where the compiler\nexpected an expression of a different type. It can occur in several cases, the\nmost common being when calling a function and passing an argument which has a\ndifferent type than the matching type in the function declaration.\n"},"level":"error","spans":[{"file_name":"src\\test.rs","byte_start":7506,"byte_end":7514,"line_start":247,"line_end":247,"column_start":31,"column_end":39,"is_primary":true,"text":[{"text":"    assert_eq!(refund_result, Ok(true));","highlight_start":31,"highlight_end":39}],"label":"expected `bool`, found `Result<bool, _>`","suggested_replacement":null,"suggestion_applicability":null,"expansion":null}],"children":[{"message":"expected type `bool`\n   found enum `core::result::Result<bool, _>`","code":null,"level":"note","spans":[],"children":[],"rendered":null}],"rendered":"\u001b[1m\u001b[91merror[E0308]\u001b[0m\u001b[1m\u001b[97m: mismatched types\u001b[0m\n   \u001b[1m\u001b[96m--> \u001b[0msrc\\test.rs:247:31\n    \u001b[1m\u001b[96m|\u001b[0m\n\u001b[1m\u001b[96m247\u001b[0m \u001b[1m\u001b[96m|\u001b[0m     assert_eq!(refund_result, Ok(true));\n    \u001b[1m\u001b[96m|\u001b[0m                               \u001b[1m\u001b[91m^^^^^^^^\u001b[0m \u001b[1m\u001b[91mexpected `bool`, found `Result<bool, _>`\u001b[0m\n    \u001b[1m\u001b[96m|\u001b[0m\n    \u001b[1m\u001b[96m= \u001b[0m\u001b[1m\u001b[97mnote\u001b[0m: expected type `\u001b[1m\u001b[35mbool\u001b[0m`\n               found enum `\u001b[1m\u001b[35mcore::result::Result<bool, _>\u001b[0m`\n\n"}
{"$message_type":"diagnostic","message":"no method named `unwrap` found for struct `Job` in the current scope","code":{"code":"E0599","explanation":"This error occurs when a method is used on a type which doesn't implement it:\n\nErroneous code example:\n\n```compile_fail,E0599\nstruct Mouth;\n\nlet x = Mouth;\nx.chocolate(); // error: no method named `chocolate` found for type `Mouth`\n               //        in the current scope\n```\n\nIn this case, you need to implement the `chocolate` method to fix the error:\n\n```\nstruct Mouth;\n\nimpl Mouth {\n    fn chocolate(&self) { // We implement the `chocolate` method here.\n        println!(\"Hmmm! I love chocolate!\");\n    }\n}\n\nlet x = Mouth;\nx.chocolate(); // ok!\n```\n"},"level":"error","spans":[{"file_name":"src\\test.rs","byte_start":7721,"byte_end":7727,"line_start":254,"line_end":254,"column_start":39,"column_end":45,"is_primary":true,"text":[{"text":"    let job = client.get_job(&job_id).unwrap();","highlight_start":39,"highlight_end":45}],"label":"method not found in `Job`","suggested_replacement":null,"suggestion_applicability":null,"expansion":null},{"file_name":"src\\lib.rs","byte_start":477,"byte_end":491,"line_start":22,"line_end":22,"column_start":1,"column_end":15,"is_primary":false,"text":[{"text":"pub struct Job {","highlight_start":1,"highlight_end":15}],"label":"method `unwrap` not found for this struct","suggested_replacement":null,"suggestion_applicability":null,"expansion":null}],"children":[],"rendered":"\u001b[1m\u001b[91merror[E0599]\u001b[0m\u001b[1m\u001b[97m: no method named `unwrap` found for struct `Job` in the current scope\u001b[0m\n   \u001b[1m\u001b[96m--> \u001b[0msrc\\test.rs:254:39\n    \u001b[1m\u001b[96m|\u001b[0m\n\u001b[1m\u001b[96m254\u001b[0m \u001b[1m\u001b[96m|\u001b[0m     let job = client.get_job(&job_id).unwrap();\n    \u001b[1m\u001b[96m|\u001b[0m                                       \u001b[1m\u001b[91m^^^^^^\u001b[0m \u001b[1m\u001b[91mmethod not found in `Job`\u001b[0m\n    \u001b[1m\u001b[96m|\u001b[0m\n   \u001b[1m\u001b[96m::: \u001b[0msrc\\lib.rs:22:1\n    \u001b[1m\u001b[96m|\u001b[0m\n \u001b[1m\u001b[96m22\u001b[0m \u001b[1m\u001b[96m|\u001b[0m pub struct Job {\n    \u001b[1m\u001b[96m|\u001b[0m \u001b[1m\u001b[96m--------------\u001b[0m \u001b[1m\u001b[96mmethod `unwrap` not found for this struct\u001b[0m\n\n"}
{"$message_type":"diagnostic","message":"no method named `mock_all_auths` found for struct `Env` in the current scope","code":{"code":"E0599","explanation":"This error occurs when a method is used on a type which doesn't implement it:\n\nErroneous code example:\n\n```compile_fail,E0599\nstruct Mouth;\n\nlet x = Mouth;\nx.chocolate(); // error: no method named `chocolate` found for type `Mouth`\n               //        in the current scope\n```\n\nIn this case, you need to implement the `chocolate` method to fix the error:\n\n```\nstruct Mouth;\n\nimpl Mouth {\n    fn chocolate(&self) { // We implement the `chocolate` method here.\n        println!(\"Hmmm! I love chocolate!\");\n    }\n}\n\nlet x = Mouth;\nx.chocolate(); // ok!\n```\n"},"level":"error","spans":[{"file_name":"src\\test.rs","byte_start":7862,"byte_end":7876,"line_start":261,"line_end":261,"column_start":9,"column_end":23,"is_primary":true,"text":[{"text":"    env.mock_all_auths();","highlight_start":9,"highlight_end":23}],"label":"method not found in `Env`","suggested_replacement":null,"suggestion_applicability":null,"expansion":null}],"children":[],"rendered":"\u001b[1m\u001b[91merror[E0599]\u001b[0m\u001b[1m\u001b[97m: no method named `mock_all_auths` found for struct `Env` in the current scope\u001b[0m\n   \u001b[1m\u001b[96m--> \u001b[0msrc\\test.rs:261:9\n    \u001b[1m\u001b[96m|\u001b[0m\n\u001b[1m\u001b[96m261\u001b[0m \u001b[1m\u001b[96m|\u001b[0m     env.mock_all_auths();\n    \u001b[1m\u001b[96m|\u001b[0m         \u001b[1m\u001b[91m^^^^^^^^^^^^^^\u001b[0m \u001b[1m\u001b[91mmethod not found in `Env`\u001b[0m\n\n"}
{"$message_type":"diagnostic","message":"no method named `register_contract` found for struct `Env` in the current scope","code":{"code":"E0599","explanation":"This error occurs when a method is used on a type which doesn't implement it:\n\nErroneous code example:\n\n```compile_fail,E0599\nstruct Mouth;\n\nlet x = Mouth;\nx.chocolate(); // error: no method named `chocolate` found for type `Mouth`\n               //        in the current scope\n```\n\nIn this case, you need to implement the `chocolate` method to fix the error:\n\n```\nstruct Mouth;\n\nimpl Mouth {\n    fn chocolate(&self) { // We implement the `chocolate` method here.\n        println!(\"Hmmm! I love chocolate!\");\n    }\n}\n\nlet x = Mouth;\nx.chocolate(); // ok!\n```\n"},"level":"error","spans":[{"file_name":"src\\test.rs","byte_start":7909,"byte_end":7926,"line_start":263,"line_end":263,"column_start":27,"column_end":44,"is_primary":true,"text":[{"text":"    let contract_id = env.register_contract(None, EscrowContract);","highlight_start":27,"highlight_end":44}],"label":null,"suggested_replacement":null,"suggestion_applicability":null,"expansion":null}],"children":[{"message":"there is a method `create_contract` with a similar name, but with different arguments","code":null,"level":"help","spans":[{"file_name":"C:\\Users\\Computer\\.cargo\\registry\\src\\index.crates.io-1949cf8c6b5b557f\\soroban-env-common-21.2.1\\src\\env.rs","byte_start":15110,"byte_end":15173,"line_start":346,"line_end":346,"column_start":9,"column_end":72,"is_primary":true,"text":[{"text":"        fn $fn_id(&self, $($arg:$type),*) -> Result<$ret, Self::Error>;","highlight_start":9,"highlight_end":72}],"label":null,"suggested_replacement":null,"suggestion_applicability":null,"expansion":{"span":{"file_name":"C:\\Users\\Computer\\.cargo\\registry\\src\\index.crates.io-1949cf8c6b5b557f\\soroban-env-common-21.2.1\\src\\env.rs","byte_start":17619,"byte_end":17713,"line_start":399,"line_end":399,"column_start":21,"column_end":115,"is_primary":false,"text":[{"text":"                    host_function_helper!{$($min_proto)?, $($max_proto)?, $(#[$fn_attr])* fn $fn_id $args -> $ret}","highlight_start":21,"highlight_end":115}],"label":null,"suggested_replacement":null,"suggestion_applicability":null,"expansion":{"span":{"file_name":"C:\\Users\\Computer\\.cargo\\registry\\src\\index.crates.io-1949cf8c6b5b557f\\soroban-env-common-21.2.1\\src\\env.rs","byte_start":14383,"byte_end":14439,"line_start":325,"line_end":325,"column_start":1,"column_end":57,"is_primary":false,"text":[{"text":"generate_call_macro_with_all_host_functions!(\"env.json\");","highlight_start":1,"highlight_end":57}],"label":null,"suggested_replacement":null,"suggestion_applicability":null,"expansion":{"span":{"file_name":"C:\\Users\\Computer\\.cargo\\registry\\src\\index.crates.io-1949cf8c6b5b557f\\soroban-env-common-21.2.1\\src\\env.rs","byte_start":17848,"byte_end":17906,"line_start":407,"line_end":407,"column_start":1,"column_end":59,"is_primary":false,"text":[{"text":"call_macro_with_all_host_functions! { generate_env_trait }","highlight_start":1,"highlight_end":59}],"label":null,"suggested_replacement":null,"suggestion_applicability":null,"expansion":null},"macro_decl_name":"call_macro_with_all_host_functions!","def_site_span":{"file_name":"C:\\Users\\Computer\\.cargo\\registry\\src\\index.crates.io-1949cf8c6b5b557f\\soroban-env-common-21.2.1\\src\\env.rs","byte_start":14383,"byte_end":14439,"line_start":325,"line_end":325,"column_start":1,"column_end":57,"is_primary":false,"text":[{"text":"generate_call_macro_with_all_host_functions!(\"env.json\");","highlight_start":1,"highlight_end":57}],"label":null,"suggested_replacement":null,"suggestion_applicability":null,"expansion":null}}},"macro_decl_name":"generate_env_trait!","def_site_span":{"file_name":"C:\\Users\\Computer\\.cargo\\registry\\src\\index.crates.io-1949cf8c6b5b557f\\soroban-env-common-21.2.1\\src\\env.rs","byte_start":15426,"byte_end":15457,"line_start":354,"line_end":354,"column_start":1,"column_end":32,"is_primary":false,"text":[{"text":"macro_rules! generate_env_trait {","highlight_start":1,"highlight_end":32}],"label":null,"suggested_replacement":null,"suggestion_applicability":null,"expansion":null}}},"macro_decl_name":"host_function_helper!","def_site_span":{"file_name":"C:\\Users\\Computer\\.cargo\\registry\\src\\index.crates.io-1949cf8c6b5b557f\\soroban-env-common-21.2.1\\src\\env.rs","byte_start":14882,"byte_end":14915,"line_start":338,"line_end":338,"column_start":1,"column_end":34,"is_primary":false,"text":[{"text":"macro_rules! host_function_helper {","highlight_start":1,"highlight_end":34}],"label":null,"suggested_replacement":null,"suggestion_applicability":null,"expansion":null}}}],"children":[],"rendered":null}],"rendered":"\u001b[1m\u001b[91merror[E0599]\u001b[0m\u001b[1m\u001b[97m: no method named `register_contract` found for struct `Env` in the current scope\u001b[0m\n   \u001b[1m\u001b[96m--> \u001b[0msrc\\test.rs:263:27\n    \u001b[1m\u001b[96m|\u001b[0m\n\u001b[1m\u001b[96m263\u001b[0m \u001b[1m\u001b[96m|\u001b[0m     let contract_id = env.register_contract(None, EscrowContract);\n    \u001b[1m\u001b[96m|\u001b[0m                           \u001b[1m\u001b[91m^^^^^^^^^^^^^^^^^\u001b[0m\n    \u001b[1m\u001b[96m|\u001b[0m\n\u001b[1m\u001b[96mhelp\u001b[0m: there is a method `create_contract` with a similar name, but with different arguments\n   \u001b[1m\u001b[96m--> \u001b[0mC:\\Users\\Computer\\.cargo\\registry\\src\\index.crates.io-1949cf8c6b5b557f\\soroban-env-common-21.2.1\\src\\env.rs:407:1\n    \u001b[1m\u001b[96m|\u001b[0m\n\u001b[1m\u001b[96m407\u001b[0m \u001b[1m\u001b[96m|\u001b[0m call_macro_with_all_host_functions! { generate_env_trait }\n    \u001b[1m\u001b[96m|\u001b[0m \u001b[1m\u001b[96m^^^^^^^^^^^^^^^^^^^^^^^^^^^^^^^^^^^^^^^^^^^^^^^^^^^^^^^^^^\u001b[0m\n    \u001b[1m\u001b[96m= \u001b[0m\u001b[1m\u001b[97mnote\u001b[0m: this error originates in the macro `host_function_helper` which comes from the expansion of the macro `call_macro_with_all_host_functions` (in Nightly builds, run with -Z macro-backtrace for more info)\n\n"}
{"$message_type":"diagnostic","message":"no function or associated item named `generate` found for struct `soroban_sdk::Address` in the current scope","code":{"code":"E0599","explanation":"This error occurs when a method is used on a type which doesn't implement it:\n\nErroneous code example:\n\n```compile_fail,E0599\nstruct Mouth;\n\nlet x = Mouth;\nx.chocolate(); // error: no method named `chocolate` found for type `Mouth`\n               //        in the current scope\n```\n\nIn this case, you need to implement the `chocolate` method to fix the error:\n\n```\nstruct Mouth;\n\nimpl Mouth {\n    fn chocolate(&self) { // We implement the `chocolate` method here.\n        println!(\"Hmmm! I love chocolate!\");\n    }\n}\n\nlet x = Mouth;\nx.chocolate(); // ok!\n```\n"},"level":"error","spans":[{"file_name":"src\\test.rs","byte_start":8049,"byte_end":8057,"line_start":266,"line_end":266,"column_start":32,"column_end":40,"is_primary":true,"text":[{"text":"    let client_addr = Address::generate(&env);","highlight_start":32,"highlight_end":40}],"label":"function or associated item not found in `soroban_sdk::Address`","suggested_replacement":null,"suggestion_applicability":null,"expansion":null}],"children":[{"message":"if you're trying to build a new `soroban_sdk::Address` consider using one of the following associated functions:\nsoroban_sdk::Address::from_string\nsoroban_sdk::Address::from_string_bytes","code":null,"level":"note","spans":[{"file_name":"C:\\Users\\Computer\\.cargo\\registry\\src\\index.crates.io-1949cf8c6b5b557f\\soroban-sdk-21.7.7\\src\\address.rs","byte_start":7959,"byte_end":8002,"line_start":235,"line_end":235,"column_start":5,"column_end":48,"is_primary":true,"text":[{"text":"    pub fn from_string(strkey: &String) -> Self {","highlight_start":5,"highlight_end":48}],"label":null,"suggested_replacement":null,"suggestion_applicability":null,"expansion":null},{"file_name":"C:\\Users\\Computer\\.cargo\\registry\\src\\index.crates.io-1949cf8c6b5b557f\\soroban-sdk-21.7.7\\src\\address.rs","byte_start":8914,"byte_end":8962,"line_start":257,"line_end":257,"column_start":5,"column_end":53,"is_primary":true,"text":[{"text":"    pub fn from_string_bytes(strkey: &Bytes) -> Self {","highlight_start":5,"highlight_end":53}],"label":null,"suggested_replacement":null,"suggestion_applicability":null,"expansion":null}],"children":[],"rendered":null}],"rendered":"\u001b[1m\u001b[91merror[E0599]\u001b[0m\u001b[1m\u001b[97m: no function or associated item named `generate` found for struct `soroban_sdk::Address` in the current scope\u001b[0m\n   \u001b[1m\u001b[96m--> \u001b[0msrc\\test.rs:266:32\n    \u001b[1m\u001b[96m|\u001b[0m\n\u001b[1m\u001b[96m266\u001b[0m \u001b[1m\u001b[96m|\u001b[0m     let client_addr = Address::generate(&env);\n    \u001b[1m\u001b[96m|\u001b[0m                                \u001b[1m\u001b[91m^^^^^^^^\u001b[0m \u001b[1m\u001b[91mfunction or associated item not found in `soroban_sdk::Address`\u001b[0m\n    \u001b[1m\u001b[96m|\u001b[0m\n\u001b[1m\u001b[92mnote\u001b[0m: if you're trying to build a new `soroban_sdk::Address` consider using one of the following associated functions:\n      soroban_sdk::Address::from_string\n      soroban_sdk::Address::from_string_bytes\n   \u001b[1m\u001b[96m--> \u001b[0mC:\\Users\\Computer\\.cargo\\registry\\src\\index.crates.io-1949cf8c6b5b557f\\soroban-sdk-21.7.7\\src\\address.rs:235:5\n    \u001b[1m\u001b[96m|\u001b[0m\n\u001b[1m\u001b[96m235\u001b[0m \u001b[1m\u001b[96m|\u001b[0m     pub fn from_string(strkey: &String) -> Self {\n    \u001b[1m\u001b[96m|\u001b[0m     \u001b[1m\u001b[92m^^^^^^^^^^^^^^^^^^^^^^^^^^^^^^^^^^^^^^^^^^^\u001b[0m\n\u001b[1m\u001b[96m...\u001b[0m\n\u001b[1m\u001b[96m257\u001b[0m \u001b[1m\u001b[96m|\u001b[0m     pub fn from_string_bytes(strkey: &Bytes) -> Self {\n    \u001b[1m\u001b[96m|\u001b[0m     \u001b[1m\u001b[92m^^^^^^^^^^^^^^^^^^^^^^^^^^^^^^^^^^^^^^^^^^^^^^^^\u001b[0m\n\n"}
{"$message_type":"diagnostic","message":"no function or associated item named `generate` found for struct `soroban_sdk::Address` in the current scope","code":{"code":"E0599","explanation":"This error occurs when a method is used on a type which doesn't implement it:\n\nErroneous code example:\n\n```compile_fail,E0599\nstruct Mouth;\n\nlet x = Mouth;\nx.chocolate(); // error: no method named `chocolate` found for type `Mouth`\n               //        in the current scope\n```\n\nIn this case, you need to implement the `chocolate` method to fix the error:\n\n```\nstruct Mouth;\n\nimpl Mouth {\n    fn chocolate(&self) { // We implement the `chocolate` method here.\n        println!(\"Hmmm! I love chocolate!\");\n    }\n}\n\nlet x = Mouth;\nx.chocolate(); // ok!\n```\n"},"level":"error","spans":[{"file_name":"src\\test.rs","byte_start":8101,"byte_end":8109,"line_start":267,"line_end":267,"column_start":36,"column_end":44,"is_primary":true,"text":[{"text":"    let freelancer_addr = Address::generate(&env);","highlight_start":36,"highlight_end":44}],"label":"function or associated item not found in `soroban_sdk::Address`","suggested_replacement":null,"suggestion_applicability":null,"expansion":null}],"children":[{"message":"if you're trying to build a new `soroban_sdk::Address` consider using one of the following associated functions:\nsoroban_sdk::Address::from_string\nsoroban_sdk::Address::from_string_bytes","code":null,"level":"note","spans":[{"file_name":"C:\\Users\\Computer\\.cargo\\registry\\src\\index.crates.io-1949cf8c6b5b557f\\soroban-sdk-21.7.7\\src\\address.rs","byte_start":7959,"byte_end":8002,"line_start":235,"line_end":235,"column_start":5,"column_end":48,"is_primary":true,"text":[{"text":"    pub fn from_string(strkey: &String) -> Self {","highlight_start":5,"highlight_end":48}],"label":null,"suggested_replacement":null,"suggestion_applicability":null,"expansion":null},{"file_name":"C:\\Users\\Computer\\.cargo\\registry\\src\\index.crates.io-1949cf8c6b5b557f\\soroban-sdk-21.7.7\\src\\address.rs","byte_start":8914,"byte_end":8962,"line_start":257,"line_end":257,"column_start":5,"column_end":53,"is_primary":true,"text":[{"text":"    pub fn from_string_bytes(strkey: &Bytes) -> Self {","highlight_start":5,"highlight_end":53}],"label":null,"suggested_replacement":null,"suggestion_applicability":null,"expansion":null}],"children":[],"rendered":null}],"rendered":"\u001b[1m\u001b[91merror[E0599]\u001b[0m\u001b[1m\u001b[97m: no function or associated item named `generate` found for struct `soroban_sdk::Address` in the current scope\u001b[0m\n   \u001b[1m\u001b[96m--> \u001b[0msrc\\test.rs:267:36\n    \u001b[1m\u001b[96m|\u001b[0m\n\u001b[1m\u001b[96m267\u001b[0m \u001b[1m\u001b[96m|\u001b[0m     let freelancer_addr = Address::generate(&env);\n    \u001b[1m\u001b[96m|\u001b[0m                                    \u001b[1m\u001b[91m^^^^^^^^\u001b[0m \u001b[1m\u001b[91mfunction or associated item not found in `soroban_sdk::Address`\u001b[0m\n    \u001b[1m\u001b[96m|\u001b[0m\n\u001b[1m\u001b[92mnote\u001b[0m: if you're trying to build a new `soroban_sdk::Address` consider using one of the following associated functions:\n      soroban_sdk::Address::from_string\n      soroban_sdk::Address::from_string_bytes\n   \u001b[1m\u001b[96m--> \u001b[0mC:\\Users\\Computer\\.cargo\\registry\\src\\index.crates.io-1949cf8c6b5b557f\\soroban-sdk-21.7.7\\src\\address.rs:235:5\n    \u001b[1m\u001b[96m|\u001b[0m\n\u001b[1m\u001b[96m235\u001b[0m \u001b[1m\u001b[96m|\u001b[0m     pub fn from_string(strkey: &String) -> Self {\n    \u001b[1m\u001b[96m|\u001b[0m     \u001b[1m\u001b[92m^^^^^^^^^^^^^^^^^^^^^^^^^^^^^^^^^^^^^^^^^^^\u001b[0m\n\u001b[1m\u001b[96m...\u001b[0m\n\u001b[1m\u001b[96m257\u001b[0m \u001b[1m\u001b[96m|\u001b[0m     pub fn from_string_bytes(strkey: &Bytes) -> Self {\n    \u001b[1m\u001b[96m|\u001b[0m     \u001b[1m\u001b[92m^^^^^^^^^^^^^^^^^^^^^^^^^^^^^^^^^^^^^^^^^^^^^^^^\u001b[0m\n\n"}
{"$message_type":"diagnostic","message":"no function or associated item named `generate` found for struct `soroban_sdk::Address` in the current scope","code":{"code":"E0599","explanation":"This error occurs when a method is used on a type which doesn't implement it:\n\nErroneous code example:\n\n```compile_fail,E0599\nstruct Mouth;\n\nlet x = Mouth;\nx.chocolate(); // error: no method named `chocolate` found for type `Mouth`\n               //        in the current scope\n```\n\nIn this case, you need to implement the `chocolate` method to fix the error:\n\n```\nstruct Mouth;\n\nimpl Mouth {\n    fn chocolate(&self) { // We implement the `chocolate` method here.\n        println!(\"Hmmm! I love chocolate!\");\n    }\n}\n\nlet x = Mouth;\nx.chocolate(); // ok!\n```\n"},"level":"error","spans":[{"file_name":"src\\test.rs","byte_start":8149,"byte_end":8157,"line_start":268,"line_end":268,"column_start":32,"column_end":40,"is_primary":true,"text":[{"text":"    let token_admin = Address::generate(&env);","highlight_start":32,"highlight_end":40}],"label":"function or associated item not found in `soroban_sdk::Address`","suggested_replacement":null,"suggestion_applicability":null,"expansion":null}],"children":[{"message":"if you're trying to build a new `soroban_sdk::Address` consider using one of the following associated functions:\nsoroban_sdk::Address::from_string\nsoroban_sdk::Address::from_string_bytes","code":null,"level":"note","spans":[{"file_name":"C:\\Users\\Computer\\.cargo\\registry\\src\\index.crates.io-1949cf8c6b5b557f\\soroban-sdk-21.7.7\\src\\address.rs","byte_start":7959,"byte_end":8002,"line_start":235,"line_end":235,"column_start":5,"column_end":48,"is_primary":true,"text":[{"text":"    pub fn from_string(strkey: &String) -> Self {","highlight_start":5,"highlight_end":48}],"label":null,"suggested_replacement":null,"suggestion_applicability":null,"expansion":null},{"file_name":"C:\\Users\\Computer\\.cargo\\registry\\src\\index.crates.io-1949cf8c6b5b557f\\soroban-sdk-21.7.7\\src\\address.rs","byte_start":8914,"byte_end":8962,"line_start":257,"line_end":257,"column_start":5,"column_end":53,"is_primary":true,"text":[{"text":"    pub fn from_string_bytes(strkey: &Bytes) -> Self {","highlight_start":5,"highlight_end":53}],"label":null,"suggested_replacement":null,"suggestion_applicability":null,"expansion":null}],"children":[],"rendered":null}],"rendered":"\u001b[1m\u001b[91merror[E0599]\u001b[0m\u001b[1m\u001b[97m: no function or associated item named `generate` found for struct `soroban_sdk::Address` in the current scope\u001b[0m\n   \u001b[1m\u001b[96m--> \u001b[0msrc\\test.rs:268:32\n    \u001b[1m\u001b[96m|\u001b[0m\n\u001b[1m\u001b[96m268\u001b[0m \u001b[1m\u001b[96m|\u001b[0m     let token_admin = Address::generate(&env);\n    \u001b[1m\u001b[96m|\u001b[0m                                \u001b[1m\u001b[91m^^^^^^^^\u001b[0m \u001b[1m\u001b[91mfunction or associated item not found in `soroban_sdk::Address`\u001b[0m\n    \u001b[1m\u001b[96m|\u001b[0m\n\u001b[1m\u001b[92mnote\u001b[0m: if you're trying to build a new `soroban_sdk::Address` consider using one of the following associated functions:\n      soroban_sdk::Address::from_string\n      soroban_sdk::Address::from_string_bytes\n   \u001b[1m\u001b[96m--> \u001b[0mC:\\Users\\Computer\\.cargo\\registry\\src\\index.crates.io-1949cf8c6b5b557f\\soroban-sdk-21.7.7\\src\\address.rs:235:5\n    \u001b[1m\u001b[96m|\u001b[0m\n\u001b[1m\u001b[96m235\u001b[0m \u001b[1m\u001b[96m|\u001b[0m     pub fn from_string(strkey: &String) -> Self {\n    \u001b[1m\u001b[96m|\u001b[0m     \u001b[1m\u001b[92m^^^^^^^^^^^^^^^^^^^^^^^^^^^^^^^^^^^^^^^^^^^\u001b[0m\n\u001b[1m\u001b[96m...\u001b[0m\n\u001b[1m\u001b[96m257\u001b[0m \u001b[1m\u001b[96m|\u001b[0m     pub fn from_string_bytes(strkey: &Bytes) -> Self {\n    \u001b[1m\u001b[96m|\u001b[0m     \u001b[1m\u001b[92m^^^^^^^^^^^^^^^^^^^^^^^^^^^^^^^^^^^^^^^^^^^^^^^^\u001b[0m\n\n"}
{"$message_type":"diagnostic","message":"mismatched types","code":{"code":"E0308","explanation":"Expected type did not match the received type.\n\nErroneous code examples:\n\n```compile_fail,E0308\nfn plus_one(x: i32) -> i32 {\n    x + 1\n}\n\nplus_one(\"Not a number\");\n//       ^^^^^^^^^^^^^^ expected `i32`, found `&str`\n\nif \"Not a bool\" {\n// ^^^^^^^^^^^^ expected `bool`, found `&str`\n}\n\nlet x: f32 = \"Not a float\";\n//     ---   ^^^^^^^^^^^^^ expected `f32`, found `&str`\n//     |\n//     expected due to this\n```\n\nThis error occurs when an expression was used in a place where the compiler\nexpected an expression of a different type. It can occur in several cases, the\nmost common being when calling a function and passing an argument which has a\ndifferent type than the matching type in the function declaration.\n"},"level":"error","spans":[{"file_name":"src\\test.rs","byte_start":8659,"byte_end":8667,"line_start":287,"line_end":287,"column_start":31,"column_end":39,"is_primary":true,"text":[{"text":"    assert_eq!(cancel_result, Ok(true));","highlight_start":31,"highlight_end":39}],"label":"expected `bool`, found `Result<bool, _>`","suggested_replacement":null,"suggestion_applicability":null,"expansion":null}],"children":[{"message":"expected type `bool`\n   found enum `core::result::Result<bool, _>`","code":null,"level":"note","spans":[],"children":[],"rendered":null}],"rendered":"\u001b[1m\u001b[91merror[E0308]\u001b[0m\u001b[1m\u001b[97m: mismatched types\u001b[0m\n   \u001b[1m\u001b[96m--> \u001b[0msrc\\test.rs:287:31\n    \u001b[1m\u001b[96m|\u001b[0m\n\u001b[1m\u001b[96m287\u001b[0m \u001b[1m\u001b[96m|\u001b[0m     assert_eq!(cancel_result, Ok(true));\n    \u001b[1m\u001b[96m|\u001b[0m                               \u001b[1m\u001b[91m^^^^^^^^\u001b[0m \u001b[1m\u001b[91mexpected `bool`, found `Result<bool, _>`\u001b[0m\n    \u001b[1m\u001b[96m|\u001b[0m\n    \u001b[1m\u001b[96m= \u001b[0m\u001b[1m\u001b[97mnote\u001b[0m: expected type `\u001b[1m\u001b[35mbool\u001b[0m`\n               found enum `\u001b[1m\u001b[35mcore::result::Result<bool, _>\u001b[0m`\n\n"}
{"$message_type":"diagnostic","message":"no method named `unwrap` found for struct `Job` in the current scope","code":{"code":"E0599","explanation":"This error occurs when a method is used on a type which doesn't implement it:\n\nErroneous code example:\n\n```compile_fail,E0599\nstruct Mouth;\n\nlet x = Mouth;\nx.chocolate(); // error: no method named `chocolate` found for type `Mouth`\n               //        in the current scope\n```\n\nIn this case, you need to implement the `chocolate` method to fix the error:\n\n```\nstruct Mouth;\n\nimpl Mouth {\n    fn chocolate(&self) { // We implement the `chocolate` method here.\n        println!(\"Hmmm! I love chocolate!\");\n    }\n}\n\nlet x = Mouth;\nx.chocolate(); // ok!\n```\n"},"level":"error","spans":[{"file_name":"src\\test.rs","byte_start":8735,"byte_end":8741,"line_start":290,"line_end":290,"column_start":39,"column_end":45,"is_primary":true,"text":[{"text":"    let job = client.get_job(&job_id).unwrap();","highlight_start":39,"highlight_end":45}],"label":"method not found in `Job`","suggested_replacement":null,"suggestion_applicability":null,"expansion":null},{"file_name":"src\\lib.rs","byte_start":477,"byte_end":491,"line_start":22,"line_end":22,"column_start":1,"column_end":15,"is_primary":false,"text":[{"text":"pub struct Job {","highlight_start":1,"highlight_end":15}],"label":"method `unwrap` not found for this struct","suggested_replacement":null,"suggestion_applicability":null,"expansion":null}],"children":[],"rendered":"\u001b[1m\u001b[91merror[E0599]\u001b[0m\u001b[1m\u001b[97m: no method named `unwrap` found for struct `Job` in the current scope\u001b[0m\n   \u001b[1m\u001b[96m--> \u001b[0msrc\\test.rs:290:39\n    \u001b[1m\u001b[96m|\u001b[0m\n\u001b[1m\u001b[96m290\u001b[0m \u001b[1m\u001b[96m|\u001b[0m     let job = client.get_job(&job_id).unwrap();\n    \u001b[1m\u001b[96m|\u001b[0m                                       \u001b[1m\u001b[91m^^^^^^\u001b[0m \u001b[1m\u001b[91mmethod not found in `Job`\u001b[0m\n    \u001b[1m\u001b[96m|\u001b[0m\n   \u001b[1m\u001b[96m::: \u001b[0msrc\\lib.rs:22:1\n    \u001b[1m\u001b[96m|\u001b[0m\n \u001b[1m\u001b[96m22\u001b[0m \u001b[1m\u001b[96m|\u001b[0m pub struct Job {\n    \u001b[1m\u001b[96m|\u001b[0m \u001b[1m\u001b[96m--------------\u001b[0m \u001b[1m\u001b[96mmethod `unwrap` not found for this struct\u001b[0m\n\n"}
{"$message_type":"diagnostic","message":"no method named `mock_all_auths` found for struct `Env` in the current scope","code":{"code":"E0599","explanation":"This error occurs when a method is used on a type which doesn't implement it:\n\nErroneous code example:\n\n```compile_fail,E0599\nstruct Mouth;\n\nlet x = Mouth;\nx.chocolate(); // error: no method named `chocolate` found for type `Mouth`\n               //        in the current scope\n```\n\nIn this case, you need to implement the `chocolate` method to fix the error:\n\n```\nstruct Mouth;\n\nimpl Mouth {\n    fn chocolate(&self) { // We implement the `chocolate` method here.\n        println!(\"Hmmm! I love chocolate!\");\n    }\n}\n\nlet x = Mouth;\nx.chocolate(); // ok!\n```\n"},"level":"error","spans":[{"file_name":"src\\test.rs","byte_start":8892,"byte_end":8906,"line_start":298,"line_end":298,"column_start":9,"column_end":23,"is_primary":true,"text":[{"text":"    env.mock_all_auths();","highlight_start":9,"highlight_end":23}],"label":"method not found in `Env`","suggested_replacement":null,"suggestion_applicability":null,"expansion":null}],"children":[],"rendered":"\u001b[1m\u001b[91merror[E0599]\u001b[0m\u001b[1m\u001b[97m: no method named `mock_all_auths` found for struct `Env` in the current scope\u001b[0m\n   \u001b[1m\u001b[96m--> \u001b[0msrc\\test.rs:298:9\n    \u001b[1m\u001b[96m|\u001b[0m\n\u001b[1m\u001b[96m298\u001b[0m \u001b[1m\u001b[96m|\u001b[0m     env.mock_all_auths();\n    \u001b[1m\u001b[96m|\u001b[0m         \u001b[1m\u001b[91m^^^^^^^^^^^^^^\u001b[0m \u001b[1m\u001b[91mmethod not found in `Env`\u001b[0m\n\n"}
{"$message_type":"diagnostic","message":"no method named `register_contract` found for struct `Env` in the current scope","code":{"code":"E0599","explanation":"This error occurs when a method is used on a type which doesn't implement it:\n\nErroneous code example:\n\n```compile_fail,E0599\nstruct Mouth;\n\nlet x = Mouth;\nx.chocolate(); // error: no method named `chocolate` found for type `Mouth`\n               //        in the current scope\n```\n\nIn this case, you need to implement the `chocolate` method to fix the error:\n\n```\nstruct Mouth;\n\nimpl Mouth {\n    fn chocolate(&self) { // We implement the `chocolate` method here.\n        println!(\"Hmmm! I love chocolate!\");\n    }\n}\n\nlet x = Mouth;\nx.chocolate(); // ok!\n```\n"},"level":"error","spans":[{"file_name":"src\\test.rs","byte_start":8939,"byte_end":8956,"line_start":300,"line_end":300,"column_start":27,"column_end":44,"is_primary":true,"text":[{"text":"    let contract_id = env.register_contract(None, EscrowContract);","highlight_start":27,"highlight_end":44}],"label":null,"suggested_replacement":null,"suggestion_applicability":null,"expansion":null}],"children":[{"message":"there is a method `create_contract` with a similar name, but with different arguments","code":null,"level":"help","spans":[{"file_name":"C:\\Users\\Computer\\.cargo\\registry\\src\\index.crates.io-1949cf8c6b5b557f\\soroban-env-common-21.2.1\\src\\env.rs","byte_start":15110,"byte_end":15173,"line_start":346,"line_end":346,"column_start":9,"column_end":72,"is_primary":true,"text":[{"text":"        fn $fn_id(&self, $($arg:$type),*) -> Result<$ret, Self::Error>;","highlight_start":9,"highlight_end":72}],"label":null,"suggested_replacement":null,"suggestion_applicability":null,"expansion":{"span":{"file_name":"C:\\Users\\Computer\\.cargo\\registry\\src\\index.crates.io-1949cf8c6b5b557f\\soroban-env-common-21.2.1\\src\\env.rs","byte_start":17619,"byte_end":17713,"line_start":399,"line_end":399,"column_start":21,"column_end":115,"is_primary":false,"text":[{"text":"                    host_function_helper!{$($min_proto)?, $($max_proto)?, $(#[$fn_attr])* fn $fn_id $args -> $ret}","highlight_start":21,"highlight_end":115}],"label":null,"suggested_replacement":null,"suggestion_applicability":null,"expansion":{"span":{"file_name":"C:\\Users\\Computer\\.cargo\\registry\\src\\index.crates.io-1949cf8c6b5b557f\\soroban-env-common-21.2.1\\src\\env.rs","byte_start":14383,"byte_end":14439,"line_start":325,"line_end":325,"column_start":1,"column_end":57,"is_primary":false,"text":[{"text":"generate_call_macro_with_all_host_functions!(\"env.json\");","highlight_start":1,"highlight_end":57}],"label":null,"suggested_replacement":null,"suggestion_applicability":null,"expansion":{"span":{"file_name":"C:\\Users\\Computer\\.cargo\\registry\\src\\index.crates.io-1949cf8c6b5b557f\\soroban-env-common-21.2.1\\src\\env.rs","byte_start":17848,"byte_end":17906,"line_start":407,"line_end":407,"column_start":1,"column_end":59,"is_primary":false,"text":[{"text":"call_macro_with_all_host_functions! { generate_env_trait }","highlight_start":1,"highlight_end":59}],"label":null,"suggested_replacement":null,"suggestion_applicability":null,"expansion":null},"macro_decl_name":"call_macro_with_all_host_functions!","def_site_span":{"file_name":"C:\\Users\\Computer\\.cargo\\registry\\src\\index.crates.io-1949cf8c6b5b557f\\soroban-env-common-21.2.1\\src\\env.rs","byte_start":14383,"byte_end":14439,"line_start":325,"line_end":325,"column_start":1,"column_end":57,"is_primary":false,"text":[{"text":"generate_call_macro_with_all_host_functions!(\"env.json\");","highlight_start":1,"highlight_end":57}],"label":null,"suggested_replacement":null,"suggestion_applicability":null,"expansion":null}}},"macro_decl_name":"generate_env_trait!","def_site_span":{"file_name":"C:\\Users\\Computer\\.cargo\\registry\\src\\index.crates.io-1949cf8c6b5b557f\\soroban-env-common-21.2.1\\src\\env.rs","byte_start":15426,"byte_end":15457,"line_start":354,"line_end":354,"column_start":1,"column_end":32,"is_primary":false,"text":[{"text":"macro_rules! generate_env_trait {","highlight_start":1,"highlight_end":32}],"label":null,"suggested_replacement":null,"suggestion_applicability":null,"expansion":null}}},"macro_decl_name":"host_function_helper!","def_site_span":{"file_name":"C:\\Users\\Computer\\.cargo\\registry\\src\\index.crates.io-1949cf8c6b5b557f\\soroban-env-common-21.2.1\\src\\env.rs","byte_start":14882,"byte_end":14915,"line_start":338,"line_end":338,"column_start":1,"column_end":34,"is_primary":false,"text":[{"text":"macro_rules! host_function_helper {","highlight_start":1,"highlight_end":34}],"label":null,"suggested_replacement":null,"suggestion_applicability":null,"expansion":null}}}],"children":[],"rendered":null}],"rendered":"\u001b[1m\u001b[91merror[E0599]\u001b[0m\u001b[1m\u001b[97m: no method named `register_contract` found for struct `Env` in the current scope\u001b[0m\n   \u001b[1m\u001b[96m--> \u001b[0msrc\\test.rs:300:27\n    \u001b[1m\u001b[96m|\u001b[0m\n\u001b[1m\u001b[96m300\u001b[0m \u001b[1m\u001b[96m|\u001b[0m     let contract_id = env.register_contract(None, EscrowContract);\n    \u001b[1m\u001b[96m|\u001b[0m                           \u001b[1m\u001b[91m^^^^^^^^^^^^^^^^^\u001b[0m\n    \u001b[1m\u001b[96m|\u001b[0m\n\u001b[1m\u001b[96mhelp\u001b[0m: there is a method `create_contract` with a similar name, but with different arguments\n   \u001b[1m\u001b[96m--> \u001b[0mC:\\Users\\Computer\\.cargo\\registry\\src\\index.crates.io-1949cf8c6b5b557f\\soroban-env-common-21.2.1\\src\\env.rs:407:1\n    \u001b[1m\u001b[96m|\u001b[0m\n\u001b[1m\u001b[96m407\u001b[0m \u001b[1m\u001b[96m|\u001b[0m call_macro_with_all_host_functions! { generate_env_trait }\n    \u001b[1m\u001b[96m|\u001b[0m \u001b[1m\u001b[96m^^^^^^^^^^^^^^^^^^^^^^^^^^^^^^^^^^^^^^^^^^^^^^^^^^^^^^^^^^\u001b[0m\n    \u001b[1m\u001b[96m= \u001b[0m\u001b[1m\u001b[97mnote\u001b[0m: this error originates in the macro `host_function_helper` which comes from the expansion of the macro `call_macro_with_all_host_functions` (in Nightly builds, run with -Z macro-backtrace for more info)\n\n"}
{"$message_type":"diagnostic","message":"no function or associated item named `generate` found for struct `soroban_sdk::Address` in the current scope","code":{"code":"E0599","explanation":"This error occurs when a method is used on a type which doesn't implement it:\n\nErroneous code example:\n\n```compile_fail,E0599\nstruct Mouth;\n\nlet x = Mouth;\nx.chocolate(); // error: no method named `chocolate` found for type `Mouth`\n               //        in the current scope\n```\n\nIn this case, you need to implement the `chocolate` method to fix the error:\n\n```\nstruct Mouth;\n\nimpl Mouth {\n    fn chocolate(&self) { // We implement the `chocolate` method here.\n        println!(\"Hmmm! I love chocolate!\");\n    }\n}\n\nlet x = Mouth;\nx.chocolate(); // ok!\n```\n"},"level":"error","spans":[{"file_name":"src\\test.rs","byte_start":9079,"byte_end":9087,"line_start":303,"line_end":303,"column_start":32,"column_end":40,"is_primary":true,"text":[{"text":"    let client_addr = Address::generate(&env);","highlight_start":32,"highlight_end":40}],"label":"function or associated item not found in `soroban_sdk::Address`","suggested_replacement":null,"suggestion_applicability":null,"expansion":null}],"children":[{"message":"if you're trying to build a new `soroban_sdk::Address` consider using one of the following associated functions:\nsoroban_sdk::Address::from_string\nsoroban_sdk::Address::from_string_bytes","code":null,"level":"note","spans":[{"file_name":"C:\\Users\\Computer\\.cargo\\registry\\src\\index.crates.io-1949cf8c6b5b557f\\soroban-sdk-21.7.7\\src\\address.rs","byte_start":7959,"byte_end":8002,"line_start":235,"line_end":235,"column_start":5,"column_end":48,"is_primary":true,"text":[{"text":"    pub fn from_string(strkey: &String) -> Self {","highlight_start":5,"highlight_end":48}],"label":null,"suggested_replacement":null,"suggestion_applicability":null,"expansion":null},{"file_name":"C:\\Users\\Computer\\.cargo\\registry\\src\\index.crates.io-1949cf8c6b5b557f\\soroban-sdk-21.7.7\\src\\address.rs","byte_start":8914,"byte_end":8962,"line_start":257,"line_end":257,"column_start":5,"column_end":53,"is_primary":true,"text":[{"text":"    pub fn from_string_bytes(strkey: &Bytes) -> Self {","highlight_start":5,"highlight_end":53}],"label":null,"suggested_replacement":null,"suggestion_applicability":null,"expansion":null}],"children":[],"rendered":null}],"rendered":"\u001b[1m\u001b[91merror[E0599]\u001b[0m\u001b[1m\u001b[97m: no function or associated item named `generate` found for struct `soroban_sdk::Address` in the current scope\u001b[0m\n   \u001b[1m\u001b[96m--> \u001b[0msrc\\test.rs:303:32\n    \u001b[1m\u001b[96m|\u001b[0m\n\u001b[1m\u001b[96m303\u001b[0m \u001b[1m\u001b[96m|\u001b[0m     let client_addr = Address::generate(&env);\n    \u001b[1m\u001b[96m|\u001b[0m                                \u001b[1m\u001b[91m^^^^^^^^\u001b[0m \u001b[1m\u001b[91mfunction or associated item not found in `soroban_sdk::Address`\u001b[0m\n    \u001b[1m\u001b[96m|\u001b[0m\n\u001b[1m\u001b[92mnote\u001b[0m: if you're trying to build a new `soroban_sdk::Address` consider using one of the following associated functions:\n      soroban_sdk::Address::from_string\n      soroban_sdk::Address::from_string_bytes\n   \u001b[1m\u001b[96m--> \u001b[0mC:\\Users\\Computer\\.cargo\\registry\\src\\index.crates.io-1949cf8c6b5b557f\\soroban-sdk-21.7.7\\src\\address.rs:235:5\n    \u001b[1m\u001b[96m|\u001b[0m\n\u001b[1m\u001b[96m235\u001b[0m \u001b[1m\u001b[96m|\u001b[0m     pub fn from_string(strkey: &String) -> Self {\n    \u001b[1m\u001b[96m|\u001b[0m     \u001b[1m\u001b[92m^^^^^^^^^^^^^^^^^^^^^^^^^^^^^^^^^^^^^^^^^^^\u001b[0m\n\u001b[1m\u001b[96m...\u001b[0m\n\u001b[1m\u001b[96m257\u001b[0m \u001b[1m\u001b[96m|\u001b[0m     pub fn from_string_bytes(strkey: &Bytes) -> Self {\n    \u001b[1m\u001b[96m|\u001b[0m     \u001b[1m\u001b[92m^^^^^^^^^^^^^^^^^^^^^^^^^^^^^^^^^^^^^^^^^^^^^^^^\u001b[0m\n\n"}
{"$message_type":"diagnostic","message":"no function or associated item named `generate` found for struct `soroban_sdk::Address` in the current scope","code":{"code":"E0599","explanation":"This error occurs when a method is used on a type which doesn't implement it:\n\nErroneous code example:\n\n```compile_fail,E0599\nstruct Mouth;\n\nlet x = Mouth;\nx.chocolate(); // error: no method named `chocolate` found for type `Mouth`\n               //        in the current scope\n```\n\nIn this case, you need to implement the `chocolate` method to fix the error:\n\n```\nstruct Mouth;\n\nimpl Mouth {\n    fn chocolate(&self) { // We implement the `chocolate` method here.\n        println!(\"Hmmm! I love chocolate!\");\n    }\n}\n\nlet x = Mouth;\nx.chocolate(); // ok!\n```\n"},"level":"error","spans":[{"file_name":"src\\test.rs","byte_start":9131,"byte_end":9139,"line_start":304,"line_end":304,"column_start":36,"column_end":44,"is_primary":true,"text":[{"text":"    let freelancer_addr = Address::generate(&env);","highlight_start":36,"highlight_end":44}],"label":"function or associated item not found in `soroban_sdk::Address`","suggested_replacement":null,"suggestion_applicability":null,"expansion":null}],"children":[{"message":"if you're trying to build a new `soroban_sdk::Address` consider using one of the following associated functions:\nsoroban_sdk::Address::from_string\nsoroban_sdk::Address::from_string_bytes","code":null,"level":"note","spans":[{"file_name":"C:\\Users\\Computer\\.cargo\\registry\\src\\index.crates.io-1949cf8c6b5b557f\\soroban-sdk-21.7.7\\src\\address.rs","byte_start":7959,"byte_end":8002,"line_start":235,"line_end":235,"column_start":5,"column_end":48,"is_primary":true,"text":[{"text":"    pub fn from_string(strkey: &String) -> Self {","highlight_start":5,"highlight_end":48}],"label":null,"suggested_replacement":null,"suggestion_applicability":null,"expansion":null},{"file_name":"C:\\Users\\Computer\\.cargo\\registry\\src\\index.crates.io-1949cf8c6b5b557f\\soroban-sdk-21.7.7\\src\\address.rs","byte_start":8914,"byte_end":8962,"line_start":257,"line_end":257,"column_start":5,"column_end":53,"is_primary":true,"text":[{"text":"    pub fn from_string_bytes(strkey: &Bytes) -> Self {","highlight_start":5,"highlight_end":53}],"label":null,"suggested_replacement":null,"suggestion_applicability":null,"expansion":null}],"children":[],"rendered":null}],"rendered":"\u001b[1m\u001b[91merror[E0599]\u001b[0m\u001b[1m\u001b[97m: no function or associated item named `generate` found for struct `soroban_sdk::Address` in the current scope\u001b[0m\n   \u001b[1m\u001b[96m--> \u001b[0msrc\\test.rs:304:36\n    \u001b[1m\u001b[96m|\u001b[0m\n\u001b[1m\u001b[96m304\u001b[0m \u001b[1m\u001b[96m|\u001b[0m     let freelancer_addr = Address::generate(&env);\n    \u001b[1m\u001b[96m|\u001b[0m                                    \u001b[1m\u001b[91m^^^^^^^^\u001b[0m \u001b[1m\u001b[91mfunction or associated item not found in `soroban_sdk::Address`\u001b[0m\n    \u001b[1m\u001b[96m|\u001b[0m\n\u001b[1m\u001b[92mnote\u001b[0m: if you're trying to build a new `soroban_sdk::Address` consider using one of the following associated functions:\n      soroban_sdk::Address::from_string\n      soroban_sdk::Address::from_string_bytes\n   \u001b[1m\u001b[96m--> \u001b[0mC:\\Users\\Computer\\.cargo\\registry\\src\\index.crates.io-1949cf8c6b5b557f\\soroban-sdk-21.7.7\\src\\address.rs:235:5\n    \u001b[1m\u001b[96m|\u001b[0m\n\u001b[1m\u001b[96m235\u001b[0m \u001b[1m\u001b[96m|\u001b[0m     pub fn from_string(strkey: &String) -> Self {\n    \u001b[1m\u001b[96m|\u001b[0m     \u001b[1m\u001b[92m^^^^^^^^^^^^^^^^^^^^^^^^^^^^^^^^^^^^^^^^^^^\u001b[0m\n\u001b[1m\u001b[96m...\u001b[0m\n\u001b[1m\u001b[96m257\u001b[0m \u001b[1m\u001b[96m|\u001b[0m     pub fn from_string_bytes(strkey: &Bytes) -> Self {\n    \u001b[1m\u001b[96m|\u001b[0m     \u001b[1m\u001b[92m^^^^^^^^^^^^^^^^^^^^^^^^^^^^^^^^^^^^^^^^^^^^^^^^\u001b[0m\n\n"}
{"$message_type":"diagnostic","message":"no function or associated item named `generate` found for struct `soroban_sdk::Address` in the current scope","code":{"code":"E0599","explanation":"This error occurs when a method is used on a type which doesn't implement it:\n\nErroneous code example:\n\n```compile_fail,E0599\nstruct Mouth;\n\nlet x = Mouth;\nx.chocolate(); // error: no method named `chocolate` found for type `Mouth`\n               //        in the current scope\n```\n\nIn this case, you need to implement the `chocolate` method to fix the error:\n\n```\nstruct Mouth;\n\nimpl Mouth {\n    fn chocolate(&self) { // We implement the `chocolate` method here.\n        println!(\"Hmmm! I love chocolate!\");\n    }\n}\n\nlet x = Mouth;\nx.chocolate(); // ok!\n```\n"},"level":"error","spans":[{"file_name":"src\\test.rs","byte_start":9179,"byte_end":9187,"line_start":305,"line_end":305,"column_start":32,"column_end":40,"is_primary":true,"text":[{"text":"    let token_admin = Address::generate(&env);","highlight_start":32,"highlight_end":40}],"label":"function or associated item not found in `soroban_sdk::Address`","suggested_replacement":null,"suggestion_applicability":null,"expansion":null}],"children":[{"message":"if you're trying to build a new `soroban_sdk::Address` consider using one of the following associated functions:\nsoroban_sdk::Address::from_string\nsoroban_sdk::Address::from_string_bytes","code":null,"level":"note","spans":[{"file_name":"C:\\Users\\Computer\\.cargo\\registry\\src\\index.crates.io-1949cf8c6b5b557f\\soroban-sdk-21.7.7\\src\\address.rs","byte_start":7959,"byte_end":8002,"line_start":235,"line_end":235,"column_start":5,"column_end":48,"is_primary":true,"text":[{"text":"    pub fn from_string(strkey: &String) -> Self {","highlight_start":5,"highlight_end":48}],"label":null,"suggested_replacement":null,"suggestion_applicability":null,"expansion":null},{"file_name":"C:\\Users\\Computer\\.cargo\\registry\\src\\index.crates.io-1949cf8c6b5b557f\\soroban-sdk-21.7.7\\src\\address.rs","byte_start":8914,"byte_end":8962,"line_start":257,"line_end":257,"column_start":5,"column_end":53,"is_primary":true,"text":[{"text":"    pub fn from_string_bytes(strkey: &Bytes) -> Self {","highlight_start":5,"highlight_end":53}],"label":null,"suggested_replacement":null,"suggestion_applicability":null,"expansion":null}],"children":[],"rendered":null}],"rendered":"\u001b[1m\u001b[91merror[E0599]\u001b[0m\u001b[1m\u001b[97m: no function or associated item named `generate` found for struct `soroban_sdk::Address` in the current scope\u001b[0m\n   \u001b[1m\u001b[96m--> \u001b[0msrc\\test.rs:305:32\n    \u001b[1m\u001b[96m|\u001b[0m\n\u001b[1m\u001b[96m305\u001b[0m \u001b[1m\u001b[96m|\u001b[0m     let token_admin = Address::generate(&env);\n    \u001b[1m\u001b[96m|\u001b[0m                                \u001b[1m\u001b[91m^^^^^^^^\u001b[0m \u001b[1m\u001b[91mfunction or associated item not found in `soroban_sdk::Address`\u001b[0m\n    \u001b[1m\u001b[96m|\u001b[0m\n\u001b[1m\u001b[92mnote\u001b[0m: if you're trying to build a new `soroban_sdk::Address` consider using one of the following associated functions:\n      soroban_sdk::Address::from_string\n      soroban_sdk::Address::from_string_bytes\n   \u001b[1m\u001b[96m--> \u001b[0mC:\\Users\\Computer\\.cargo\\registry\\src\\index.crates.io-1949cf8c6b5b557f\\soroban-sdk-21.7.7\\src\\address.rs:235:5\n    \u001b[1m\u001b[96m|\u001b[0m\n\u001b[1m\u001b[96m235\u001b[0m \u001b[1m\u001b[96m|\u001b[0m     pub fn from_string(strkey: &String) -> Self {\n    \u001b[1m\u001b[96m|\u001b[0m     \u001b[1m\u001b[92m^^^^^^^^^^^^^^^^^^^^^^^^^^^^^^^^^^^^^^^^^^^\u001b[0m\n\u001b[1m\u001b[96m...\u001b[0m\n\u001b[1m\u001b[96m257\u001b[0m \u001b[1m\u001b[96m|\u001b[0m     pub fn from_string_bytes(strkey: &Bytes) -> Self {\n    \u001b[1m\u001b[96m|\u001b[0m     \u001b[1m\u001b[92m^^^^^^^^^^^^^^^^^^^^^^^^^^^^^^^^^^^^^^^^^^^^^^^^\u001b[0m\n\n"}
{"$message_type":"diagnostic","message":"no method named `mint` found for struct `Client<'a>` in the current scope","code":{"code":"E0599","explanation":"This error occurs when a method is used on a type which doesn't implement it:\n\nErroneous code example:\n\n```compile_fail,E0599\nstruct Mouth;\n\nlet x = Mouth;\nx.chocolate(); // error: no method named `chocolate` found for type `Mouth`\n               //        in the current scope\n```\n\nIn this case, you need to implement the `chocolate` method to fix the error:\n\n```\nstruct Mouth;\n\nimpl Mouth {\n    fn chocolate(&self) { // We implement the `chocolate` method here.\n        println!(\"Hmmm! I love chocolate!\");\n    }\n}\n\nlet x = Mouth;\nx.chocolate(); // ok!\n```\n"},"level":"error","spans":[{"file_name":"src\\test.rs","byte_start":9285,"byte_end":9289,"line_start":308,"line_end":308,"column_start":11,"column_end":15,"is_primary":true,"text":[{"text":"    token.mint(&client_addr, &20000);","highlight_start":11,"highlight_end":15}],"label":"method not found in `Client<'_>`","suggested_replacement":null,"suggestion_applicability":null,"expansion":null}],"children":[],"rendered":"\u001b[1m\u001b[91merror[E0599]\u001b[0m\u001b[1m\u001b[97m: no method named `mint` found for struct `Client<'a>` in the current scope\u001b[0m\n   \u001b[1m\u001b[96m--> \u001b[0msrc\\test.rs:308:11\n    \u001b[1m\u001b[96m|\u001b[0m\n\u001b[1m\u001b[96m308\u001b[0m \u001b[1m\u001b[96m|\u001b[0m     token.mint(&client_addr, &20000);\n    \u001b[1m\u001b[96m|\u001b[0m           \u001b[1m\u001b[91m^^^^\u001b[0m \u001b[1m\u001b[91mmethod not found in `Client<'_>`\u001b[0m\n\n"}
{"$message_type":"diagnostic","message":"aborting due to 57 previous errors; 1 warning emitted","code":null,"level":"error","spans":[],"children":[],"rendered":"\u001b[1m\u001b[91merror\u001b[0m\u001b[1m\u001b[97m: aborting due to 57 previous errors; 1 warning emitted\u001b[0m\n\n"}
{"$message_type":"diagnostic","message":"Some errors have detailed explanations: E0308, E0432, E0599.","code":null,"level":"failure-note","spans":[],"children":[],"rendered":"\u001b[1m\u001b[97mSome errors have detailed explanations: E0308, E0432, E0599.\u001b[0m\n"}
{"$message_type":"diagnostic","message":"For more information about an error, try `rustc --explain E0308`.","code":null,"level":"failure-note","spans":[],"children":[],"rendered":"\u001b[1m\u001b[97mFor more information about an error, try `rustc --explain E0308`.\u001b[0m\n"}
